{"/home/ec2-user/DevOps_ProyectoFinal/frontend/src/App.jsx": {"path":"/home/ec2-user/DevOps_ProyectoFinal/frontend/src/App.jsx","statementMap":{"0":{"start":{"line":8,"column":26},"end":{"line":8,"column":40}},"1":{"start":{"line":10,"column":2},"end":{"line":20,"column":9}},"2":{"start":{"line":11,"column":22},"end":{"line":11,"column":50}},"3":{"start":{"line":12,"column":4},"end":{"line":19,"column":5}},"4":{"start":{"line":13,"column":6},"end":{"line":18,"column":7}},"5":{"start":{"line":14,"column":8},"end":{"line":14,"column":39}},"6":{"start":{"line":16,"column":8},"end":{"line":16,"column":57}},"7":{"start":{"line":17,"column":8},"end":{"line":17,"column":40}},"8":{"start":{"line":22,"column":29},"end":{"line":24,"column":3}},"9":{"start":{"line":23,"column":4},"end":{"line":23,"column":22}},"10":{"start":{"line":26,"column":23},"end":{"line":29,"column":3}},"11":{"start":{"line":27,"column":4},"end":{"line":27,"column":18}},"12":{"start":{"line":28,"column":4},"end":{"line":28,"column":36}},"13":{"start":{"line":31,"column":26},"end":{"line":44,"column":3}},"14":{"start":{"line":32,"column":4},"end":{"line":32,"column":68}},"15":{"start":{"line":32,"column":15},"end":{"line":32,"column":68}},"16":{"start":{"line":34,"column":4},"end":{"line":43,"column":5}},"17":{"start":{"line":36,"column":8},"end":{"line":36,"column":70}},"18":{"start":{"line":38,"column":8},"end":{"line":38,"column":70}},"19":{"start":{"line":40,"column":8},"end":{"line":40,"column":71}},"20":{"start":{"line":42,"column":8},"end":{"line":42,"column":61}},"21":{"start":{"line":46,"column":2},"end":{"line":50,"column":4}}},"fnMap":{"0":{"name":"App","decl":{"start":{"line":7,"column":9},"end":{"line":7,"column":12}},"loc":{"start":{"line":7,"column":15},"end":{"line":51,"column":1}},"line":7},"1":{"name":"(anonymous_1)","decl":{"start":{"line":10,"column":12},"end":{"line":10,"column":13}},"loc":{"start":{"line":10,"column":18},"end":{"line":20,"column":3}},"line":10},"2":{"name":"(anonymous_2)","decl":{"start":{"line":22,"column":29},"end":{"line":22,"column":30}},"loc":{"start":{"line":22,"column":43},"end":{"line":24,"column":3}},"line":22},"3":{"name":"(anonymous_3)","decl":{"start":{"line":26,"column":23},"end":{"line":26,"column":24}},"loc":{"start":{"line":26,"column":29},"end":{"line":29,"column":3}},"line":26},"4":{"name":"(anonymous_4)","decl":{"start":{"line":31,"column":26},"end":{"line":31,"column":27}},"loc":{"start":{"line":31,"column":32},"end":{"line":44,"column":3}},"line":31}},"branchMap":{"0":{"loc":{"start":{"line":12,"column":4},"end":{"line":19,"column":5}},"type":"if","locations":[{"start":{"line":12,"column":4},"end":{"line":19,"column":5}},{"start":{},"end":{}}],"line":12},"1":{"loc":{"start":{"line":32,"column":4},"end":{"line":32,"column":68}},"type":"if","locations":[{"start":{"line":32,"column":4},"end":{"line":32,"column":68}},{"start":{},"end":{}}],"line":32},"2":{"loc":{"start":{"line":34,"column":4},"end":{"line":43,"column":5}},"type":"switch","locations":[{"start":{"line":35,"column":6},"end":{"line":36,"column":70}},{"start":{"line":37,"column":6},"end":{"line":38,"column":70}},{"start":{"line":39,"column":6},"end":{"line":40,"column":71}},{"start":{"line":41,"column":6},"end":{"line":42,"column":61}}],"line":34}},"s":{"0":0,"1":0,"2":0,"3":0,"4":0,"5":0,"6":0,"7":0,"8":0,"9":0,"10":0,"11":0,"12":0,"13":0,"14":0,"15":0,"16":0,"17":0,"18":0,"19":0,"20":0,"21":0},"f":{"0":0,"1":0,"2":0,"3":0,"4":0},"b":{"0":[0,0],"1":[0,0],"2":[0,0,0,0]}}
,"/home/ec2-user/DevOps_ProyectoFinal/frontend/src/components/GoogleLoginButton.jsx": {"path":"/home/ec2-user/DevOps_ProyectoFinal/frontend/src/components/GoogleLoginButton.jsx","statementMap":{"0":{"start":{"line":8,"column":26},"end":{"line":55,"column":1}},"1":{"start":{"line":9,"column":20},"end":{"line":9,"column":32}},"2":{"start":{"line":11,"column":2},"end":{"line":37,"column":9}},"3":{"start":{"line":12,"column":4},"end":{"line":15,"column":5}},"4":{"start":{"line":13,"column":6},"end":{"line":13,"column":70}},"5":{"start":{"line":14,"column":6},"end":{"line":14,"column":13}},"6":{"start":{"line":17,"column":4},"end":{"line":24,"column":5}},"7":{"start":{"line":22,"column":6},"end":{"line":22,"column":67}},"8":{"start":{"line":23,"column":6},"end":{"line":23,"column":13}},"9":{"start":{"line":26,"column":4},"end":{"line":29,"column":7}},"10":{"start":{"line":31,"column":4},"end":{"line":36,"column":7}},"11":{"start":{"line":39,"column":35},"end":{"line":52,"column":3}},"12":{"start":{"line":40,"column":4},"end":{"line":51,"column":5}},"13":{"start":{"line":41,"column":18},"end":{"line":43,"column":8}},"14":{"start":{"line":45,"column":6},"end":{"line":47,"column":7}},"15":{"start":{"line":46,"column":8},"end":{"line":46,"column":28}},"16":{"start":{"line":49,"column":6},"end":{"line":49,"column":57}},"17":{"start":{"line":50,"column":6},"end":{"line":50,"column":50}},"18":{"start":{"line":54,"column":2},"end":{"line":54,"column":37}},"19":{"start":{"line":57,"column":0},"end":{"line":59,"column":2}}},"fnMap":{"0":{"name":"(anonymous_0)","decl":{"start":{"line":8,"column":26},"end":{"line":8,"column":27}},"loc":{"start":{"line":8,"column":45},"end":{"line":55,"column":1}},"line":8},"1":{"name":"(anonymous_1)","decl":{"start":{"line":11,"column":12},"end":{"line":11,"column":13}},"loc":{"start":{"line":11,"column":18},"end":{"line":37,"column":3}},"line":11},"2":{"name":"(anonymous_2)","decl":{"start":{"line":39,"column":35},"end":{"line":39,"column":36}},"loc":{"start":{"line":39,"column":55},"end":{"line":52,"column":3}},"line":39}},"branchMap":{"0":{"loc":{"start":{"line":12,"column":4},"end":{"line":15,"column":5}},"type":"if","locations":[{"start":{"line":12,"column":4},"end":{"line":15,"column":5}},{"start":{},"end":{}}],"line":12},"1":{"loc":{"start":{"line":17,"column":4},"end":{"line":24,"column":5}},"type":"if","locations":[{"start":{"line":17,"column":4},"end":{"line":24,"column":5}},{"start":{},"end":{}}],"line":17},"2":{"loc":{"start":{"line":18,"column":6},"end":{"line":20,"column":32}},"type":"binary-expr","locations":[{"start":{"line":18,"column":6},"end":{"line":18,"column":20}},{"start":{"line":19,"column":6},"end":{"line":19,"column":29}},{"start":{"line":20,"column":6},"end":{"line":20,"column":32}}],"line":18},"3":{"loc":{"start":{"line":45,"column":6},"end":{"line":47,"column":7}},"type":"if","locations":[{"start":{"line":45,"column":6},"end":{"line":47,"column":7}},{"start":{},"end":{}}],"line":45}},"s":{"0":1,"1":5,"2":5,"3":5,"4":0,"5":0,"6":5,"7":5,"8":5,"9":0,"10":0,"11":5,"12":0,"13":0,"14":0,"15":0,"16":0,"17":0,"18":5,"19":1},"f":{"0":5,"1":5,"2":0},"b":{"0":[0,5],"1":[5,0],"2":[5,0,0],"3":[0,0]},"_coverageSchema":"1a1c01bbd47fc00a2c39e90264f33305004495a9","hash":"bf8671f3b9431c4255f33ff4936aac30223ba871"}
,"/home/ec2-user/DevOps_ProyectoFinal/frontend/src/config/api.js": {"path":"/home/ec2-user/DevOps_ProyectoFinal/frontend/src/config/api.js","statementMap":{"0":{"start":{"line":3,"column":16},"end":{"line":3,"column":56}}},"fnMap":{},"branchMap":{},"s":{"0":0},"f":{},"b":{}}
,"/home/ec2-user/DevOps_ProyectoFinal/frontend/src/config/google.js": {"path":"/home/ec2-user/DevOps_ProyectoFinal/frontend/src/config/google.js","statementMap":{"0":{"start":{"line":4,"column":2},"end":{"line":4,"column":76}}},"fnMap":{},"branchMap":{},"s":{"0":1},"f":{},"b":{},"_coverageSchema":"1a1c01bbd47fc00a2c39e90264f33305004495a9","hash":"3cf6e8f58dba978211eaf45e30f7386aba860f3d"}
,"/home/ec2-user/DevOps_ProyectoFinal/frontend/src/pages/DashboardAdmin.jsx": {"path":"/home/ec2-user/DevOps_ProyectoFinal/frontend/src/pages/DashboardAdmin.jsx","statementMap":{"0":{"start":{"line":6,"column":46},"end":{"line":6,"column":64}},"1":{"start":{"line":7,"column":40},"end":{"line":7,"column":54}},"2":{"start":{"line":8,"column":40},"end":{"line":8,"column":54}},"3":{"start":{"line":10,"column":2},"end":{"line":12,"column":9}},"4":{"start":{"line":11,"column":4},"end":{"line":11,"column":50}},"5":{"start":{"line":11,"column":21},"end":{"line":11,"column":42}},"6":{"start":{"line":14,"column":23},"end":{"line":19,"column":3}},"7":{"start":{"line":15,"column":4},"end":{"line":15,"column":36}},"8":{"start":{"line":16,"column":4},"end":{"line":18,"column":5}},"9":{"start":{"line":17,"column":6},"end":{"line":17,"column":17}},"10":{"start":{"line":21,"column":22},"end":{"line":26,"column":3}},"11":{"start":{"line":22,"column":17},"end":{"line":22,"column":38}},"12":{"start":{"line":23,"column":4},"end":{"line":23,"column":40}},"13":{"start":{"line":23,"column":19},"end":{"line":23,"column":40}},"14":{"start":{"line":24,"column":4},"end":{"line":24,"column":42}},"15":{"start":{"line":24,"column":19},"end":{"line":24,"column":42}},"16":{"start":{"line":25,"column":4},"end":{"line":25,"column":27}},"17":{"start":{"line":28,"column":2},"end":{"line":372,"column":4}},"18":{"start":{"line":54,"column":27},"end":{"line":54,"column":55}},"19":{"start":{"line":63,"column":27},"end":{"line":63,"column":54}},"20":{"start":{"line":72,"column":27},"end":{"line":72,"column":56}},"21":{"start":{"line":81,"column":27},"end":{"line":81,"column":55}},"22":{"start":{"line":90,"column":27},"end":{"line":90,"column":55}},"23":{"start":{"line":99,"column":27},"end":{"line":99,"column":60}},"24":{"start":{"line":108,"column":27},"end":{"line":108,"column":62}},"25":{"start":{"line":117,"column":27},"end":{"line":117,"column":56}},"26":{"start":{"line":126,"column":27},"end":{"line":126,"column":61}},"27":{"start":{"line":274,"column":71},"end":{"line":274,"column":100}},"28":{"start":{"line":278,"column":71},"end":{"line":278,"column":104}},"29":{"start":{"line":282,"column":71},"end":{"line":282,"column":106}},"30":{"start":{"line":286,"column":71},"end":{"line":286,"column":100}},"31":{"start":{"line":375,"column":0},"end":{"line":385,"column":2}}},"fnMap":{"0":{"name":"DashboardAdmin","decl":{"start":{"line":5,"column":9},"end":{"line":5,"column":23}},"loc":{"start":{"line":5,"column":44},"end":{"line":373,"column":1}},"line":5},"1":{"name":"(anonymous_1)","decl":{"start":{"line":10,"column":12},"end":{"line":10,"column":13}},"loc":{"start":{"line":10,"column":18},"end":{"line":12,"column":3}},"line":10},"2":{"name":"(anonymous_2)","decl":{"start":{"line":11,"column":15},"end":{"line":11,"column":16}},"loc":{"start":{"line":11,"column":21},"end":{"line":11,"column":42}},"line":11},"3":{"name":"(anonymous_3)","decl":{"start":{"line":14,"column":23},"end":{"line":14,"column":24}},"loc":{"start":{"line":14,"column":29},"end":{"line":19,"column":3}},"line":14},"4":{"name":"(anonymous_4)","decl":{"start":{"line":21,"column":22},"end":{"line":21,"column":23}},"loc":{"start":{"line":21,"column":28},"end":{"line":26,"column":3}},"line":21},"5":{"name":"(anonymous_5)","decl":{"start":{"line":54,"column":21},"end":{"line":54,"column":22}},"loc":{"start":{"line":54,"column":27},"end":{"line":54,"column":55}},"line":54},"6":{"name":"(anonymous_6)","decl":{"start":{"line":63,"column":21},"end":{"line":63,"column":22}},"loc":{"start":{"line":63,"column":27},"end":{"line":63,"column":54}},"line":63},"7":{"name":"(anonymous_7)","decl":{"start":{"line":72,"column":21},"end":{"line":72,"column":22}},"loc":{"start":{"line":72,"column":27},"end":{"line":72,"column":56}},"line":72},"8":{"name":"(anonymous_8)","decl":{"start":{"line":81,"column":21},"end":{"line":81,"column":22}},"loc":{"start":{"line":81,"column":27},"end":{"line":81,"column":55}},"line":81},"9":{"name":"(anonymous_9)","decl":{"start":{"line":90,"column":21},"end":{"line":90,"column":22}},"loc":{"start":{"line":90,"column":27},"end":{"line":90,"column":55}},"line":90},"10":{"name":"(anonymous_10)","decl":{"start":{"line":99,"column":21},"end":{"line":99,"column":22}},"loc":{"start":{"line":99,"column":27},"end":{"line":99,"column":60}},"line":99},"11":{"name":"(anonymous_11)","decl":{"start":{"line":108,"column":21},"end":{"line":108,"column":22}},"loc":{"start":{"line":108,"column":27},"end":{"line":108,"column":62}},"line":108},"12":{"name":"(anonymous_12)","decl":{"start":{"line":117,"column":21},"end":{"line":117,"column":22}},"loc":{"start":{"line":117,"column":27},"end":{"line":117,"column":56}},"line":117},"13":{"name":"(anonymous_13)","decl":{"start":{"line":126,"column":21},"end":{"line":126,"column":22}},"loc":{"start":{"line":126,"column":27},"end":{"line":126,"column":61}},"line":126},"14":{"name":"(anonymous_14)","decl":{"start":{"line":274,"column":65},"end":{"line":274,"column":66}},"loc":{"start":{"line":274,"column":71},"end":{"line":274,"column":100}},"line":274},"15":{"name":"(anonymous_15)","decl":{"start":{"line":278,"column":65},"end":{"line":278,"column":66}},"loc":{"start":{"line":278,"column":71},"end":{"line":278,"column":104}},"line":278},"16":{"name":"(anonymous_16)","decl":{"start":{"line":282,"column":65},"end":{"line":282,"column":66}},"loc":{"start":{"line":282,"column":71},"end":{"line":282,"column":106}},"line":282},"17":{"name":"(anonymous_17)","decl":{"start":{"line":286,"column":65},"end":{"line":286,"column":66}},"loc":{"start":{"line":286,"column":71},"end":{"line":286,"column":100}},"line":286}},"branchMap":{"0":{"loc":{"start":{"line":16,"column":4},"end":{"line":18,"column":5}},"type":"if","locations":[{"start":{"line":16,"column":4},"end":{"line":18,"column":5}},{"start":{},"end":{}}],"line":16},"1":{"loc":{"start":{"line":23,"column":4},"end":{"line":23,"column":40}},"type":"if","locations":[{"start":{"line":23,"column":4},"end":{"line":23,"column":40}},{"start":{},"end":{}}],"line":23},"2":{"loc":{"start":{"line":24,"column":4},"end":{"line":24,"column":42}},"type":"if","locations":[{"start":{"line":24,"column":4},"end":{"line":24,"column":42}},{"start":{},"end":{}}],"line":24},"3":{"loc":{"start":{"line":37,"column":7},"end":{"line":44,"column":7}},"type":"binary-expr","locations":[{"start":{"line":37,"column":7},"end":{"line":37,"column":18}},{"start":{"line":38,"column":8},"end":{"line":43,"column":14}}],"line":37},"4":{"loc":{"start":{"line":41,"column":41},"end":{"line":41,"column":71}},"type":"binary-expr","locations":[{"start":{"line":41,"column":41},"end":{"line":41,"column":53}},{"start":{"line":41,"column":57},"end":{"line":41,"column":71}}],"line":41},"5":{"loc":{"start":{"line":46,"column":35},"end":{"line":46,"column":66}},"type":"cond-expr","locations":[{"start":{"line":46,"column":49},"end":{"line":46,"column":55}},{"start":{"line":46,"column":58},"end":{"line":46,"column":66}}],"line":46},"6":{"loc":{"start":{"line":50,"column":13},"end":{"line":50,"column":74}},"type":"binary-expr","locations":[{"start":{"line":50,"column":13},"end":{"line":50,"column":24}},{"start":{"line":50,"column":28},"end":{"line":50,"column":74}}],"line":50},"7":{"loc":{"start":{"line":56,"column":13},"end":{"line":56,"column":36}},"type":"cond-expr","locations":[{"start":{"line":56,"column":27},"end":{"line":56,"column":30}},{"start":{"line":56,"column":33},"end":{"line":56,"column":36}}],"line":56},"8":{"loc":{"start":{"line":62,"column":35},"end":{"line":62,"column":78}},"type":"cond-expr","locations":[{"start":{"line":62,"column":65},"end":{"line":62,"column":73}},{"start":{"line":62,"column":76},"end":{"line":62,"column":78}}],"line":62},"9":{"loc":{"start":{"line":66,"column":13},"end":{"line":66,"column":47}},"type":"binary-expr","locations":[{"start":{"line":66,"column":13},"end":{"line":66,"column":24}},{"start":{"line":66,"column":28},"end":{"line":66,"column":47}}],"line":66},"10":{"loc":{"start":{"line":67,"column":13},"end":{"line":67,"column":86}},"type":"binary-expr","locations":[{"start":{"line":67,"column":13},"end":{"line":67,"column":40}},{"start":{"line":67,"column":44},"end":{"line":67,"column":86}}],"line":67},"11":{"loc":{"start":{"line":71,"column":35},"end":{"line":71,"column":80}},"type":"cond-expr","locations":[{"start":{"line":71,"column":67},"end":{"line":71,"column":75}},{"start":{"line":71,"column":78},"end":{"line":71,"column":80}}],"line":71},"12":{"loc":{"start":{"line":75,"column":13},"end":{"line":75,"column":49}},"type":"binary-expr","locations":[{"start":{"line":75,"column":13},"end":{"line":75,"column":24}},{"start":{"line":75,"column":28},"end":{"line":75,"column":49}}],"line":75},"13":{"loc":{"start":{"line":76,"column":13},"end":{"line":76,"column":88}},"type":"binary-expr","locations":[{"start":{"line":76,"column":13},"end":{"line":76,"column":42}},{"start":{"line":76,"column":46},"end":{"line":76,"column":88}}],"line":76},"14":{"loc":{"start":{"line":80,"column":35},"end":{"line":80,"column":79}},"type":"cond-expr","locations":[{"start":{"line":80,"column":66},"end":{"line":80,"column":74}},{"start":{"line":80,"column":77},"end":{"line":80,"column":79}}],"line":80},"15":{"loc":{"start":{"line":84,"column":13},"end":{"line":84,"column":48}},"type":"binary-expr","locations":[{"start":{"line":84,"column":13},"end":{"line":84,"column":24}},{"start":{"line":84,"column":28},"end":{"line":84,"column":48}}],"line":84},"16":{"loc":{"start":{"line":85,"column":13},"end":{"line":85,"column":87}},"type":"binary-expr","locations":[{"start":{"line":85,"column":13},"end":{"line":85,"column":41}},{"start":{"line":85,"column":45},"end":{"line":85,"column":87}}],"line":85},"17":{"loc":{"start":{"line":89,"column":35},"end":{"line":89,"column":79}},"type":"cond-expr","locations":[{"start":{"line":89,"column":66},"end":{"line":89,"column":74}},{"start":{"line":89,"column":77},"end":{"line":89,"column":79}}],"line":89},"18":{"loc":{"start":{"line":93,"column":13},"end":{"line":93,"column":48}},"type":"binary-expr","locations":[{"start":{"line":93,"column":13},"end":{"line":93,"column":24}},{"start":{"line":93,"column":28},"end":{"line":93,"column":48}}],"line":93},"19":{"loc":{"start":{"line":94,"column":13},"end":{"line":94,"column":87}},"type":"binary-expr","locations":[{"start":{"line":94,"column":13},"end":{"line":94,"column":41}},{"start":{"line":94,"column":45},"end":{"line":94,"column":87}}],"line":94},"20":{"loc":{"start":{"line":98,"column":35},"end":{"line":98,"column":84}},"type":"cond-expr","locations":[{"start":{"line":98,"column":71},"end":{"line":98,"column":79}},{"start":{"line":98,"column":82},"end":{"line":98,"column":84}}],"line":98},"21":{"loc":{"start":{"line":102,"column":13},"end":{"line":102,"column":53}},"type":"binary-expr","locations":[{"start":{"line":102,"column":13},"end":{"line":102,"column":24}},{"start":{"line":102,"column":28},"end":{"line":102,"column":53}}],"line":102},"22":{"loc":{"start":{"line":103,"column":13},"end":{"line":103,"column":92}},"type":"binary-expr","locations":[{"start":{"line":103,"column":13},"end":{"line":103,"column":46}},{"start":{"line":103,"column":50},"end":{"line":103,"column":92}}],"line":103},"23":{"loc":{"start":{"line":107,"column":35},"end":{"line":107,"column":86}},"type":"cond-expr","locations":[{"start":{"line":107,"column":73},"end":{"line":107,"column":81}},{"start":{"line":107,"column":84},"end":{"line":107,"column":86}}],"line":107},"24":{"loc":{"start":{"line":111,"column":13},"end":{"line":111,"column":55}},"type":"binary-expr","locations":[{"start":{"line":111,"column":13},"end":{"line":111,"column":24}},{"start":{"line":111,"column":28},"end":{"line":111,"column":55}}],"line":111},"25":{"loc":{"start":{"line":112,"column":13},"end":{"line":112,"column":94}},"type":"binary-expr","locations":[{"start":{"line":112,"column":13},"end":{"line":112,"column":48}},{"start":{"line":112,"column":52},"end":{"line":112,"column":94}}],"line":112},"26":{"loc":{"start":{"line":116,"column":35},"end":{"line":116,"column":80}},"type":"cond-expr","locations":[{"start":{"line":116,"column":67},"end":{"line":116,"column":75}},{"start":{"line":116,"column":78},"end":{"line":116,"column":80}}],"line":116},"27":{"loc":{"start":{"line":120,"column":13},"end":{"line":120,"column":49}},"type":"binary-expr","locations":[{"start":{"line":120,"column":13},"end":{"line":120,"column":24}},{"start":{"line":120,"column":28},"end":{"line":120,"column":49}}],"line":120},"28":{"loc":{"start":{"line":121,"column":13},"end":{"line":121,"column":88}},"type":"binary-expr","locations":[{"start":{"line":121,"column":13},"end":{"line":121,"column":42}},{"start":{"line":121,"column":46},"end":{"line":121,"column":88}}],"line":121},"29":{"loc":{"start":{"line":125,"column":35},"end":{"line":125,"column":85}},"type":"cond-expr","locations":[{"start":{"line":125,"column":72},"end":{"line":125,"column":80}},{"start":{"line":125,"column":83},"end":{"line":125,"column":85}}],"line":125},"30":{"loc":{"start":{"line":129,"column":13},"end":{"line":129,"column":54}},"type":"binary-expr","locations":[{"start":{"line":129,"column":13},"end":{"line":129,"column":24}},{"start":{"line":129,"column":28},"end":{"line":129,"column":54}}],"line":129},"31":{"loc":{"start":{"line":130,"column":13},"end":{"line":130,"column":93}},"type":"binary-expr","locations":[{"start":{"line":130,"column":13},"end":{"line":130,"column":47}},{"start":{"line":130,"column":51},"end":{"line":130,"column":93}}],"line":130},"32":{"loc":{"start":{"line":137,"column":13},"end":{"line":137,"column":54}},"type":"binary-expr","locations":[{"start":{"line":137,"column":13},"end":{"line":137,"column":24}},{"start":{"line":137,"column":28},"end":{"line":137,"column":54}}],"line":137},"33":{"loc":{"start":{"line":164,"column":45},"end":{"line":164,"column":75}},"type":"binary-expr","locations":[{"start":{"line":164,"column":45},"end":{"line":164,"column":57}},{"start":{"line":164,"column":61},"end":{"line":164,"column":75}}],"line":164},"34":{"loc":{"start":{"line":169,"column":17},"end":{"line":169,"column":97}},"type":"binary-expr","locations":[{"start":{"line":169,"column":17},"end":{"line":169,"column":54}},{"start":{"line":169,"column":58},"end":{"line":169,"column":97}}],"line":169},"35":{"loc":{"start":{"line":176,"column":11},"end":{"line":294,"column":11}},"type":"binary-expr","locations":[{"start":{"line":176,"column":11},"end":{"line":176,"column":38}},{"start":{"line":177,"column":12},"end":{"line":293,"column":18}}],"line":176},"36":{"loc":{"start":{"line":180,"column":40},"end":{"line":180,"column":70}},"type":"binary-expr","locations":[{"start":{"line":180,"column":40},"end":{"line":180,"column":52}},{"start":{"line":180,"column":56},"end":{"line":180,"column":70}}],"line":180},"37":{"loc":{"start":{"line":296,"column":11},"end":{"line":306,"column":11}},"type":"binary-expr","locations":[{"start":{"line":296,"column":11},"end":{"line":296,"column":40}},{"start":{"line":297,"column":12},"end":{"line":305,"column":18}}],"line":296},"38":{"loc":{"start":{"line":308,"column":11},"end":{"line":317,"column":11}},"type":"binary-expr","locations":[{"start":{"line":308,"column":11},"end":{"line":308,"column":39}},{"start":{"line":309,"column":12},"end":{"line":316,"column":18}}],"line":308},"39":{"loc":{"start":{"line":319,"column":11},"end":{"line":328,"column":11}},"type":"binary-expr","locations":[{"start":{"line":319,"column":11},"end":{"line":319,"column":39}},{"start":{"line":320,"column":12},"end":{"line":327,"column":18}}],"line":319},"40":{"loc":{"start":{"line":330,"column":11},"end":{"line":339,"column":11}},"type":"binary-expr","locations":[{"start":{"line":330,"column":11},"end":{"line":330,"column":44}},{"start":{"line":331,"column":12},"end":{"line":338,"column":18}}],"line":330},"41":{"loc":{"start":{"line":341,"column":11},"end":{"line":350,"column":11}},"type":"binary-expr","locations":[{"start":{"line":341,"column":11},"end":{"line":341,"column":46}},{"start":{"line":342,"column":12},"end":{"line":349,"column":18}}],"line":341},"42":{"loc":{"start":{"line":352,"column":11},"end":{"line":361,"column":11}},"type":"binary-expr","locations":[{"start":{"line":352,"column":11},"end":{"line":352,"column":40}},{"start":{"line":353,"column":12},"end":{"line":360,"column":18}}],"line":352},"43":{"loc":{"start":{"line":363,"column":11},"end":{"line":368,"column":11}},"type":"binary-expr","locations":[{"start":{"line":363,"column":11},"end":{"line":363,"column":45}},{"start":{"line":364,"column":12},"end":{"line":367,"column":18}}],"line":363}},"s":{"0":0,"1":0,"2":0,"3":0,"4":0,"5":0,"6":0,"7":0,"8":0,"9":0,"10":0,"11":0,"12":0,"13":0,"14":0,"15":0,"16":0,"17":0,"18":0,"19":0,"20":0,"21":0,"22":0,"23":0,"24":0,"25":0,"26":0,"27":0,"28":0,"29":0,"30":0,"31":0},"f":{"0":0,"1":0,"2":0,"3":0,"4":0,"5":0,"6":0,"7":0,"8":0,"9":0,"10":0,"11":0,"12":0,"13":0,"14":0,"15":0,"16":0,"17":0},"b":{"0":[0,0],"1":[0,0],"2":[0,0],"3":[0,0],"4":[0,0],"5":[0,0],"6":[0,0],"7":[0,0],"8":[0,0],"9":[0,0],"10":[0,0],"11":[0,0],"12":[0,0],"13":[0,0],"14":[0,0],"15":[0,0],"16":[0,0],"17":[0,0],"18":[0,0],"19":[0,0],"20":[0,0],"21":[0,0],"22":[0,0],"23":[0,0],"24":[0,0],"25":[0,0],"26":[0,0],"27":[0,0],"28":[0,0],"29":[0,0],"30":[0,0],"31":[0,0],"32":[0,0],"33":[0,0],"34":[0,0],"35":[0,0],"36":[0,0],"37":[0,0],"38":[0,0],"39":[0,0],"40":[0,0],"41":[0,0],"42":[0,0],"43":[0,0]}}
,"/home/ec2-user/DevOps_ProyectoFinal/frontend/src/pages/DashboardAlumno.jsx": {"path":"/home/ec2-user/DevOps_ProyectoFinal/frontend/src/pages/DashboardAlumno.jsx","statementMap":{"0":{"start":{"line":6,"column":46},"end":{"line":6,"column":64}},"1":{"start":{"line":7,"column":40},"end":{"line":7,"column":54}},"2":{"start":{"line":8,"column":40},"end":{"line":8,"column":54}},"3":{"start":{"line":10,"column":2},"end":{"line":12,"column":9}},"4":{"start":{"line":11,"column":4},"end":{"line":11,"column":50}},"5":{"start":{"line":11,"column":21},"end":{"line":11,"column":42}},"6":{"start":{"line":14,"column":23},"end":{"line":19,"column":3}},"7":{"start":{"line":15,"column":4},"end":{"line":15,"column":36}},"8":{"start":{"line":16,"column":4},"end":{"line":18,"column":5}},"9":{"start":{"line":17,"column":6},"end":{"line":17,"column":17}},"10":{"start":{"line":21,"column":22},"end":{"line":26,"column":3}},"11":{"start":{"line":22,"column":17},"end":{"line":22,"column":38}},"12":{"start":{"line":23,"column":4},"end":{"line":23,"column":40}},"13":{"start":{"line":23,"column":19},"end":{"line":23,"column":40}},"14":{"start":{"line":24,"column":4},"end":{"line":24,"column":42}},"15":{"start":{"line":24,"column":19},"end":{"line":24,"column":42}},"16":{"start":{"line":25,"column":4},"end":{"line":25,"column":27}},"17":{"start":{"line":28,"column":2},"end":{"line":407,"column":4}},"18":{"start":{"line":54,"column":27},"end":{"line":54,"column":55}},"19":{"start":{"line":63,"column":27},"end":{"line":63,"column":54}},"20":{"start":{"line":72,"column":27},"end":{"line":72,"column":54}},"21":{"start":{"line":81,"column":27},"end":{"line":81,"column":54}},"22":{"start":{"line":90,"column":27},"end":{"line":90,"column":54}},"23":{"start":{"line":99,"column":27},"end":{"line":99,"column":62}},"24":{"start":{"line":108,"column":27},"end":{"line":108,"column":61}},"25":{"start":{"line":260,"column":71},"end":{"line":260,"column":98}},"26":{"start":{"line":264,"column":71},"end":{"line":264,"column":98}},"27":{"start":{"line":268,"column":71},"end":{"line":268,"column":106}},"28":{"start":{"line":272,"column":71},"end":{"line":272,"column":98}},"29":{"start":{"line":410,"column":0},"end":{"line":420,"column":2}}},"fnMap":{"0":{"name":"DashboardAlumno","decl":{"start":{"line":5,"column":9},"end":{"line":5,"column":24}},"loc":{"start":{"line":5,"column":45},"end":{"line":408,"column":1}},"line":5},"1":{"name":"(anonymous_1)","decl":{"start":{"line":10,"column":12},"end":{"line":10,"column":13}},"loc":{"start":{"line":10,"column":18},"end":{"line":12,"column":3}},"line":10},"2":{"name":"(anonymous_2)","decl":{"start":{"line":11,"column":15},"end":{"line":11,"column":16}},"loc":{"start":{"line":11,"column":21},"end":{"line":11,"column":42}},"line":11},"3":{"name":"(anonymous_3)","decl":{"start":{"line":14,"column":23},"end":{"line":14,"column":24}},"loc":{"start":{"line":14,"column":29},"end":{"line":19,"column":3}},"line":14},"4":{"name":"(anonymous_4)","decl":{"start":{"line":21,"column":22},"end":{"line":21,"column":23}},"loc":{"start":{"line":21,"column":28},"end":{"line":26,"column":3}},"line":21},"5":{"name":"(anonymous_5)","decl":{"start":{"line":54,"column":21},"end":{"line":54,"column":22}},"loc":{"start":{"line":54,"column":27},"end":{"line":54,"column":55}},"line":54},"6":{"name":"(anonymous_6)","decl":{"start":{"line":63,"column":21},"end":{"line":63,"column":22}},"loc":{"start":{"line":63,"column":27},"end":{"line":63,"column":54}},"line":63},"7":{"name":"(anonymous_7)","decl":{"start":{"line":72,"column":21},"end":{"line":72,"column":22}},"loc":{"start":{"line":72,"column":27},"end":{"line":72,"column":54}},"line":72},"8":{"name":"(anonymous_8)","decl":{"start":{"line":81,"column":21},"end":{"line":81,"column":22}},"loc":{"start":{"line":81,"column":27},"end":{"line":81,"column":54}},"line":81},"9":{"name":"(anonymous_9)","decl":{"start":{"line":90,"column":21},"end":{"line":90,"column":22}},"loc":{"start":{"line":90,"column":27},"end":{"line":90,"column":54}},"line":90},"10":{"name":"(anonymous_10)","decl":{"start":{"line":99,"column":21},"end":{"line":99,"column":22}},"loc":{"start":{"line":99,"column":27},"end":{"line":99,"column":62}},"line":99},"11":{"name":"(anonymous_11)","decl":{"start":{"line":108,"column":21},"end":{"line":108,"column":22}},"loc":{"start":{"line":108,"column":27},"end":{"line":108,"column":61}},"line":108},"12":{"name":"(anonymous_12)","decl":{"start":{"line":260,"column":65},"end":{"line":260,"column":66}},"loc":{"start":{"line":260,"column":71},"end":{"line":260,"column":98}},"line":260},"13":{"name":"(anonymous_13)","decl":{"start":{"line":264,"column":65},"end":{"line":264,"column":66}},"loc":{"start":{"line":264,"column":71},"end":{"line":264,"column":98}},"line":264},"14":{"name":"(anonymous_14)","decl":{"start":{"line":268,"column":65},"end":{"line":268,"column":66}},"loc":{"start":{"line":268,"column":71},"end":{"line":268,"column":106}},"line":268},"15":{"name":"(anonymous_15)","decl":{"start":{"line":272,"column":65},"end":{"line":272,"column":66}},"loc":{"start":{"line":272,"column":71},"end":{"line":272,"column":98}},"line":272}},"branchMap":{"0":{"loc":{"start":{"line":16,"column":4},"end":{"line":18,"column":5}},"type":"if","locations":[{"start":{"line":16,"column":4},"end":{"line":18,"column":5}},{"start":{},"end":{}}],"line":16},"1":{"loc":{"start":{"line":23,"column":4},"end":{"line":23,"column":40}},"type":"if","locations":[{"start":{"line":23,"column":4},"end":{"line":23,"column":40}},{"start":{},"end":{}}],"line":23},"2":{"loc":{"start":{"line":24,"column":4},"end":{"line":24,"column":42}},"type":"if","locations":[{"start":{"line":24,"column":4},"end":{"line":24,"column":42}},{"start":{},"end":{}}],"line":24},"3":{"loc":{"start":{"line":37,"column":7},"end":{"line":44,"column":7}},"type":"binary-expr","locations":[{"start":{"line":37,"column":7},"end":{"line":37,"column":18}},{"start":{"line":38,"column":8},"end":{"line":43,"column":14}}],"line":37},"4":{"loc":{"start":{"line":41,"column":41},"end":{"line":41,"column":71}},"type":"binary-expr","locations":[{"start":{"line":41,"column":41},"end":{"line":41,"column":53}},{"start":{"line":41,"column":57},"end":{"line":41,"column":71}}],"line":41},"5":{"loc":{"start":{"line":46,"column":35},"end":{"line":46,"column":66}},"type":"cond-expr","locations":[{"start":{"line":46,"column":49},"end":{"line":46,"column":55}},{"start":{"line":46,"column":58},"end":{"line":46,"column":66}}],"line":46},"6":{"loc":{"start":{"line":50,"column":13},"end":{"line":50,"column":79}},"type":"binary-expr","locations":[{"start":{"line":50,"column":13},"end":{"line":50,"column":24}},{"start":{"line":50,"column":28},"end":{"line":50,"column":79}}],"line":50},"7":{"loc":{"start":{"line":56,"column":13},"end":{"line":56,"column":36}},"type":"cond-expr","locations":[{"start":{"line":56,"column":27},"end":{"line":56,"column":30}},{"start":{"line":56,"column":33},"end":{"line":56,"column":36}}],"line":56},"8":{"loc":{"start":{"line":62,"column":35},"end":{"line":62,"column":78}},"type":"cond-expr","locations":[{"start":{"line":62,"column":65},"end":{"line":62,"column":73}},{"start":{"line":62,"column":76},"end":{"line":62,"column":78}}],"line":62},"9":{"loc":{"start":{"line":66,"column":13},"end":{"line":66,"column":47}},"type":"binary-expr","locations":[{"start":{"line":66,"column":13},"end":{"line":66,"column":24}},{"start":{"line":66,"column":28},"end":{"line":66,"column":47}}],"line":66},"10":{"loc":{"start":{"line":67,"column":13},"end":{"line":67,"column":86}},"type":"binary-expr","locations":[{"start":{"line":67,"column":13},"end":{"line":67,"column":40}},{"start":{"line":67,"column":44},"end":{"line":67,"column":86}}],"line":67},"11":{"loc":{"start":{"line":71,"column":35},"end":{"line":71,"column":78}},"type":"cond-expr","locations":[{"start":{"line":71,"column":65},"end":{"line":71,"column":73}},{"start":{"line":71,"column":76},"end":{"line":71,"column":78}}],"line":71},"12":{"loc":{"start":{"line":75,"column":13},"end":{"line":75,"column":50}},"type":"binary-expr","locations":[{"start":{"line":75,"column":13},"end":{"line":75,"column":24}},{"start":{"line":75,"column":28},"end":{"line":75,"column":50}}],"line":75},"13":{"loc":{"start":{"line":76,"column":13},"end":{"line":76,"column":86}},"type":"binary-expr","locations":[{"start":{"line":76,"column":13},"end":{"line":76,"column":40}},{"start":{"line":76,"column":44},"end":{"line":76,"column":86}}],"line":76},"14":{"loc":{"start":{"line":80,"column":35},"end":{"line":80,"column":78}},"type":"cond-expr","locations":[{"start":{"line":80,"column":65},"end":{"line":80,"column":73}},{"start":{"line":80,"column":76},"end":{"line":80,"column":78}}],"line":80},"15":{"loc":{"start":{"line":84,"column":13},"end":{"line":84,"column":51}},"type":"binary-expr","locations":[{"start":{"line":84,"column":13},"end":{"line":84,"column":24}},{"start":{"line":84,"column":28},"end":{"line":84,"column":51}}],"line":84},"16":{"loc":{"start":{"line":85,"column":13},"end":{"line":85,"column":86}},"type":"binary-expr","locations":[{"start":{"line":85,"column":13},"end":{"line":85,"column":40}},{"start":{"line":85,"column":44},"end":{"line":85,"column":86}}],"line":85},"17":{"loc":{"start":{"line":89,"column":35},"end":{"line":89,"column":78}},"type":"cond-expr","locations":[{"start":{"line":89,"column":65},"end":{"line":89,"column":73}},{"start":{"line":89,"column":76},"end":{"line":89,"column":78}}],"line":89},"18":{"loc":{"start":{"line":93,"column":13},"end":{"line":93,"column":47}},"type":"binary-expr","locations":[{"start":{"line":93,"column":13},"end":{"line":93,"column":24}},{"start":{"line":93,"column":28},"end":{"line":93,"column":47}}],"line":93},"19":{"loc":{"start":{"line":94,"column":13},"end":{"line":94,"column":86}},"type":"binary-expr","locations":[{"start":{"line":94,"column":13},"end":{"line":94,"column":40}},{"start":{"line":94,"column":44},"end":{"line":94,"column":86}}],"line":94},"20":{"loc":{"start":{"line":98,"column":35},"end":{"line":98,"column":86}},"type":"cond-expr","locations":[{"start":{"line":98,"column":73},"end":{"line":98,"column":81}},{"start":{"line":98,"column":84},"end":{"line":98,"column":86}}],"line":98},"21":{"loc":{"start":{"line":102,"column":13},"end":{"line":102,"column":55}},"type":"binary-expr","locations":[{"start":{"line":102,"column":13},"end":{"line":102,"column":24}},{"start":{"line":102,"column":28},"end":{"line":102,"column":55}}],"line":102},"22":{"loc":{"start":{"line":103,"column":13},"end":{"line":103,"column":94}},"type":"binary-expr","locations":[{"start":{"line":103,"column":13},"end":{"line":103,"column":48}},{"start":{"line":103,"column":52},"end":{"line":103,"column":94}}],"line":103},"23":{"loc":{"start":{"line":107,"column":35},"end":{"line":107,"column":85}},"type":"cond-expr","locations":[{"start":{"line":107,"column":72},"end":{"line":107,"column":80}},{"start":{"line":107,"column":83},"end":{"line":107,"column":85}}],"line":107},"24":{"loc":{"start":{"line":111,"column":13},"end":{"line":111,"column":54}},"type":"binary-expr","locations":[{"start":{"line":111,"column":13},"end":{"line":111,"column":24}},{"start":{"line":111,"column":28},"end":{"line":111,"column":54}}],"line":111},"25":{"loc":{"start":{"line":112,"column":13},"end":{"line":112,"column":93}},"type":"binary-expr","locations":[{"start":{"line":112,"column":13},"end":{"line":112,"column":47}},{"start":{"line":112,"column":51},"end":{"line":112,"column":93}}],"line":112},"26":{"loc":{"start":{"line":119,"column":13},"end":{"line":119,"column":54}},"type":"binary-expr","locations":[{"start":{"line":119,"column":13},"end":{"line":119,"column":24}},{"start":{"line":119,"column":28},"end":{"line":119,"column":54}}],"line":119},"27":{"loc":{"start":{"line":146,"column":45},"end":{"line":146,"column":75}},"type":"binary-expr","locations":[{"start":{"line":146,"column":45},"end":{"line":146,"column":57}},{"start":{"line":146,"column":61},"end":{"line":146,"column":75}}],"line":146},"28":{"loc":{"start":{"line":151,"column":17},"end":{"line":151,"column":97}},"type":"binary-expr","locations":[{"start":{"line":151,"column":17},"end":{"line":151,"column":54}},{"start":{"line":151,"column":58},"end":{"line":151,"column":97}}],"line":151},"29":{"loc":{"start":{"line":158,"column":11},"end":{"line":304,"column":11}},"type":"binary-expr","locations":[{"start":{"line":158,"column":11},"end":{"line":158,"column":38}},{"start":{"line":159,"column":12},"end":{"line":303,"column":18}}],"line":158},"30":{"loc":{"start":{"line":162,"column":40},"end":{"line":162,"column":70}},"type":"binary-expr","locations":[{"start":{"line":162,"column":40},"end":{"line":162,"column":52}},{"start":{"line":162,"column":56},"end":{"line":162,"column":70}}],"line":162},"31":{"loc":{"start":{"line":306,"column":11},"end":{"line":375,"column":11}},"type":"binary-expr","locations":[{"start":{"line":306,"column":11},"end":{"line":306,"column":38}},{"start":{"line":307,"column":12},"end":{"line":374,"column":18}}],"line":306},"32":{"loc":{"start":{"line":315,"column":25},"end":{"line":315,"column":105}},"type":"binary-expr","locations":[{"start":{"line":315,"column":25},"end":{"line":315,"column":62}},{"start":{"line":315,"column":66},"end":{"line":315,"column":105}}],"line":315},"33":{"loc":{"start":{"line":319,"column":27},"end":{"line":319,"column":52}},"type":"binary-expr","locations":[{"start":{"line":319,"column":27},"end":{"line":319,"column":39}},{"start":{"line":319,"column":43},"end":{"line":319,"column":52}}],"line":319},"34":{"loc":{"start":{"line":320,"column":51},"end":{"line":320,"column":73}},"type":"binary-expr","locations":[{"start":{"line":320,"column":51},"end":{"line":320,"column":61}},{"start":{"line":320,"column":65},"end":{"line":320,"column":73}}],"line":320},"35":{"loc":{"start":{"line":352,"column":27},"end":{"line":358,"column":47}},"type":"cond-expr","locations":[{"start":{"line":353,"column":30},"end":{"line":357,"column":32}},{"start":{"line":358,"column":30},"end":{"line":358,"column":47}}],"line":352},"36":{"loc":{"start":{"line":377,"column":11},"end":{"line":382,"column":11}},"type":"binary-expr","locations":[{"start":{"line":377,"column":11},"end":{"line":377,"column":38}},{"start":{"line":378,"column":12},"end":{"line":381,"column":18}}],"line":377},"37":{"loc":{"start":{"line":384,"column":11},"end":{"line":389,"column":11}},"type":"binary-expr","locations":[{"start":{"line":384,"column":11},"end":{"line":384,"column":38}},{"start":{"line":385,"column":12},"end":{"line":388,"column":18}}],"line":384},"38":{"loc":{"start":{"line":391,"column":11},"end":{"line":396,"column":11}},"type":"binary-expr","locations":[{"start":{"line":391,"column":11},"end":{"line":391,"column":46}},{"start":{"line":392,"column":12},"end":{"line":395,"column":18}}],"line":391},"39":{"loc":{"start":{"line":398,"column":11},"end":{"line":403,"column":11}},"type":"binary-expr","locations":[{"start":{"line":398,"column":11},"end":{"line":398,"column":45}},{"start":{"line":399,"column":12},"end":{"line":402,"column":18}}],"line":398}},"s":{"0":0,"1":0,"2":0,"3":0,"4":0,"5":0,"6":0,"7":0,"8":0,"9":0,"10":0,"11":0,"12":0,"13":0,"14":0,"15":0,"16":0,"17":0,"18":0,"19":0,"20":0,"21":0,"22":0,"23":0,"24":0,"25":0,"26":0,"27":0,"28":0,"29":0},"f":{"0":0,"1":0,"2":0,"3":0,"4":0,"5":0,"6":0,"7":0,"8":0,"9":0,"10":0,"11":0,"12":0,"13":0,"14":0,"15":0},"b":{"0":[0,0],"1":[0,0],"2":[0,0],"3":[0,0],"4":[0,0],"5":[0,0],"6":[0,0],"7":[0,0],"8":[0,0],"9":[0,0],"10":[0,0],"11":[0,0],"12":[0,0],"13":[0,0],"14":[0,0],"15":[0,0],"16":[0,0],"17":[0,0],"18":[0,0],"19":[0,0],"20":[0,0],"21":[0,0],"22":[0,0],"23":[0,0],"24":[0,0],"25":[0,0],"26":[0,0],"27":[0,0],"28":[0,0],"29":[0,0],"30":[0,0],"31":[0,0],"32":[0,0],"33":[0,0],"34":[0,0],"35":[0,0],"36":[0,0],"37":[0,0],"38":[0,0],"39":[0,0]}}
,"/home/ec2-user/DevOps_ProyectoFinal/frontend/src/pages/DashboardTutor.jsx": {"path":"/home/ec2-user/DevOps_ProyectoFinal/frontend/src/pages/DashboardTutor.jsx","statementMap":{"0":{"start":{"line":6,"column":46},"end":{"line":6,"column":64}},"1":{"start":{"line":7,"column":40},"end":{"line":7,"column":54}},"2":{"start":{"line":8,"column":40},"end":{"line":8,"column":54}},"3":{"start":{"line":10,"column":2},"end":{"line":12,"column":9}},"4":{"start":{"line":11,"column":4},"end":{"line":11,"column":50}},"5":{"start":{"line":11,"column":21},"end":{"line":11,"column":42}},"6":{"start":{"line":14,"column":23},"end":{"line":19,"column":3}},"7":{"start":{"line":15,"column":4},"end":{"line":15,"column":36}},"8":{"start":{"line":16,"column":4},"end":{"line":18,"column":5}},"9":{"start":{"line":17,"column":6},"end":{"line":17,"column":17}},"10":{"start":{"line":21,"column":22},"end":{"line":26,"column":3}},"11":{"start":{"line":22,"column":17},"end":{"line":22,"column":38}},"12":{"start":{"line":23,"column":4},"end":{"line":23,"column":40}},"13":{"start":{"line":23,"column":19},"end":{"line":23,"column":40}},"14":{"start":{"line":24,"column":4},"end":{"line":24,"column":42}},"15":{"start":{"line":24,"column":19},"end":{"line":24,"column":42}},"16":{"start":{"line":25,"column":4},"end":{"line":25,"column":27}},"17":{"start":{"line":28,"column":2},"end":{"line":351,"column":4}},"18":{"start":{"line":54,"column":27},"end":{"line":54,"column":55}},"19":{"start":{"line":63,"column":27},"end":{"line":63,"column":54}},"20":{"start":{"line":72,"column":27},"end":{"line":72,"column":55}},"21":{"start":{"line":81,"column":27},"end":{"line":81,"column":59}},"22":{"start":{"line":90,"column":27},"end":{"line":90,"column":62}},"23":{"start":{"line":99,"column":27},"end":{"line":99,"column":56}},"24":{"start":{"line":108,"column":27},"end":{"line":108,"column":56}},"25":{"start":{"line":117,"column":27},"end":{"line":117,"column":54}},"26":{"start":{"line":265,"column":71},"end":{"line":265,"column":103}},"27":{"start":{"line":269,"column":71},"end":{"line":269,"column":106}},"28":{"start":{"line":273,"column":71},"end":{"line":273,"column":100}},"29":{"start":{"line":277,"column":71},"end":{"line":277,"column":99}},"30":{"start":{"line":354,"column":0},"end":{"line":364,"column":2}}},"fnMap":{"0":{"name":"DashboardTutor","decl":{"start":{"line":5,"column":9},"end":{"line":5,"column":23}},"loc":{"start":{"line":5,"column":44},"end":{"line":352,"column":1}},"line":5},"1":{"name":"(anonymous_1)","decl":{"start":{"line":10,"column":12},"end":{"line":10,"column":13}},"loc":{"start":{"line":10,"column":18},"end":{"line":12,"column":3}},"line":10},"2":{"name":"(anonymous_2)","decl":{"start":{"line":11,"column":15},"end":{"line":11,"column":16}},"loc":{"start":{"line":11,"column":21},"end":{"line":11,"column":42}},"line":11},"3":{"name":"(anonymous_3)","decl":{"start":{"line":14,"column":23},"end":{"line":14,"column":24}},"loc":{"start":{"line":14,"column":29},"end":{"line":19,"column":3}},"line":14},"4":{"name":"(anonymous_4)","decl":{"start":{"line":21,"column":22},"end":{"line":21,"column":23}},"loc":{"start":{"line":21,"column":28},"end":{"line":26,"column":3}},"line":21},"5":{"name":"(anonymous_5)","decl":{"start":{"line":54,"column":21},"end":{"line":54,"column":22}},"loc":{"start":{"line":54,"column":27},"end":{"line":54,"column":55}},"line":54},"6":{"name":"(anonymous_6)","decl":{"start":{"line":63,"column":21},"end":{"line":63,"column":22}},"loc":{"start":{"line":63,"column":27},"end":{"line":63,"column":54}},"line":63},"7":{"name":"(anonymous_7)","decl":{"start":{"line":72,"column":21},"end":{"line":72,"column":22}},"loc":{"start":{"line":72,"column":27},"end":{"line":72,"column":55}},"line":72},"8":{"name":"(anonymous_8)","decl":{"start":{"line":81,"column":21},"end":{"line":81,"column":22}},"loc":{"start":{"line":81,"column":27},"end":{"line":81,"column":59}},"line":81},"9":{"name":"(anonymous_9)","decl":{"start":{"line":90,"column":21},"end":{"line":90,"column":22}},"loc":{"start":{"line":90,"column":27},"end":{"line":90,"column":62}},"line":90},"10":{"name":"(anonymous_10)","decl":{"start":{"line":99,"column":21},"end":{"line":99,"column":22}},"loc":{"start":{"line":99,"column":27},"end":{"line":99,"column":56}},"line":99},"11":{"name":"(anonymous_11)","decl":{"start":{"line":108,"column":21},"end":{"line":108,"column":22}},"loc":{"start":{"line":108,"column":27},"end":{"line":108,"column":56}},"line":108},"12":{"name":"(anonymous_12)","decl":{"start":{"line":117,"column":21},"end":{"line":117,"column":22}},"loc":{"start":{"line":117,"column":27},"end":{"line":117,"column":54}},"line":117},"13":{"name":"(anonymous_13)","decl":{"start":{"line":265,"column":65},"end":{"line":265,"column":66}},"loc":{"start":{"line":265,"column":71},"end":{"line":265,"column":103}},"line":265},"14":{"name":"(anonymous_14)","decl":{"start":{"line":269,"column":65},"end":{"line":269,"column":66}},"loc":{"start":{"line":269,"column":71},"end":{"line":269,"column":106}},"line":269},"15":{"name":"(anonymous_15)","decl":{"start":{"line":273,"column":65},"end":{"line":273,"column":66}},"loc":{"start":{"line":273,"column":71},"end":{"line":273,"column":100}},"line":273},"16":{"name":"(anonymous_16)","decl":{"start":{"line":277,"column":65},"end":{"line":277,"column":66}},"loc":{"start":{"line":277,"column":71},"end":{"line":277,"column":99}},"line":277}},"branchMap":{"0":{"loc":{"start":{"line":16,"column":4},"end":{"line":18,"column":5}},"type":"if","locations":[{"start":{"line":16,"column":4},"end":{"line":18,"column":5}},{"start":{},"end":{}}],"line":16},"1":{"loc":{"start":{"line":23,"column":4},"end":{"line":23,"column":40}},"type":"if","locations":[{"start":{"line":23,"column":4},"end":{"line":23,"column":40}},{"start":{},"end":{}}],"line":23},"2":{"loc":{"start":{"line":24,"column":4},"end":{"line":24,"column":42}},"type":"if","locations":[{"start":{"line":24,"column":4},"end":{"line":24,"column":42}},{"start":{},"end":{}}],"line":24},"3":{"loc":{"start":{"line":37,"column":7},"end":{"line":44,"column":7}},"type":"binary-expr","locations":[{"start":{"line":37,"column":7},"end":{"line":37,"column":18}},{"start":{"line":38,"column":8},"end":{"line":43,"column":14}}],"line":37},"4":{"loc":{"start":{"line":41,"column":41},"end":{"line":41,"column":71}},"type":"binary-expr","locations":[{"start":{"line":41,"column":41},"end":{"line":41,"column":53}},{"start":{"line":41,"column":57},"end":{"line":41,"column":71}}],"line":41},"5":{"loc":{"start":{"line":46,"column":35},"end":{"line":46,"column":66}},"type":"cond-expr","locations":[{"start":{"line":46,"column":49},"end":{"line":46,"column":55}},{"start":{"line":46,"column":58},"end":{"line":46,"column":66}}],"line":46},"6":{"loc":{"start":{"line":50,"column":13},"end":{"line":50,"column":74}},"type":"binary-expr","locations":[{"start":{"line":50,"column":13},"end":{"line":50,"column":24}},{"start":{"line":50,"column":28},"end":{"line":50,"column":74}}],"line":50},"7":{"loc":{"start":{"line":56,"column":13},"end":{"line":56,"column":36}},"type":"cond-expr","locations":[{"start":{"line":56,"column":27},"end":{"line":56,"column":30}},{"start":{"line":56,"column":33},"end":{"line":56,"column":36}}],"line":56},"8":{"loc":{"start":{"line":62,"column":35},"end":{"line":62,"column":78}},"type":"cond-expr","locations":[{"start":{"line":62,"column":65},"end":{"line":62,"column":73}},{"start":{"line":62,"column":76},"end":{"line":62,"column":78}}],"line":62},"9":{"loc":{"start":{"line":66,"column":13},"end":{"line":66,"column":47}},"type":"binary-expr","locations":[{"start":{"line":66,"column":13},"end":{"line":66,"column":24}},{"start":{"line":66,"column":28},"end":{"line":66,"column":47}}],"line":66},"10":{"loc":{"start":{"line":67,"column":13},"end":{"line":67,"column":86}},"type":"binary-expr","locations":[{"start":{"line":67,"column":13},"end":{"line":67,"column":40}},{"start":{"line":67,"column":44},"end":{"line":67,"column":86}}],"line":67},"11":{"loc":{"start":{"line":71,"column":35},"end":{"line":71,"column":79}},"type":"cond-expr","locations":[{"start":{"line":71,"column":66},"end":{"line":71,"column":74}},{"start":{"line":71,"column":77},"end":{"line":71,"column":79}}],"line":71},"12":{"loc":{"start":{"line":75,"column":13},"end":{"line":75,"column":52}},"type":"binary-expr","locations":[{"start":{"line":75,"column":13},"end":{"line":75,"column":24}},{"start":{"line":75,"column":28},"end":{"line":75,"column":52}}],"line":75},"13":{"loc":{"start":{"line":76,"column":13},"end":{"line":76,"column":87}},"type":"binary-expr","locations":[{"start":{"line":76,"column":13},"end":{"line":76,"column":41}},{"start":{"line":76,"column":45},"end":{"line":76,"column":87}}],"line":76},"14":{"loc":{"start":{"line":80,"column":35},"end":{"line":80,"column":83}},"type":"cond-expr","locations":[{"start":{"line":80,"column":70},"end":{"line":80,"column":78}},{"start":{"line":80,"column":81},"end":{"line":80,"column":83}}],"line":80},"15":{"loc":{"start":{"line":84,"column":13},"end":{"line":84,"column":52}},"type":"binary-expr","locations":[{"start":{"line":84,"column":13},"end":{"line":84,"column":24}},{"start":{"line":84,"column":28},"end":{"line":84,"column":52}}],"line":84},"16":{"loc":{"start":{"line":85,"column":13},"end":{"line":85,"column":91}},"type":"binary-expr","locations":[{"start":{"line":85,"column":13},"end":{"line":85,"column":45}},{"start":{"line":85,"column":49},"end":{"line":85,"column":91}}],"line":85},"17":{"loc":{"start":{"line":89,"column":35},"end":{"line":89,"column":86}},"type":"cond-expr","locations":[{"start":{"line":89,"column":73},"end":{"line":89,"column":81}},{"start":{"line":89,"column":84},"end":{"line":89,"column":86}}],"line":89},"18":{"loc":{"start":{"line":93,"column":13},"end":{"line":93,"column":55}},"type":"binary-expr","locations":[{"start":{"line":93,"column":13},"end":{"line":93,"column":24}},{"start":{"line":93,"column":28},"end":{"line":93,"column":55}}],"line":93},"19":{"loc":{"start":{"line":94,"column":13},"end":{"line":94,"column":94}},"type":"binary-expr","locations":[{"start":{"line":94,"column":13},"end":{"line":94,"column":48}},{"start":{"line":94,"column":52},"end":{"line":94,"column":94}}],"line":94},"20":{"loc":{"start":{"line":98,"column":35},"end":{"line":98,"column":80}},"type":"cond-expr","locations":[{"start":{"line":98,"column":67},"end":{"line":98,"column":75}},{"start":{"line":98,"column":78},"end":{"line":98,"column":80}}],"line":98},"21":{"loc":{"start":{"line":102,"column":13},"end":{"line":102,"column":49}},"type":"binary-expr","locations":[{"start":{"line":102,"column":13},"end":{"line":102,"column":24}},{"start":{"line":102,"column":28},"end":{"line":102,"column":49}}],"line":102},"22":{"loc":{"start":{"line":103,"column":13},"end":{"line":103,"column":88}},"type":"binary-expr","locations":[{"start":{"line":103,"column":13},"end":{"line":103,"column":42}},{"start":{"line":103,"column":46},"end":{"line":103,"column":88}}],"line":103},"23":{"loc":{"start":{"line":107,"column":35},"end":{"line":107,"column":80}},"type":"cond-expr","locations":[{"start":{"line":107,"column":67},"end":{"line":107,"column":75}},{"start":{"line":107,"column":78},"end":{"line":107,"column":80}}],"line":107},"24":{"loc":{"start":{"line":111,"column":13},"end":{"line":111,"column":49}},"type":"binary-expr","locations":[{"start":{"line":111,"column":13},"end":{"line":111,"column":24}},{"start":{"line":111,"column":28},"end":{"line":111,"column":49}}],"line":111},"25":{"loc":{"start":{"line":112,"column":13},"end":{"line":112,"column":88}},"type":"binary-expr","locations":[{"start":{"line":112,"column":13},"end":{"line":112,"column":42}},{"start":{"line":112,"column":46},"end":{"line":112,"column":88}}],"line":112},"26":{"loc":{"start":{"line":116,"column":35},"end":{"line":116,"column":78}},"type":"cond-expr","locations":[{"start":{"line":116,"column":65},"end":{"line":116,"column":73}},{"start":{"line":116,"column":76},"end":{"line":116,"column":78}}],"line":116},"27":{"loc":{"start":{"line":120,"column":13},"end":{"line":120,"column":50}},"type":"binary-expr","locations":[{"start":{"line":120,"column":13},"end":{"line":120,"column":24}},{"start":{"line":120,"column":28},"end":{"line":120,"column":50}}],"line":120},"28":{"loc":{"start":{"line":121,"column":13},"end":{"line":121,"column":86}},"type":"binary-expr","locations":[{"start":{"line":121,"column":13},"end":{"line":121,"column":40}},{"start":{"line":121,"column":44},"end":{"line":121,"column":86}}],"line":121},"29":{"loc":{"start":{"line":128,"column":13},"end":{"line":128,"column":54}},"type":"binary-expr","locations":[{"start":{"line":128,"column":13},"end":{"line":128,"column":24}},{"start":{"line":128,"column":28},"end":{"line":128,"column":54}}],"line":128},"30":{"loc":{"start":{"line":155,"column":45},"end":{"line":155,"column":75}},"type":"binary-expr","locations":[{"start":{"line":155,"column":45},"end":{"line":155,"column":57}},{"start":{"line":155,"column":61},"end":{"line":155,"column":75}}],"line":155},"31":{"loc":{"start":{"line":160,"column":17},"end":{"line":160,"column":97}},"type":"binary-expr","locations":[{"start":{"line":160,"column":17},"end":{"line":160,"column":54}},{"start":{"line":160,"column":58},"end":{"line":160,"column":97}}],"line":160},"32":{"loc":{"start":{"line":167,"column":11},"end":{"line":285,"column":11}},"type":"binary-expr","locations":[{"start":{"line":167,"column":11},"end":{"line":167,"column":38}},{"start":{"line":168,"column":12},"end":{"line":284,"column":18}}],"line":167},"33":{"loc":{"start":{"line":171,"column":40},"end":{"line":171,"column":70}},"type":"binary-expr","locations":[{"start":{"line":171,"column":40},"end":{"line":171,"column":52}},{"start":{"line":171,"column":56},"end":{"line":171,"column":70}}],"line":171},"34":{"loc":{"start":{"line":287,"column":11},"end":{"line":296,"column":11}},"type":"binary-expr","locations":[{"start":{"line":287,"column":11},"end":{"line":287,"column":39}},{"start":{"line":288,"column":12},"end":{"line":295,"column":18}}],"line":287},"35":{"loc":{"start":{"line":298,"column":11},"end":{"line":307,"column":11}},"type":"binary-expr","locations":[{"start":{"line":298,"column":11},"end":{"line":298,"column":43}},{"start":{"line":299,"column":12},"end":{"line":306,"column":18}}],"line":298},"36":{"loc":{"start":{"line":309,"column":11},"end":{"line":318,"column":11}},"type":"binary-expr","locations":[{"start":{"line":309,"column":11},"end":{"line":309,"column":46}},{"start":{"line":310,"column":12},"end":{"line":317,"column":18}}],"line":309},"37":{"loc":{"start":{"line":320,"column":11},"end":{"line":329,"column":11}},"type":"binary-expr","locations":[{"start":{"line":320,"column":11},"end":{"line":320,"column":40}},{"start":{"line":321,"column":12},"end":{"line":328,"column":18}}],"line":320},"38":{"loc":{"start":{"line":331,"column":11},"end":{"line":340,"column":11}},"type":"binary-expr","locations":[{"start":{"line":331,"column":11},"end":{"line":331,"column":40}},{"start":{"line":332,"column":12},"end":{"line":339,"column":18}}],"line":331},"39":{"loc":{"start":{"line":342,"column":11},"end":{"line":347,"column":11}},"type":"binary-expr","locations":[{"start":{"line":342,"column":11},"end":{"line":342,"column":38}},{"start":{"line":343,"column":12},"end":{"line":346,"column":18}}],"line":342}},"s":{"0":0,"1":0,"2":0,"3":0,"4":0,"5":0,"6":0,"7":0,"8":0,"9":0,"10":0,"11":0,"12":0,"13":0,"14":0,"15":0,"16":0,"17":0,"18":0,"19":0,"20":0,"21":0,"22":0,"23":0,"24":0,"25":0,"26":0,"27":0,"28":0,"29":0,"30":0},"f":{"0":0,"1":0,"2":0,"3":0,"4":0,"5":0,"6":0,"7":0,"8":0,"9":0,"10":0,"11":0,"12":0,"13":0,"14":0,"15":0,"16":0},"b":{"0":[0,0],"1":[0,0],"2":[0,0],"3":[0,0],"4":[0,0],"5":[0,0],"6":[0,0],"7":[0,0],"8":[0,0],"9":[0,0],"10":[0,0],"11":[0,0],"12":[0,0],"13":[0,0],"14":[0,0],"15":[0,0],"16":[0,0],"17":[0,0],"18":[0,0],"19":[0,0],"20":[0,0],"21":[0,0],"22":[0,0],"23":[0,0],"24":[0,0],"25":[0,0],"26":[0,0],"27":[0,0],"28":[0,0],"29":[0,0],"30":[0,0],"31":[0,0],"32":[0,0],"33":[0,0],"34":[0,0],"35":[0,0],"36":[0,0],"37":[0,0],"38":[0,0],"39":[0,0]}}
,"/home/ec2-user/DevOps_ProyectoFinal/frontend/src/pages/Login.jsx": {"path":"/home/ec2-user/DevOps_ProyectoFinal/frontend/src/pages/Login.jsx","statementMap":{"0":{"start":{"line":8,"column":40},"end":{"line":8,"column":54}},"1":{"start":{"line":9,"column":34},"end":{"line":9,"column":46}},"2":{"start":{"line":10,"column":34},"end":{"line":10,"column":46}},"3":{"start":{"line":11,"column":48},"end":{"line":11,"column":60}},"4":{"start":{"line":12,"column":28},"end":{"line":12,"column":40}},"5":{"start":{"line":13,"column":30},"end":{"line":13,"column":42}},"6":{"start":{"line":14,"column":48},"end":{"line":14,"column":60}},"7":{"start":{"line":15,"column":42},"end":{"line":15,"column":60}},"8":{"start":{"line":16,"column":32},"end":{"line":16,"column":44}},"9":{"start":{"line":17,"column":34},"end":{"line":17,"column":49}},"10":{"start":{"line":19,"column":30},"end":{"line":34,"column":3}},"11":{"start":{"line":20,"column":4},"end":{"line":20,"column":46}},"12":{"start":{"line":21,"column":4},"end":{"line":21,"column":60}},"13":{"start":{"line":23,"column":4},"end":{"line":25,"column":5}},"14":{"start":{"line":24,"column":6},"end":{"line":24,"column":27}},"15":{"start":{"line":27,"column":4},"end":{"line":33,"column":5}},"16":{"start":{"line":28,"column":6},"end":{"line":28,"column":48}},"17":{"start":{"line":29,"column":11},"end":{"line":33,"column":5}},"18":{"start":{"line":30,"column":6},"end":{"line":30,"column":48}},"19":{"start":{"line":32,"column":6},"end":{"line":32,"column":49}},"20":{"start":{"line":36,"column":28},"end":{"line":82,"column":3}},"21":{"start":{"line":37,"column":4},"end":{"line":37,"column":23}},"22":{"start":{"line":38,"column":4},"end":{"line":38,"column":19}},"23":{"start":{"line":40,"column":4},"end":{"line":43,"column":5}},"24":{"start":{"line":41,"column":6},"end":{"line":41,"column":56}},"25":{"start":{"line":42,"column":6},"end":{"line":42,"column":13}},"26":{"start":{"line":45,"column":4},"end":{"line":50,"column":5}},"27":{"start":{"line":46,"column":6},"end":{"line":48,"column":8}},"28":{"start":{"line":49,"column":6},"end":{"line":49,"column":13}},"29":{"start":{"line":52,"column":4},"end":{"line":81,"column":5}},"30":{"start":{"line":53,"column":6},"end":{"line":53,"column":24}},"31":{"start":{"line":55,"column":19},"end":{"line":59,"column":8}},"32":{"start":{"line":61,"column":19},"end":{"line":61,"column":36}},"33":{"start":{"line":63,"column":6},"end":{"line":75,"column":7}},"34":{"start":{"line":64,"column":8},"end":{"line":64,"column":69}},"35":{"start":{"line":65,"column":8},"end":{"line":65,"column":64}},"36":{"start":{"line":66,"column":8},"end":{"line":72,"column":17}},"37":{"start":{"line":67,"column":10},"end":{"line":67,"column":31}},"38":{"start":{"line":68,"column":10},"end":{"line":68,"column":25}},"39":{"start":{"line":69,"column":10},"end":{"line":71,"column":11}},"40":{"start":{"line":70,"column":12},"end":{"line":70,"column":38}},"41":{"start":{"line":74,"column":8},"end":{"line":74,"column":71}},"42":{"start":{"line":77,"column":6},"end":{"line":77,"column":27}},"43":{"start":{"line":78,"column":6},"end":{"line":78,"column":54}},"44":{"start":{"line":80,"column":6},"end":{"line":80,"column":25}},"45":{"start":{"line":84,"column":31},"end":{"line":154,"column":3}},"46":{"start":{"line":85,"column":4},"end":{"line":85,"column":23}},"47":{"start":{"line":86,"column":4},"end":{"line":86,"column":19}},"48":{"start":{"line":88,"column":4},"end":{"line":91,"column":5}},"49":{"start":{"line":89,"column":6},"end":{"line":89,"column":56}},"50":{"start":{"line":90,"column":6},"end":{"line":90,"column":13}},"51":{"start":{"line":93,"column":4},"end":{"line":96,"column":5}},"52":{"start":{"line":94,"column":6},"end":{"line":94,"column":64}},"53":{"start":{"line":95,"column":6},"end":{"line":95,"column":13}},"54":{"start":{"line":98,"column":4},"end":{"line":101,"column":5}},"55":{"start":{"line":99,"column":6},"end":{"line":99,"column":67}},"56":{"start":{"line":100,"column":6},"end":{"line":100,"column":13}},"57":{"start":{"line":103,"column":4},"end":{"line":106,"column":5}},"58":{"start":{"line":104,"column":6},"end":{"line":104,"column":49}},"59":{"start":{"line":105,"column":6},"end":{"line":105,"column":13}},"60":{"start":{"line":108,"column":23},"end":{"line":108,"column":51}},"61":{"start":{"line":109,"column":4},"end":{"line":112,"column":5}},"62":{"start":{"line":110,"column":6},"end":{"line":110,"column":35}},"63":{"start":{"line":111,"column":6},"end":{"line":111,"column":13}},"64":{"start":{"line":114,"column":4},"end":{"line":153,"column":5}},"65":{"start":{"line":115,"column":6},"end":{"line":115,"column":24}},"66":{"start":{"line":117,"column":19},"end":{"line":128,"column":8}},"67":{"start":{"line":130,"column":19},"end":{"line":130,"column":36}},"68":{"start":{"line":132,"column":6},"end":{"line":147,"column":7}},"69":{"start":{"line":133,"column":8},"end":{"line":133,"column":55}},"70":{"start":{"line":134,"column":8},"end":{"line":144,"column":17}},"71":{"start":{"line":135,"column":10},"end":{"line":135,"column":31}},"72":{"start":{"line":136,"column":10},"end":{"line":136,"column":25}},"73":{"start":{"line":137,"column":10},"end":{"line":137,"column":26}},"74":{"start":{"line":138,"column":10},"end":{"line":138,"column":26}},"75":{"start":{"line":139,"column":10},"end":{"line":139,"column":33}},"76":{"start":{"line":140,"column":10},"end":{"line":140,"column":23}},"77":{"start":{"line":141,"column":10},"end":{"line":141,"column":24}},"78":{"start":{"line":142,"column":10},"end":{"line":142,"column":33}},"79":{"start":{"line":143,"column":10},"end":{"line":143,"column":36}},"80":{"start":{"line":146,"column":8},"end":{"line":146,"column":59}},"81":{"start":{"line":149,"column":6},"end":{"line":149,"column":27}},"82":{"start":{"line":150,"column":6},"end":{"line":150,"column":54}},"83":{"start":{"line":152,"column":6},"end":{"line":152,"column":25}},"84":{"start":{"line":156,"column":21},"end":{"line":167,"column":3}},"85":{"start":{"line":157,"column":4},"end":{"line":157,"column":25}},"86":{"start":{"line":158,"column":4},"end":{"line":158,"column":19}},"87":{"start":{"line":159,"column":4},"end":{"line":159,"column":20}},"88":{"start":{"line":160,"column":4},"end":{"line":160,"column":20}},"89":{"start":{"line":161,"column":4},"end":{"line":161,"column":27}},"90":{"start":{"line":162,"column":4},"end":{"line":162,"column":17}},"91":{"start":{"line":163,"column":4},"end":{"line":163,"column":18}},"92":{"start":{"line":164,"column":4},"end":{"line":164,"column":27}},"93":{"start":{"line":165,"column":4},"end":{"line":165,"column":30}},"94":{"start":{"line":166,"column":4},"end":{"line":166,"column":23}},"95":{"start":{"line":169,"column":22},"end":{"line":172,"column":3}},"96":{"start":{"line":170,"column":4},"end":{"line":170,"column":19}},"97":{"start":{"line":171,"column":4},"end":{"line":171,"column":26}},"98":{"start":{"line":174,"column":2},"end":{"line":552,"column":4}},"99":{"start":{"line":209,"column":29},"end":{"line":209,"column":52}},"100":{"start":{"line":215,"column":29},"end":{"line":215,"column":55}},"101":{"start":{"line":234,"column":57},"end":{"line":234,"column":76}},"102":{"start":{"line":254,"column":37},"end":{"line":254,"column":64}},"103":{"start":{"line":271,"column":37},"end":{"line":271,"column":64}},"104":{"start":{"line":320,"column":20},"end":{"line":320,"column":39}},"105":{"start":{"line":321,"column":20},"end":{"line":321,"column":44}},"106":{"start":{"line":334,"column":57},"end":{"line":334,"column":76}},"107":{"start":{"line":354,"column":37},"end":{"line":354,"column":62}},"108":{"start":{"line":371,"column":37},"end":{"line":371,"column":71}},"109":{"start":{"line":388,"column":37},"end":{"line":388,"column":64}},"110":{"start":{"line":405,"column":37},"end":{"line":405,"column":61}},"111":{"start":{"line":422,"column":37},"end":{"line":422,"column":64}},"112":{"start":{"line":439,"column":37},"end":{"line":439,"column":71}},"113":{"start":{"line":462,"column":41},"end":{"line":462,"column":72}},"114":{"start":{"line":479,"column":41},"end":{"line":479,"column":72}},"115":{"start":{"line":496,"column":41},"end":{"line":496,"column":72}},"116":{"start":{"line":540,"column":20},"end":{"line":540,"column":39}},"117":{"start":{"line":541,"column":20},"end":{"line":541,"column":41}},"118":{"start":{"line":555,"column":0},"end":{"line":557,"column":2}}},"fnMap":{"0":{"name":"Login","decl":{"start":{"line":7,"column":9},"end":{"line":7,"column":14}},"loc":{"start":{"line":7,"column":35},"end":{"line":553,"column":1}},"line":7},"1":{"name":"(anonymous_1)","decl":{"start":{"line":19,"column":30},"end":{"line":19,"column":31}},"loc":{"start":{"line":19,"column":40},"end":{"line":34,"column":3}},"line":19},"2":{"name":"(anonymous_2)","decl":{"start":{"line":36,"column":28},"end":{"line":36,"column":29}},"loc":{"start":{"line":36,"column":41},"end":{"line":82,"column":3}},"line":36},"3":{"name":"(anonymous_3)","decl":{"start":{"line":66,"column":19},"end":{"line":66,"column":20}},"loc":{"start":{"line":66,"column":25},"end":{"line":72,"column":9}},"line":66},"4":{"name":"(anonymous_4)","decl":{"start":{"line":84,"column":31},"end":{"line":84,"column":32}},"loc":{"start":{"line":84,"column":44},"end":{"line":154,"column":3}},"line":84},"5":{"name":"(anonymous_5)","decl":{"start":{"line":134,"column":19},"end":{"line":134,"column":20}},"loc":{"start":{"line":134,"column":25},"end":{"line":144,"column":9}},"line":134},"6":{"name":"(anonymous_6)","decl":{"start":{"line":156,"column":21},"end":{"line":156,"column":22}},"loc":{"start":{"line":156,"column":27},"end":{"line":167,"column":3}},"line":156},"7":{"name":"(anonymous_7)","decl":{"start":{"line":169,"column":22},"end":{"line":169,"column":23}},"loc":{"start":{"line":169,"column":33},"end":{"line":172,"column":3}},"line":169},"8":{"name":"(anonymous_8)","decl":{"start":{"line":209,"column":23},"end":{"line":209,"column":24}},"loc":{"start":{"line":209,"column":29},"end":{"line":209,"column":52}},"line":209},"9":{"name":"(anonymous_9)","decl":{"start":{"line":215,"column":23},"end":{"line":215,"column":24}},"loc":{"start":{"line":215,"column":29},"end":{"line":215,"column":55}},"line":215},"10":{"name":"(anonymous_10)","decl":{"start":{"line":234,"column":50},"end":{"line":234,"column":51}},"loc":{"start":{"line":234,"column":57},"end":{"line":234,"column":76}},"line":234},"11":{"name":"(anonymous_11)","decl":{"start":{"line":254,"column":30},"end":{"line":254,"column":31}},"loc":{"start":{"line":254,"column":37},"end":{"line":254,"column":64}},"line":254},"12":{"name":"(anonymous_12)","decl":{"start":{"line":271,"column":30},"end":{"line":271,"column":31}},"loc":{"start":{"line":271,"column":37},"end":{"line":271,"column":64}},"line":271},"13":{"name":"(anonymous_13)","decl":{"start":{"line":319,"column":27},"end":{"line":319,"column":28}},"loc":{"start":{"line":319,"column":34},"end":{"line":322,"column":19}},"line":319},"14":{"name":"(anonymous_14)","decl":{"start":{"line":334,"column":50},"end":{"line":334,"column":51}},"loc":{"start":{"line":334,"column":57},"end":{"line":334,"column":76}},"line":334},"15":{"name":"(anonymous_15)","decl":{"start":{"line":354,"column":30},"end":{"line":354,"column":31}},"loc":{"start":{"line":354,"column":37},"end":{"line":354,"column":62}},"line":354},"16":{"name":"(anonymous_16)","decl":{"start":{"line":371,"column":30},"end":{"line":371,"column":31}},"loc":{"start":{"line":371,"column":37},"end":{"line":371,"column":71}},"line":371},"17":{"name":"(anonymous_17)","decl":{"start":{"line":388,"column":30},"end":{"line":388,"column":31}},"loc":{"start":{"line":388,"column":37},"end":{"line":388,"column":64}},"line":388},"18":{"name":"(anonymous_18)","decl":{"start":{"line":405,"column":30},"end":{"line":405,"column":31}},"loc":{"start":{"line":405,"column":37},"end":{"line":405,"column":61}},"line":405},"19":{"name":"(anonymous_19)","decl":{"start":{"line":422,"column":30},"end":{"line":422,"column":31}},"loc":{"start":{"line":422,"column":37},"end":{"line":422,"column":64}},"line":422},"20":{"name":"(anonymous_20)","decl":{"start":{"line":439,"column":30},"end":{"line":439,"column":31}},"loc":{"start":{"line":439,"column":37},"end":{"line":439,"column":71}},"line":439},"21":{"name":"(anonymous_21)","decl":{"start":{"line":462,"column":34},"end":{"line":462,"column":35}},"loc":{"start":{"line":462,"column":41},"end":{"line":462,"column":72}},"line":462},"22":{"name":"(anonymous_22)","decl":{"start":{"line":479,"column":34},"end":{"line":479,"column":35}},"loc":{"start":{"line":479,"column":41},"end":{"line":479,"column":72}},"line":479},"23":{"name":"(anonymous_23)","decl":{"start":{"line":496,"column":34},"end":{"line":496,"column":35}},"loc":{"start":{"line":496,"column":41},"end":{"line":496,"column":72}},"line":496},"24":{"name":"(anonymous_24)","decl":{"start":{"line":539,"column":27},"end":{"line":539,"column":28}},"loc":{"start":{"line":539,"column":34},"end":{"line":542,"column":19}},"line":539}},"branchMap":{"0":{"loc":{"start":{"line":23,"column":4},"end":{"line":25,"column":5}},"type":"if","locations":[{"start":{"line":23,"column":4},"end":{"line":25,"column":5}},{"start":{},"end":{}}],"line":23},"1":{"loc":{"start":{"line":27,"column":4},"end":{"line":33,"column":5}},"type":"if","locations":[{"start":{"line":27,"column":4},"end":{"line":33,"column":5}},{"start":{"line":29,"column":11},"end":{"line":33,"column":5}}],"line":27},"2":{"loc":{"start":{"line":29,"column":11},"end":{"line":33,"column":5}},"type":"if","locations":[{"start":{"line":29,"column":11},"end":{"line":33,"column":5}},{"start":{"line":31,"column":11},"end":{"line":33,"column":5}}],"line":29},"3":{"loc":{"start":{"line":40,"column":4},"end":{"line":43,"column":5}},"type":"if","locations":[{"start":{"line":40,"column":4},"end":{"line":43,"column":5}},{"start":{},"end":{}}],"line":40},"4":{"loc":{"start":{"line":40,"column":8},"end":{"line":40,"column":30}},"type":"binary-expr","locations":[{"start":{"line":40,"column":8},"end":{"line":40,"column":17}},{"start":{"line":40,"column":21},"end":{"line":40,"column":30}}],"line":40},"5":{"loc":{"start":{"line":45,"column":4},"end":{"line":50,"column":5}},"type":"if","locations":[{"start":{"line":45,"column":4},"end":{"line":50,"column":5}},{"start":{},"end":{}}],"line":45},"6":{"loc":{"start":{"line":45,"column":8},"end":{"line":45,"column":50}},"type":"binary-expr","locations":[{"start":{"line":45,"column":8},"end":{"line":45,"column":27}},{"start":{"line":45,"column":31},"end":{"line":45,"column":50}}],"line":45},"7":{"loc":{"start":{"line":63,"column":6},"end":{"line":75,"column":7}},"type":"if","locations":[{"start":{"line":63,"column":6},"end":{"line":75,"column":7}},{"start":{"line":73,"column":13},"end":{"line":75,"column":7}}],"line":63},"8":{"loc":{"start":{"line":63,"column":10},"end":{"line":63,"column":28}},"type":"binary-expr","locations":[{"start":{"line":63,"column":10},"end":{"line":63,"column":17}},{"start":{"line":63,"column":21},"end":{"line":63,"column":28}}],"line":63},"9":{"loc":{"start":{"line":64,"column":19},"end":{"line":64,"column":67}},"type":"binary-expr","locations":[{"start":{"line":64,"column":19},"end":{"line":64,"column":31}},{"start":{"line":64,"column":35},"end":{"line":64,"column":67}}],"line":64},"10":{"loc":{"start":{"line":69,"column":10},"end":{"line":71,"column":11}},"type":"if","locations":[{"start":{"line":69,"column":10},"end":{"line":71,"column":11}},{"start":{},"end":{}}],"line":69},"11":{"loc":{"start":{"line":74,"column":19},"end":{"line":74,"column":69}},"type":"binary-expr","locations":[{"start":{"line":74,"column":19},"end":{"line":74,"column":31}},{"start":{"line":74,"column":35},"end":{"line":74,"column":69}}],"line":74},"12":{"loc":{"start":{"line":88,"column":4},"end":{"line":91,"column":5}},"type":"if","locations":[{"start":{"line":88,"column":4},"end":{"line":91,"column":5}},{"start":{},"end":{}}],"line":88},"13":{"loc":{"start":{"line":88,"column":8},"end":{"line":88,"column":91}},"type":"binary-expr","locations":[{"start":{"line":88,"column":8},"end":{"line":88,"column":17}},{"start":{"line":88,"column":21},"end":{"line":88,"column":30}},{"start":{"line":88,"column":34},"end":{"line":88,"column":40}},{"start":{"line":88,"column":44},"end":{"line":88,"column":60}},{"start":{"line":88,"column":64},"end":{"line":88,"column":71}},{"start":{"line":88,"column":75},"end":{"line":88,"column":91}}],"line":88},"14":{"loc":{"start":{"line":93,"column":4},"end":{"line":96,"column":5}},"type":"if","locations":[{"start":{"line":93,"column":4},"end":{"line":96,"column":5}},{"start":{},"end":{}}],"line":93},"15":{"loc":{"start":{"line":98,"column":4},"end":{"line":101,"column":5}},"type":"if","locations":[{"start":{"line":98,"column":4},"end":{"line":101,"column":5}},{"start":{},"end":{}}],"line":98},"16":{"loc":{"start":{"line":103,"column":4},"end":{"line":106,"column":5}},"type":"if","locations":[{"start":{"line":103,"column":4},"end":{"line":106,"column":5}},{"start":{},"end":{}}],"line":103},"17":{"loc":{"start":{"line":109,"column":4},"end":{"line":112,"column":5}},"type":"if","locations":[{"start":{"line":109,"column":4},"end":{"line":112,"column":5}},{"start":{},"end":{}}],"line":109},"18":{"loc":{"start":{"line":132,"column":6},"end":{"line":147,"column":7}},"type":"if","locations":[{"start":{"line":132,"column":6},"end":{"line":147,"column":7}},{"start":{"line":145,"column":13},"end":{"line":147,"column":7}}],"line":132},"19":{"loc":{"start":{"line":132,"column":10},"end":{"line":132,"column":28}},"type":"binary-expr","locations":[{"start":{"line":132,"column":10},"end":{"line":132,"column":17}},{"start":{"line":132,"column":21},"end":{"line":132,"column":28}}],"line":132},"20":{"loc":{"start":{"line":133,"column":19},"end":{"line":133,"column":53}},"type":"binary-expr","locations":[{"start":{"line":133,"column":19},"end":{"line":133,"column":31}},{"start":{"line":133,"column":35},"end":{"line":133,"column":53}}],"line":133},"21":{"loc":{"start":{"line":146,"column":19},"end":{"line":146,"column":57}},"type":"binary-expr","locations":[{"start":{"line":146,"column":19},"end":{"line":146,"column":31}},{"start":{"line":146,"column":35},"end":{"line":146,"column":57}}],"line":146},"22":{"loc":{"start":{"line":232,"column":7},"end":{"line":330,"column":7}},"type":"binary-expr","locations":[{"start":{"line":232,"column":7},"end":{"line":232,"column":30}},{"start":{"line":233,"column":8},"end":{"line":329,"column":14}}],"line":232},"23":{"loc":{"start":{"line":285,"column":44},"end":{"line":285,"column":69}},"type":"cond-expr","locations":[{"start":{"line":285,"column":55},"end":{"line":285,"column":64}},{"start":{"line":285,"column":67},"end":{"line":285,"column":69}}],"line":285},"24":{"loc":{"start":{"line":288,"column":19},"end":{"line":288,"column":63}},"type":"cond-expr","locations":[{"start":{"line":288,"column":30},"end":{"line":288,"column":44}},{"start":{"line":288,"column":47},"end":{"line":288,"column":63}}],"line":288},"25":{"loc":{"start":{"line":305,"column":13},"end":{"line":312,"column":13}},"type":"binary-expr","locations":[{"start":{"line":305,"column":13},"end":{"line":305,"column":20}},{"start":{"line":306,"column":14},"end":{"line":311,"column":20}}],"line":305},"26":{"loc":{"start":{"line":306,"column":41},"end":{"line":306,"column":127}},"type":"cond-expr","locations":[{"start":{"line":306,"column":108},"end":{"line":306,"column":117}},{"start":{"line":306,"column":120},"end":{"line":306,"column":127}}],"line":306},"27":{"loc":{"start":{"line":306,"column":41},"end":{"line":306,"column":105}},"type":"binary-expr","locations":[{"start":{"line":306,"column":41},"end":{"line":306,"column":74}},{"start":{"line":306,"column":78},"end":{"line":306,"column":105}}],"line":306},"28":{"loc":{"start":{"line":308,"column":19},"end":{"line":308,"column":95}},"type":"cond-expr","locations":[{"start":{"line":308,"column":86},"end":{"line":308,"column":89}},{"start":{"line":308,"column":92},"end":{"line":308,"column":95}}],"line":308},"29":{"loc":{"start":{"line":308,"column":19},"end":{"line":308,"column":83}},"type":"binary-expr","locations":[{"start":{"line":308,"column":19},"end":{"line":308,"column":52}},{"start":{"line":308,"column":56},"end":{"line":308,"column":83}}],"line":308},"30":{"loc":{"start":{"line":332,"column":7},"end":{"line":550,"column":7}},"type":"binary-expr","locations":[{"start":{"line":332,"column":7},"end":{"line":332,"column":33}},{"start":{"line":333,"column":8},"end":{"line":549,"column":14}}],"line":332},"31":{"loc":{"start":{"line":456,"column":66},"end":{"line":456,"column":116}},"type":"cond-expr","locations":[{"start":{"line":456,"column":101},"end":{"line":456,"column":111}},{"start":{"line":456,"column":114},"end":{"line":456,"column":116}}],"line":456},"32":{"loc":{"start":{"line":473,"column":66},"end":{"line":473,"column":108}},"type":"cond-expr","locations":[{"start":{"line":473,"column":93},"end":{"line":473,"column":103}},{"start":{"line":473,"column":106},"end":{"line":473,"column":108}}],"line":473},"33":{"loc":{"start":{"line":490,"column":67},"end":{"line":490,"column":110}},"type":"cond-expr","locations":[{"start":{"line":490,"column":95},"end":{"line":490,"column":105}},{"start":{"line":490,"column":108},"end":{"line":490,"column":110}}],"line":490},"34":{"loc":{"start":{"line":513,"column":44},"end":{"line":513,"column":69}},"type":"cond-expr","locations":[{"start":{"line":513,"column":55},"end":{"line":513,"column":64}},{"start":{"line":513,"column":67},"end":{"line":513,"column":69}}],"line":513},"35":{"loc":{"start":{"line":516,"column":19},"end":{"line":516,"column":63}},"type":"cond-expr","locations":[{"start":{"line":516,"column":30},"end":{"line":516,"column":46}},{"start":{"line":516,"column":49},"end":{"line":516,"column":63}}],"line":516},"36":{"loc":{"start":{"line":525,"column":13},"end":{"line":532,"column":13}},"type":"binary-expr","locations":[{"start":{"line":525,"column":13},"end":{"line":525,"column":20}},{"start":{"line":526,"column":14},"end":{"line":531,"column":20}}],"line":525},"37":{"loc":{"start":{"line":526,"column":41},"end":{"line":526,"column":90}},"type":"cond-expr","locations":[{"start":{"line":526,"column":71},"end":{"line":526,"column":80}},{"start":{"line":526,"column":83},"end":{"line":526,"column":90}}],"line":526},"38":{"loc":{"start":{"line":528,"column":19},"end":{"line":528,"column":58}},"type":"cond-expr","locations":[{"start":{"line":528,"column":49},"end":{"line":528,"column":52}},{"start":{"line":528,"column":55},"end":{"line":528,"column":58}}],"line":528}},"s":{"0":29,"1":29,"2":29,"3":29,"4":29,"5":29,"6":29,"7":29,"8":29,"9":29,"10":29,"11":0,"12":0,"13":0,"14":0,"15":0,"16":0,"17":0,"18":0,"19":0,"20":29,"21":0,"22":0,"23":0,"24":0,"25":0,"26":0,"27":0,"28":0,"29":0,"30":0,"31":0,"32":0,"33":0,"34":0,"35":0,"36":0,"37":0,"38":0,"39":0,"40":0,"41":0,"42":0,"43":0,"44":0,"45":29,"46":0,"47":0,"48":0,"49":0,"50":0,"51":0,"52":0,"53":0,"54":0,"55":0,"56":0,"57":0,"58":0,"59":0,"60":0,"61":0,"62":0,"63":0,"64":0,"65":0,"66":0,"67":0,"68":0,"69":0,"70":0,"71":0,"72":0,"73":0,"74":0,"75":0,"76":0,"77":0,"78":0,"79":0,"80":0,"81":0,"82":0,"83":0,"84":29,"85":1,"86":1,"87":1,"88":1,"89":1,"90":1,"91":1,"92":1,"93":1,"94":1,"95":29,"96":0,"97":0,"98":29,"99":6,"100":6,"101":1,"102":0,"103":0,"104":0,"105":0,"106":0,"107":0,"108":0,"109":0,"110":0,"111":0,"112":0,"113":0,"114":0,"115":0,"116":0,"117":0,"118":1},"f":{"0":29,"1":0,"2":0,"3":0,"4":0,"5":0,"6":1,"7":0,"8":6,"9":6,"10":1,"11":0,"12":0,"13":0,"14":0,"15":0,"16":0,"17":0,"18":0,"19":0,"20":0,"21":0,"22":0,"23":0,"24":0},"b":{"0":[0,0],"1":[0,0],"2":[0,0],"3":[0,0],"4":[0,0],"5":[0,0],"6":[0,0],"7":[0,0],"8":[0,0],"9":[0,0],"10":[0,0],"11":[0,0],"12":[0,0],"13":[0,0,0,0,0,0],"14":[0,0],"15":[0,0],"16":[0,0],"17":[0,0],"18":[0,0],"19":[0,0],"20":[0,0],"21":[0,0],"22":[29,6],"23":[0,6],"24":[0,6],"25":[6,0],"26":[0,0],"27":[0,0],"28":[0,0],"29":[0,0],"30":[29,6],"31":[0,6],"32":[0,6],"33":[6,0],"34":[0,6],"35":[0,6],"36":[6,0],"37":[0,0],"38":[0,0]},"_coverageSchema":"1a1c01bbd47fc00a2c39e90264f33305004495a9","hash":"9c68ebcf2967f10646c1d68944b8ab121ea92fab"}
}
