{"C:\\Proyectos\\DevOps_ProyectoFinal\\frontend\\src\\App.jsx": {"path":"C:\\Proyectos\\DevOps_ProyectoFinal\\frontend\\src\\App.jsx","statementMap":{"0":{"start":{"line":9,"column":26},"end":{"line":9,"column":40}},"1":{"start":{"line":11,"column":2},"end":{"line":21,"column":9}},"2":{"start":{"line":12,"column":22},"end":{"line":12,"column":50}},"3":{"start":{"line":13,"column":4},"end":{"line":20,"column":5}},"4":{"start":{"line":14,"column":6},"end":{"line":19,"column":7}},"5":{"start":{"line":15,"column":8},"end":{"line":15,"column":39}},"6":{"start":{"line":17,"column":8},"end":{"line":17,"column":57}},"7":{"start":{"line":18,"column":8},"end":{"line":18,"column":40}},"8":{"start":{"line":23,"column":29},"end":{"line":25,"column":3}},"9":{"start":{"line":24,"column":4},"end":{"line":24,"column":22}},"10":{"start":{"line":27,"column":23},"end":{"line":30,"column":3}},"11":{"start":{"line":28,"column":4},"end":{"line":28,"column":18}},"12":{"start":{"line":29,"column":4},"end":{"line":29,"column":36}},"13":{"start":{"line":32,"column":26},"end":{"line":45,"column":3}},"14":{"start":{"line":33,"column":4},"end":{"line":33,"column":68}},"15":{"start":{"line":33,"column":15},"end":{"line":33,"column":68}},"16":{"start":{"line":35,"column":4},"end":{"line":44,"column":5}},"17":{"start":{"line":37,"column":8},"end":{"line":37,"column":70}},"18":{"start":{"line":39,"column":8},"end":{"line":39,"column":70}},"19":{"start":{"line":41,"column":8},"end":{"line":41,"column":71}},"20":{"start":{"line":43,"column":8},"end":{"line":43,"column":61}},"21":{"start":{"line":47,"column":2},"end":{"line":51,"column":4}}},"fnMap":{"0":{"name":"App","decl":{"start":{"line":8,"column":9},"end":{"line":8,"column":12}},"loc":{"start":{"line":8,"column":15},"end":{"line":52,"column":1}},"line":8},"1":{"name":"(anonymous_1)","decl":{"start":{"line":11,"column":12},"end":{"line":11,"column":13}},"loc":{"start":{"line":11,"column":18},"end":{"line":21,"column":3}},"line":11},"2":{"name":"(anonymous_2)","decl":{"start":{"line":23,"column":29},"end":{"line":23,"column":30}},"loc":{"start":{"line":23,"column":43},"end":{"line":25,"column":3}},"line":23},"3":{"name":"(anonymous_3)","decl":{"start":{"line":27,"column":23},"end":{"line":27,"column":24}},"loc":{"start":{"line":27,"column":29},"end":{"line":30,"column":3}},"line":27},"4":{"name":"(anonymous_4)","decl":{"start":{"line":32,"column":26},"end":{"line":32,"column":27}},"loc":{"start":{"line":32,"column":32},"end":{"line":45,"column":3}},"line":32}},"branchMap":{"0":{"loc":{"start":{"line":13,"column":4},"end":{"line":20,"column":5}},"type":"if","locations":[{"start":{"line":13,"column":4},"end":{"line":20,"column":5}},{"start":{},"end":{}}],"line":13},"1":{"loc":{"start":{"line":33,"column":4},"end":{"line":33,"column":68}},"type":"if","locations":[{"start":{"line":33,"column":4},"end":{"line":33,"column":68}},{"start":{},"end":{}}],"line":33},"2":{"loc":{"start":{"line":35,"column":4},"end":{"line":44,"column":5}},"type":"switch","locations":[{"start":{"line":36,"column":6},"end":{"line":37,"column":70}},{"start":{"line":38,"column":6},"end":{"line":39,"column":70}},{"start":{"line":40,"column":6},"end":{"line":41,"column":71}},{"start":{"line":42,"column":6},"end":{"line":43,"column":61}}],"line":35}},"s":{"0":0,"1":0,"2":0,"3":0,"4":0,"5":0,"6":0,"7":0,"8":0,"9":0,"10":0,"11":0,"12":0,"13":0,"14":0,"15":0,"16":0,"17":0,"18":0,"19":0,"20":0,"21":0},"f":{"0":0,"1":0,"2":0,"3":0,"4":0},"b":{"0":[0,0],"1":[0,0],"2":[0,0,0,0]}}
,"C:\\Proyectos\\DevOps_ProyectoFinal\\frontend\\src\\GoogleTest.jsx": {"path":"C:\\Proyectos\\DevOps_ProyectoFinal\\frontend\\src\\GoogleTest.jsx","statementMap":{"0":{"start":{"line":4,"column":20},"end":{"line":4,"column":32}},"1":{"start":{"line":6,"column":2},"end":{"line":36,"column":9}},"2":{"start":{"line":7,"column":21},"end":{"line":7,"column":58}},"3":{"start":{"line":9,"column":4},"end":{"line":9,"column":61}},"4":{"start":{"line":13,"column":6},"end":{"line":16,"column":7}},"5":{"start":{"line":14,"column":8},"end":{"line":14,"column":78}},"6":{"start":{"line":15,"column":8},"end":{"line":15,"column":15}},"7":{"start":{"line":18,"column":6},"end":{"line":24,"column":9}},"8":{"start":{"line":21,"column":10},"end":{"line":21,"column":57}},"9":{"start":{"line":22,"column":10},"end":{"line":22,"column":69}},"10":{"start":{"line":26,"column":6},"end":{"line":30,"column":9}},"11":{"start":{"line":33,"column":20},"end":{"line":33,"column":53}},"12":{"start":{"line":35,"column":4},"end":{"line":35,"column":39}},"13":{"start":{"line":35,"column":17},"end":{"line":35,"column":38}},"14":{"start":{"line":38,"column":2},"end":{"line":43,"column":4}}},"fnMap":{"0":{"name":"GoogleTest","decl":{"start":{"line":3,"column":9},"end":{"line":3,"column":19}},"loc":{"start":{"line":3,"column":22},"end":{"line":44,"column":1}},"line":3},"1":{"name":"(anonymous_1)","decl":{"start":{"line":6,"column":12},"end":{"line":6,"column":13}},"loc":{"start":{"line":6,"column":18},"end":{"line":36,"column":3}},"line":6},"2":{"name":"initializeGoogle","decl":{"start":{"line":12,"column":13},"end":{"line":12,"column":29}},"loc":{"start":{"line":12,"column":32},"end":{"line":31,"column":5}},"line":12},"3":{"name":"(anonymous_3)","decl":{"start":{"line":20,"column":18},"end":{"line":20,"column":19}},"loc":{"start":{"line":20,"column":32},"end":{"line":23,"column":9}},"line":20},"4":{"name":"(anonymous_4)","decl":{"start":{"line":35,"column":11},"end":{"line":35,"column":12}},"loc":{"start":{"line":35,"column":17},"end":{"line":35,"column":38}},"line":35}},"branchMap":{"0":{"loc":{"start":{"line":13,"column":6},"end":{"line":16,"column":7}},"type":"if","locations":[{"start":{"line":13,"column":6},"end":{"line":16,"column":7}},{"start":{},"end":{}}],"line":13},"1":{"loc":{"start":{"line":13,"column":10},"end":{"line":13,"column":81}},"type":"binary-expr","locations":[{"start":{"line":13,"column":10},"end":{"line":13,"column":24}},{"start":{"line":13,"column":28},"end":{"line":13,"column":51}},{"start":{"line":13,"column":55},"end":{"line":13,"column":81}}],"line":13}},"s":{"0":0,"1":0,"2":0,"3":0,"4":0,"5":0,"6":0,"7":0,"8":0,"9":0,"10":0,"11":0,"12":0,"13":0,"14":0},"f":{"0":0,"1":0,"2":0,"3":0,"4":0},"b":{"0":[0,0],"1":[0,0,0]}}
,"C:\\Proyectos\\DevOps_ProyectoFinal\\frontend\\src\\components\\GoogleLoginButton.jsx": {"path":"C:\\Proyectos\\DevOps_ProyectoFinal\\frontend\\src\\components\\GoogleLoginButton.jsx","statementMap":{"0":{"start":{"line":8,"column":26},"end":{"line":55,"column":1}},"1":{"start":{"line":9,"column":20},"end":{"line":9,"column":32}},"2":{"start":{"line":11,"column":2},"end":{"line":37,"column":9}},"3":{"start":{"line":12,"column":4},"end":{"line":15,"column":5}},"4":{"start":{"line":13,"column":6},"end":{"line":13,"column":70}},"5":{"start":{"line":14,"column":6},"end":{"line":14,"column":13}},"6":{"start":{"line":17,"column":4},"end":{"line":24,"column":5}},"7":{"start":{"line":22,"column":6},"end":{"line":22,"column":67}},"8":{"start":{"line":23,"column":6},"end":{"line":23,"column":13}},"9":{"start":{"line":26,"column":4},"end":{"line":29,"column":7}},"10":{"start":{"line":31,"column":4},"end":{"line":36,"column":7}},"11":{"start":{"line":39,"column":35},"end":{"line":52,"column":3}},"12":{"start":{"line":40,"column":4},"end":{"line":51,"column":5}},"13":{"start":{"line":41,"column":18},"end":{"line":43,"column":8}},"14":{"start":{"line":45,"column":6},"end":{"line":47,"column":7}},"15":{"start":{"line":46,"column":8},"end":{"line":46,"column":28}},"16":{"start":{"line":49,"column":6},"end":{"line":49,"column":57}},"17":{"start":{"line":50,"column":6},"end":{"line":50,"column":50}},"18":{"start":{"line":54,"column":2},"end":{"line":54,"column":37}},"19":{"start":{"line":57,"column":0},"end":{"line":59,"column":2}}},"fnMap":{"0":{"name":"(anonymous_0)","decl":{"start":{"line":8,"column":26},"end":{"line":8,"column":27}},"loc":{"start":{"line":8,"column":45},"end":{"line":55,"column":1}},"line":8},"1":{"name":"(anonymous_1)","decl":{"start":{"line":11,"column":12},"end":{"line":11,"column":13}},"loc":{"start":{"line":11,"column":18},"end":{"line":37,"column":3}},"line":11},"2":{"name":"(anonymous_2)","decl":{"start":{"line":39,"column":35},"end":{"line":39,"column":36}},"loc":{"start":{"line":39,"column":55},"end":{"line":52,"column":3}},"line":39}},"branchMap":{"0":{"loc":{"start":{"line":12,"column":4},"end":{"line":15,"column":5}},"type":"if","locations":[{"start":{"line":12,"column":4},"end":{"line":15,"column":5}},{"start":{},"end":{}}],"line":12},"1":{"loc":{"start":{"line":17,"column":4},"end":{"line":24,"column":5}},"type":"if","locations":[{"start":{"line":17,"column":4},"end":{"line":24,"column":5}},{"start":{},"end":{}}],"line":17},"2":{"loc":{"start":{"line":18,"column":6},"end":{"line":20,"column":32}},"type":"binary-expr","locations":[{"start":{"line":18,"column":6},"end":{"line":18,"column":20}},{"start":{"line":19,"column":6},"end":{"line":19,"column":29}},{"start":{"line":20,"column":6},"end":{"line":20,"column":32}}],"line":18},"3":{"loc":{"start":{"line":45,"column":6},"end":{"line":47,"column":7}},"type":"if","locations":[{"start":{"line":45,"column":6},"end":{"line":47,"column":7}},{"start":{},"end":{}}],"line":45}},"s":{"0":0,"1":0,"2":0,"3":0,"4":0,"5":0,"6":0,"7":0,"8":0,"9":0,"10":0,"11":0,"12":0,"13":0,"14":0,"15":0,"16":0,"17":0,"18":0,"19":0},"f":{"0":0,"1":0,"2":0},"b":{"0":[0,0],"1":[0,0],"2":[0,0,0],"3":[0,0]}}
,"C:\\Proyectos\\DevOps_ProyectoFinal\\frontend\\src\\config\\api.js": {"path":"C:\\Proyectos\\DevOps_ProyectoFinal\\frontend\\src\\config\\api.js","statementMap":{"0":{"start":{"line":3,"column":16},"end":{"line":3,"column":56}}},"fnMap":{},"branchMap":{},"s":{"0":0},"f":{},"b":{}}
,"C:\\Proyectos\\DevOps_ProyectoFinal\\frontend\\src\\config\\google.js": {"path":"C:\\Proyectos\\DevOps_ProyectoFinal\\frontend\\src\\config\\google.js","statementMap":{"0":{"start":{"line":3,"column":25},"end":{"line":3,"column":62}}},"fnMap":{},"branchMap":{},"s":{"0":0},"f":{},"b":{}}
,"C:\\Proyectos\\DevOps_ProyectoFinal\\frontend\\src\\pages\\DashboardAdmin.jsx": {"path":"C:\\Proyectos\\DevOps_ProyectoFinal\\frontend\\src\\pages\\DashboardAdmin.jsx","statementMap":{"0":{"start":{"line":6,"column":46},"end":{"line":6,"column":64}},"1":{"start":{"line":7,"column":40},"end":{"line":7,"column":54}},"2":{"start":{"line":8,"column":40},"end":{"line":8,"column":54}},"3":{"start":{"line":10,"column":2},"end":{"line":12,"column":9}},"4":{"start":{"line":11,"column":4},"end":{"line":11,"column":50}},"5":{"start":{"line":11,"column":21},"end":{"line":11,"column":42}},"6":{"start":{"line":14,"column":23},"end":{"line":19,"column":3}},"7":{"start":{"line":15,"column":4},"end":{"line":15,"column":36}},"8":{"start":{"line":16,"column":4},"end":{"line":18,"column":5}},"9":{"start":{"line":17,"column":6},"end":{"line":17,"column":17}},"10":{"start":{"line":21,"column":22},"end":{"line":26,"column":3}},"11":{"start":{"line":22,"column":17},"end":{"line":22,"column":38}},"12":{"start":{"line":23,"column":4},"end":{"line":23,"column":40}},"13":{"start":{"line":23,"column":19},"end":{"line":23,"column":40}},"14":{"start":{"line":24,"column":4},"end":{"line":24,"column":42}},"15":{"start":{"line":24,"column":19},"end":{"line":24,"column":42}},"16":{"start":{"line":25,"column":4},"end":{"line":25,"column":27}},"17":{"start":{"line":28,"column":2},"end":{"line":372,"column":4}},"18":{"start":{"line":54,"column":27},"end":{"line":54,"column":55}},"19":{"start":{"line":63,"column":27},"end":{"line":63,"column":54}},"20":{"start":{"line":72,"column":27},"end":{"line":72,"column":56}},"21":{"start":{"line":81,"column":27},"end":{"line":81,"column":55}},"22":{"start":{"line":90,"column":27},"end":{"line":90,"column":55}},"23":{"start":{"line":99,"column":27},"end":{"line":99,"column":60}},"24":{"start":{"line":108,"column":27},"end":{"line":108,"column":62}},"25":{"start":{"line":117,"column":27},"end":{"line":117,"column":56}},"26":{"start":{"line":126,"column":27},"end":{"line":126,"column":61}},"27":{"start":{"line":274,"column":71},"end":{"line":274,"column":100}},"28":{"start":{"line":278,"column":71},"end":{"line":278,"column":104}},"29":{"start":{"line":282,"column":71},"end":{"line":282,"column":106}},"30":{"start":{"line":286,"column":71},"end":{"line":286,"column":100}},"31":{"start":{"line":375,"column":0},"end":{"line":385,"column":2}}},"fnMap":{"0":{"name":"DashboardAdmin","decl":{"start":{"line":5,"column":9},"end":{"line":5,"column":23}},"loc":{"start":{"line":5,"column":44},"end":{"line":373,"column":1}},"line":5},"1":{"name":"(anonymous_1)","decl":{"start":{"line":10,"column":12},"end":{"line":10,"column":13}},"loc":{"start":{"line":10,"column":18},"end":{"line":12,"column":3}},"line":10},"2":{"name":"(anonymous_2)","decl":{"start":{"line":11,"column":15},"end":{"line":11,"column":16}},"loc":{"start":{"line":11,"column":21},"end":{"line":11,"column":42}},"line":11},"3":{"name":"(anonymous_3)","decl":{"start":{"line":14,"column":23},"end":{"line":14,"column":24}},"loc":{"start":{"line":14,"column":29},"end":{"line":19,"column":3}},"line":14},"4":{"name":"(anonymous_4)","decl":{"start":{"line":21,"column":22},"end":{"line":21,"column":23}},"loc":{"start":{"line":21,"column":28},"end":{"line":26,"column":3}},"line":21},"5":{"name":"(anonymous_5)","decl":{"start":{"line":54,"column":21},"end":{"line":54,"column":22}},"loc":{"start":{"line":54,"column":27},"end":{"line":54,"column":55}},"line":54},"6":{"name":"(anonymous_6)","decl":{"start":{"line":63,"column":21},"end":{"line":63,"column":22}},"loc":{"start":{"line":63,"column":27},"end":{"line":63,"column":54}},"line":63},"7":{"name":"(anonymous_7)","decl":{"start":{"line":72,"column":21},"end":{"line":72,"column":22}},"loc":{"start":{"line":72,"column":27},"end":{"line":72,"column":56}},"line":72},"8":{"name":"(anonymous_8)","decl":{"start":{"line":81,"column":21},"end":{"line":81,"column":22}},"loc":{"start":{"line":81,"column":27},"end":{"line":81,"column":55}},"line":81},"9":{"name":"(anonymous_9)","decl":{"start":{"line":90,"column":21},"end":{"line":90,"column":22}},"loc":{"start":{"line":90,"column":27},"end":{"line":90,"column":55}},"line":90},"10":{"name":"(anonymous_10)","decl":{"start":{"line":99,"column":21},"end":{"line":99,"column":22}},"loc":{"start":{"line":99,"column":27},"end":{"line":99,"column":60}},"line":99},"11":{"name":"(anonymous_11)","decl":{"start":{"line":108,"column":21},"end":{"line":108,"column":22}},"loc":{"start":{"line":108,"column":27},"end":{"line":108,"column":62}},"line":108},"12":{"name":"(anonymous_12)","decl":{"start":{"line":117,"column":21},"end":{"line":117,"column":22}},"loc":{"start":{"line":117,"column":27},"end":{"line":117,"column":56}},"line":117},"13":{"name":"(anonymous_13)","decl":{"start":{"line":126,"column":21},"end":{"line":126,"column":22}},"loc":{"start":{"line":126,"column":27},"end":{"line":126,"column":61}},"line":126},"14":{"name":"(anonymous_14)","decl":{"start":{"line":274,"column":65},"end":{"line":274,"column":66}},"loc":{"start":{"line":274,"column":71},"end":{"line":274,"column":100}},"line":274},"15":{"name":"(anonymous_15)","decl":{"start":{"line":278,"column":65},"end":{"line":278,"column":66}},"loc":{"start":{"line":278,"column":71},"end":{"line":278,"column":104}},"line":278},"16":{"name":"(anonymous_16)","decl":{"start":{"line":282,"column":65},"end":{"line":282,"column":66}},"loc":{"start":{"line":282,"column":71},"end":{"line":282,"column":106}},"line":282},"17":{"name":"(anonymous_17)","decl":{"start":{"line":286,"column":65},"end":{"line":286,"column":66}},"loc":{"start":{"line":286,"column":71},"end":{"line":286,"column":100}},"line":286}},"branchMap":{"0":{"loc":{"start":{"line":16,"column":4},"end":{"line":18,"column":5}},"type":"if","locations":[{"start":{"line":16,"column":4},"end":{"line":18,"column":5}},{"start":{},"end":{}}],"line":16},"1":{"loc":{"start":{"line":23,"column":4},"end":{"line":23,"column":40}},"type":"if","locations":[{"start":{"line":23,"column":4},"end":{"line":23,"column":40}},{"start":{},"end":{}}],"line":23},"2":{"loc":{"start":{"line":24,"column":4},"end":{"line":24,"column":42}},"type":"if","locations":[{"start":{"line":24,"column":4},"end":{"line":24,"column":42}},{"start":{},"end":{}}],"line":24},"3":{"loc":{"start":{"line":37,"column":7},"end":{"line":44,"column":7}},"type":"binary-expr","locations":[{"start":{"line":37,"column":7},"end":{"line":37,"column":18}},{"start":{"line":38,"column":8},"end":{"line":43,"column":14}}],"line":37},"4":{"loc":{"start":{"line":41,"column":41},"end":{"line":41,"column":71}},"type":"binary-expr","locations":[{"start":{"line":41,"column":41},"end":{"line":41,"column":53}},{"start":{"line":41,"column":57},"end":{"line":41,"column":71}}],"line":41},"5":{"loc":{"start":{"line":46,"column":35},"end":{"line":46,"column":66}},"type":"cond-expr","locations":[{"start":{"line":46,"column":49},"end":{"line":46,"column":55}},{"start":{"line":46,"column":58},"end":{"line":46,"column":66}}],"line":46},"6":{"loc":{"start":{"line":50,"column":13},"end":{"line":50,"column":74}},"type":"binary-expr","locations":[{"start":{"line":50,"column":13},"end":{"line":50,"column":24}},{"start":{"line":50,"column":28},"end":{"line":50,"column":74}}],"line":50},"7":{"loc":{"start":{"line":56,"column":13},"end":{"line":56,"column":36}},"type":"cond-expr","locations":[{"start":{"line":56,"column":27},"end":{"line":56,"column":30}},{"start":{"line":56,"column":33},"end":{"line":56,"column":36}}],"line":56},"8":{"loc":{"start":{"line":62,"column":35},"end":{"line":62,"column":78}},"type":"cond-expr","locations":[{"start":{"line":62,"column":65},"end":{"line":62,"column":73}},{"start":{"line":62,"column":76},"end":{"line":62,"column":78}}],"line":62},"9":{"loc":{"start":{"line":66,"column":13},"end":{"line":66,"column":47}},"type":"binary-expr","locations":[{"start":{"line":66,"column":13},"end":{"line":66,"column":24}},{"start":{"line":66,"column":28},"end":{"line":66,"column":47}}],"line":66},"10":{"loc":{"start":{"line":67,"column":13},"end":{"line":67,"column":86}},"type":"binary-expr","locations":[{"start":{"line":67,"column":13},"end":{"line":67,"column":40}},{"start":{"line":67,"column":44},"end":{"line":67,"column":86}}],"line":67},"11":{"loc":{"start":{"line":71,"column":35},"end":{"line":71,"column":80}},"type":"cond-expr","locations":[{"start":{"line":71,"column":67},"end":{"line":71,"column":75}},{"start":{"line":71,"column":78},"end":{"line":71,"column":80}}],"line":71},"12":{"loc":{"start":{"line":75,"column":13},"end":{"line":75,"column":49}},"type":"binary-expr","locations":[{"start":{"line":75,"column":13},"end":{"line":75,"column":24}},{"start":{"line":75,"column":28},"end":{"line":75,"column":49}}],"line":75},"13":{"loc":{"start":{"line":76,"column":13},"end":{"line":76,"column":88}},"type":"binary-expr","locations":[{"start":{"line":76,"column":13},"end":{"line":76,"column":42}},{"start":{"line":76,"column":46},"end":{"line":76,"column":88}}],"line":76},"14":{"loc":{"start":{"line":80,"column":35},"end":{"line":80,"column":79}},"type":"cond-expr","locations":[{"start":{"line":80,"column":66},"end":{"line":80,"column":74}},{"start":{"line":80,"column":77},"end":{"line":80,"column":79}}],"line":80},"15":{"loc":{"start":{"line":84,"column":13},"end":{"line":84,"column":48}},"type":"binary-expr","locations":[{"start":{"line":84,"column":13},"end":{"line":84,"column":24}},{"start":{"line":84,"column":28},"end":{"line":84,"column":48}}],"line":84},"16":{"loc":{"start":{"line":85,"column":13},"end":{"line":85,"column":87}},"type":"binary-expr","locations":[{"start":{"line":85,"column":13},"end":{"line":85,"column":41}},{"start":{"line":85,"column":45},"end":{"line":85,"column":87}}],"line":85},"17":{"loc":{"start":{"line":89,"column":35},"end":{"line":89,"column":79}},"type":"cond-expr","locations":[{"start":{"line":89,"column":66},"end":{"line":89,"column":74}},{"start":{"line":89,"column":77},"end":{"line":89,"column":79}}],"line":89},"18":{"loc":{"start":{"line":93,"column":13},"end":{"line":93,"column":48}},"type":"binary-expr","locations":[{"start":{"line":93,"column":13},"end":{"line":93,"column":24}},{"start":{"line":93,"column":28},"end":{"line":93,"column":48}}],"line":93},"19":{"loc":{"start":{"line":94,"column":13},"end":{"line":94,"column":87}},"type":"binary-expr","locations":[{"start":{"line":94,"column":13},"end":{"line":94,"column":41}},{"start":{"line":94,"column":45},"end":{"line":94,"column":87}}],"line":94},"20":{"loc":{"start":{"line":98,"column":35},"end":{"line":98,"column":84}},"type":"cond-expr","locations":[{"start":{"line":98,"column":71},"end":{"line":98,"column":79}},{"start":{"line":98,"column":82},"end":{"line":98,"column":84}}],"line":98},"21":{"loc":{"start":{"line":102,"column":13},"end":{"line":102,"column":53}},"type":"binary-expr","locations":[{"start":{"line":102,"column":13},"end":{"line":102,"column":24}},{"start":{"line":102,"column":28},"end":{"line":102,"column":53}}],"line":102},"22":{"loc":{"start":{"line":103,"column":13},"end":{"line":103,"column":92}},"type":"binary-expr","locations":[{"start":{"line":103,"column":13},"end":{"line":103,"column":46}},{"start":{"line":103,"column":50},"end":{"line":103,"column":92}}],"line":103},"23":{"loc":{"start":{"line":107,"column":35},"end":{"line":107,"column":86}},"type":"cond-expr","locations":[{"start":{"line":107,"column":73},"end":{"line":107,"column":81}},{"start":{"line":107,"column":84},"end":{"line":107,"column":86}}],"line":107},"24":{"loc":{"start":{"line":111,"column":13},"end":{"line":111,"column":55}},"type":"binary-expr","locations":[{"start":{"line":111,"column":13},"end":{"line":111,"column":24}},{"start":{"line":111,"column":28},"end":{"line":111,"column":55}}],"line":111},"25":{"loc":{"start":{"line":112,"column":13},"end":{"line":112,"column":94}},"type":"binary-expr","locations":[{"start":{"line":112,"column":13},"end":{"line":112,"column":48}},{"start":{"line":112,"column":52},"end":{"line":112,"column":94}}],"line":112},"26":{"loc":{"start":{"line":116,"column":35},"end":{"line":116,"column":80}},"type":"cond-expr","locations":[{"start":{"line":116,"column":67},"end":{"line":116,"column":75}},{"start":{"line":116,"column":78},"end":{"line":116,"column":80}}],"line":116},"27":{"loc":{"start":{"line":120,"column":13},"end":{"line":120,"column":49}},"type":"binary-expr","locations":[{"start":{"line":120,"column":13},"end":{"line":120,"column":24}},{"start":{"line":120,"column":28},"end":{"line":120,"column":49}}],"line":120},"28":{"loc":{"start":{"line":121,"column":13},"end":{"line":121,"column":88}},"type":"binary-expr","locations":[{"start":{"line":121,"column":13},"end":{"line":121,"column":42}},{"start":{"line":121,"column":46},"end":{"line":121,"column":88}}],"line":121},"29":{"loc":{"start":{"line":125,"column":35},"end":{"line":125,"column":85}},"type":"cond-expr","locations":[{"start":{"line":125,"column":72},"end":{"line":125,"column":80}},{"start":{"line":125,"column":83},"end":{"line":125,"column":85}}],"line":125},"30":{"loc":{"start":{"line":129,"column":13},"end":{"line":129,"column":54}},"type":"binary-expr","locations":[{"start":{"line":129,"column":13},"end":{"line":129,"column":24}},{"start":{"line":129,"column":28},"end":{"line":129,"column":54}}],"line":129},"31":{"loc":{"start":{"line":130,"column":13},"end":{"line":130,"column":93}},"type":"binary-expr","locations":[{"start":{"line":130,"column":13},"end":{"line":130,"column":47}},{"start":{"line":130,"column":51},"end":{"line":130,"column":93}}],"line":130},"32":{"loc":{"start":{"line":137,"column":13},"end":{"line":137,"column":54}},"type":"binary-expr","locations":[{"start":{"line":137,"column":13},"end":{"line":137,"column":24}},{"start":{"line":137,"column":28},"end":{"line":137,"column":54}}],"line":137},"33":{"loc":{"start":{"line":164,"column":45},"end":{"line":164,"column":75}},"type":"binary-expr","locations":[{"start":{"line":164,"column":45},"end":{"line":164,"column":57}},{"start":{"line":164,"column":61},"end":{"line":164,"column":75}}],"line":164},"34":{"loc":{"start":{"line":169,"column":17},"end":{"line":169,"column":97}},"type":"binary-expr","locations":[{"start":{"line":169,"column":17},"end":{"line":169,"column":54}},{"start":{"line":169,"column":58},"end":{"line":169,"column":97}}],"line":169},"35":{"loc":{"start":{"line":176,"column":11},"end":{"line":294,"column":11}},"type":"binary-expr","locations":[{"start":{"line":176,"column":11},"end":{"line":176,"column":38}},{"start":{"line":177,"column":12},"end":{"line":293,"column":18}}],"line":176},"36":{"loc":{"start":{"line":180,"column":40},"end":{"line":180,"column":70}},"type":"binary-expr","locations":[{"start":{"line":180,"column":40},"end":{"line":180,"column":52}},{"start":{"line":180,"column":56},"end":{"line":180,"column":70}}],"line":180},"37":{"loc":{"start":{"line":296,"column":11},"end":{"line":306,"column":11}},"type":"binary-expr","locations":[{"start":{"line":296,"column":11},"end":{"line":296,"column":40}},{"start":{"line":297,"column":12},"end":{"line":305,"column":18}}],"line":296},"38":{"loc":{"start":{"line":308,"column":11},"end":{"line":317,"column":11}},"type":"binary-expr","locations":[{"start":{"line":308,"column":11},"end":{"line":308,"column":39}},{"start":{"line":309,"column":12},"end":{"line":316,"column":18}}],"line":308},"39":{"loc":{"start":{"line":319,"column":11},"end":{"line":328,"column":11}},"type":"binary-expr","locations":[{"start":{"line":319,"column":11},"end":{"line":319,"column":39}},{"start":{"line":320,"column":12},"end":{"line":327,"column":18}}],"line":319},"40":{"loc":{"start":{"line":330,"column":11},"end":{"line":339,"column":11}},"type":"binary-expr","locations":[{"start":{"line":330,"column":11},"end":{"line":330,"column":44}},{"start":{"line":331,"column":12},"end":{"line":338,"column":18}}],"line":330},"41":{"loc":{"start":{"line":341,"column":11},"end":{"line":350,"column":11}},"type":"binary-expr","locations":[{"start":{"line":341,"column":11},"end":{"line":341,"column":46}},{"start":{"line":342,"column":12},"end":{"line":349,"column":18}}],"line":341},"42":{"loc":{"start":{"line":352,"column":11},"end":{"line":361,"column":11}},"type":"binary-expr","locations":[{"start":{"line":352,"column":11},"end":{"line":352,"column":40}},{"start":{"line":353,"column":12},"end":{"line":360,"column":18}}],"line":352},"43":{"loc":{"start":{"line":363,"column":11},"end":{"line":368,"column":11}},"type":"binary-expr","locations":[{"start":{"line":363,"column":11},"end":{"line":363,"column":45}},{"start":{"line":364,"column":12},"end":{"line":367,"column":18}}],"line":363}},"s":{"0":0,"1":0,"2":0,"3":0,"4":0,"5":0,"6":0,"7":0,"8":0,"9":0,"10":0,"11":0,"12":0,"13":0,"14":0,"15":0,"16":0,"17":0,"18":0,"19":0,"20":0,"21":0,"22":0,"23":0,"24":0,"25":0,"26":0,"27":0,"28":0,"29":0,"30":0,"31":0},"f":{"0":0,"1":0,"2":0,"3":0,"4":0,"5":0,"6":0,"7":0,"8":0,"9":0,"10":0,"11":0,"12":0,"13":0,"14":0,"15":0,"16":0,"17":0},"b":{"0":[0,0],"1":[0,0],"2":[0,0],"3":[0,0],"4":[0,0],"5":[0,0],"6":[0,0],"7":[0,0],"8":[0,0],"9":[0,0],"10":[0,0],"11":[0,0],"12":[0,0],"13":[0,0],"14":[0,0],"15":[0,0],"16":[0,0],"17":[0,0],"18":[0,0],"19":[0,0],"20":[0,0],"21":[0,0],"22":[0,0],"23":[0,0],"24":[0,0],"25":[0,0],"26":[0,0],"27":[0,0],"28":[0,0],"29":[0,0],"30":[0,0],"31":[0,0],"32":[0,0],"33":[0,0],"34":[0,0],"35":[0,0],"36":[0,0],"37":[0,0],"38":[0,0],"39":[0,0],"40":[0,0],"41":[0,0],"42":[0,0],"43":[0,0]}}
,"C:\\Proyectos\\DevOps_ProyectoFinal\\frontend\\src\\pages\\DashboardAlumno.jsx": {"path":"C:\\Proyectos\\DevOps_ProyectoFinal\\frontend\\src\\pages\\DashboardAlumno.jsx","statementMap":{"0":{"start":{"line":6,"column":46},"end":{"line":6,"column":64}},"1":{"start":{"line":7,"column":40},"end":{"line":7,"column":54}},"2":{"start":{"line":8,"column":40},"end":{"line":8,"column":54}},"3":{"start":{"line":10,"column":2},"end":{"line":12,"column":9}},"4":{"start":{"line":11,"column":4},"end":{"line":11,"column":50}},"5":{"start":{"line":11,"column":21},"end":{"line":11,"column":42}},"6":{"start":{"line":14,"column":23},"end":{"line":19,"column":3}},"7":{"start":{"line":15,"column":4},"end":{"line":15,"column":36}},"8":{"start":{"line":16,"column":4},"end":{"line":18,"column":5}},"9":{"start":{"line":17,"column":6},"end":{"line":17,"column":17}},"10":{"start":{"line":21,"column":22},"end":{"line":26,"column":3}},"11":{"start":{"line":22,"column":17},"end":{"line":22,"column":38}},"12":{"start":{"line":23,"column":4},"end":{"line":23,"column":40}},"13":{"start":{"line":23,"column":19},"end":{"line":23,"column":40}},"14":{"start":{"line":24,"column":4},"end":{"line":24,"column":42}},"15":{"start":{"line":24,"column":19},"end":{"line":24,"column":42}},"16":{"start":{"line":25,"column":4},"end":{"line":25,"column":27}},"17":{"start":{"line":28,"column":2},"end":{"line":407,"column":4}},"18":{"start":{"line":54,"column":27},"end":{"line":54,"column":55}},"19":{"start":{"line":63,"column":27},"end":{"line":63,"column":54}},"20":{"start":{"line":72,"column":27},"end":{"line":72,"column":54}},"21":{"start":{"line":81,"column":27},"end":{"line":81,"column":54}},"22":{"start":{"line":90,"column":27},"end":{"line":90,"column":54}},"23":{"start":{"line":99,"column":27},"end":{"line":99,"column":62}},"24":{"start":{"line":108,"column":27},"end":{"line":108,"column":61}},"25":{"start":{"line":260,"column":71},"end":{"line":260,"column":98}},"26":{"start":{"line":264,"column":71},"end":{"line":264,"column":98}},"27":{"start":{"line":268,"column":71},"end":{"line":268,"column":106}},"28":{"start":{"line":272,"column":71},"end":{"line":272,"column":98}},"29":{"start":{"line":410,"column":0},"end":{"line":420,"column":2}}},"fnMap":{"0":{"name":"DashboardAlumno","decl":{"start":{"line":5,"column":9},"end":{"line":5,"column":24}},"loc":{"start":{"line":5,"column":45},"end":{"line":408,"column":1}},"line":5},"1":{"name":"(anonymous_1)","decl":{"start":{"line":10,"column":12},"end":{"line":10,"column":13}},"loc":{"start":{"line":10,"column":18},"end":{"line":12,"column":3}},"line":10},"2":{"name":"(anonymous_2)","decl":{"start":{"line":11,"column":15},"end":{"line":11,"column":16}},"loc":{"start":{"line":11,"column":21},"end":{"line":11,"column":42}},"line":11},"3":{"name":"(anonymous_3)","decl":{"start":{"line":14,"column":23},"end":{"line":14,"column":24}},"loc":{"start":{"line":14,"column":29},"end":{"line":19,"column":3}},"line":14},"4":{"name":"(anonymous_4)","decl":{"start":{"line":21,"column":22},"end":{"line":21,"column":23}},"loc":{"start":{"line":21,"column":28},"end":{"line":26,"column":3}},"line":21},"5":{"name":"(anonymous_5)","decl":{"start":{"line":54,"column":21},"end":{"line":54,"column":22}},"loc":{"start":{"line":54,"column":27},"end":{"line":54,"column":55}},"line":54},"6":{"name":"(anonymous_6)","decl":{"start":{"line":63,"column":21},"end":{"line":63,"column":22}},"loc":{"start":{"line":63,"column":27},"end":{"line":63,"column":54}},"line":63},"7":{"name":"(anonymous_7)","decl":{"start":{"line":72,"column":21},"end":{"line":72,"column":22}},"loc":{"start":{"line":72,"column":27},"end":{"line":72,"column":54}},"line":72},"8":{"name":"(anonymous_8)","decl":{"start":{"line":81,"column":21},"end":{"line":81,"column":22}},"loc":{"start":{"line":81,"column":27},"end":{"line":81,"column":54}},"line":81},"9":{"name":"(anonymous_9)","decl":{"start":{"line":90,"column":21},"end":{"line":90,"column":22}},"loc":{"start":{"line":90,"column":27},"end":{"line":90,"column":54}},"line":90},"10":{"name":"(anonymous_10)","decl":{"start":{"line":99,"column":21},"end":{"line":99,"column":22}},"loc":{"start":{"line":99,"column":27},"end":{"line":99,"column":62}},"line":99},"11":{"name":"(anonymous_11)","decl":{"start":{"line":108,"column":21},"end":{"line":108,"column":22}},"loc":{"start":{"line":108,"column":27},"end":{"line":108,"column":61}},"line":108},"12":{"name":"(anonymous_12)","decl":{"start":{"line":260,"column":65},"end":{"line":260,"column":66}},"loc":{"start":{"line":260,"column":71},"end":{"line":260,"column":98}},"line":260},"13":{"name":"(anonymous_13)","decl":{"start":{"line":264,"column":65},"end":{"line":264,"column":66}},"loc":{"start":{"line":264,"column":71},"end":{"line":264,"column":98}},"line":264},"14":{"name":"(anonymous_14)","decl":{"start":{"line":268,"column":65},"end":{"line":268,"column":66}},"loc":{"start":{"line":268,"column":71},"end":{"line":268,"column":106}},"line":268},"15":{"name":"(anonymous_15)","decl":{"start":{"line":272,"column":65},"end":{"line":272,"column":66}},"loc":{"start":{"line":272,"column":71},"end":{"line":272,"column":98}},"line":272}},"branchMap":{"0":{"loc":{"start":{"line":16,"column":4},"end":{"line":18,"column":5}},"type":"if","locations":[{"start":{"line":16,"column":4},"end":{"line":18,"column":5}},{"start":{},"end":{}}],"line":16},"1":{"loc":{"start":{"line":23,"column":4},"end":{"line":23,"column":40}},"type":"if","locations":[{"start":{"line":23,"column":4},"end":{"line":23,"column":40}},{"start":{},"end":{}}],"line":23},"2":{"loc":{"start":{"line":24,"column":4},"end":{"line":24,"column":42}},"type":"if","locations":[{"start":{"line":24,"column":4},"end":{"line":24,"column":42}},{"start":{},"end":{}}],"line":24},"3":{"loc":{"start":{"line":37,"column":7},"end":{"line":44,"column":7}},"type":"binary-expr","locations":[{"start":{"line":37,"column":7},"end":{"line":37,"column":18}},{"start":{"line":38,"column":8},"end":{"line":43,"column":14}}],"line":37},"4":{"loc":{"start":{"line":41,"column":41},"end":{"line":41,"column":71}},"type":"binary-expr","locations":[{"start":{"line":41,"column":41},"end":{"line":41,"column":53}},{"start":{"line":41,"column":57},"end":{"line":41,"column":71}}],"line":41},"5":{"loc":{"start":{"line":46,"column":35},"end":{"line":46,"column":66}},"type":"cond-expr","locations":[{"start":{"line":46,"column":49},"end":{"line":46,"column":55}},{"start":{"line":46,"column":58},"end":{"line":46,"column":66}}],"line":46},"6":{"loc":{"start":{"line":50,"column":13},"end":{"line":50,"column":79}},"type":"binary-expr","locations":[{"start":{"line":50,"column":13},"end":{"line":50,"column":24}},{"start":{"line":50,"column":28},"end":{"line":50,"column":79}}],"line":50},"7":{"loc":{"start":{"line":56,"column":13},"end":{"line":56,"column":36}},"type":"cond-expr","locations":[{"start":{"line":56,"column":27},"end":{"line":56,"column":30}},{"start":{"line":56,"column":33},"end":{"line":56,"column":36}}],"line":56},"8":{"loc":{"start":{"line":62,"column":35},"end":{"line":62,"column":78}},"type":"cond-expr","locations":[{"start":{"line":62,"column":65},"end":{"line":62,"column":73}},{"start":{"line":62,"column":76},"end":{"line":62,"column":78}}],"line":62},"9":{"loc":{"start":{"line":66,"column":13},"end":{"line":66,"column":47}},"type":"binary-expr","locations":[{"start":{"line":66,"column":13},"end":{"line":66,"column":24}},{"start":{"line":66,"column":28},"end":{"line":66,"column":47}}],"line":66},"10":{"loc":{"start":{"line":67,"column":13},"end":{"line":67,"column":86}},"type":"binary-expr","locations":[{"start":{"line":67,"column":13},"end":{"line":67,"column":40}},{"start":{"line":67,"column":44},"end":{"line":67,"column":86}}],"line":67},"11":{"loc":{"start":{"line":71,"column":35},"end":{"line":71,"column":78}},"type":"cond-expr","locations":[{"start":{"line":71,"column":65},"end":{"line":71,"column":73}},{"start":{"line":71,"column":76},"end":{"line":71,"column":78}}],"line":71},"12":{"loc":{"start":{"line":75,"column":13},"end":{"line":75,"column":50}},"type":"binary-expr","locations":[{"start":{"line":75,"column":13},"end":{"line":75,"column":24}},{"start":{"line":75,"column":28},"end":{"line":75,"column":50}}],"line":75},"13":{"loc":{"start":{"line":76,"column":13},"end":{"line":76,"column":86}},"type":"binary-expr","locations":[{"start":{"line":76,"column":13},"end":{"line":76,"column":40}},{"start":{"line":76,"column":44},"end":{"line":76,"column":86}}],"line":76},"14":{"loc":{"start":{"line":80,"column":35},"end":{"line":80,"column":78}},"type":"cond-expr","locations":[{"start":{"line":80,"column":65},"end":{"line":80,"column":73}},{"start":{"line":80,"column":76},"end":{"line":80,"column":78}}],"line":80},"15":{"loc":{"start":{"line":84,"column":13},"end":{"line":84,"column":51}},"type":"binary-expr","locations":[{"start":{"line":84,"column":13},"end":{"line":84,"column":24}},{"start":{"line":84,"column":28},"end":{"line":84,"column":51}}],"line":84},"16":{"loc":{"start":{"line":85,"column":13},"end":{"line":85,"column":86}},"type":"binary-expr","locations":[{"start":{"line":85,"column":13},"end":{"line":85,"column":40}},{"start":{"line":85,"column":44},"end":{"line":85,"column":86}}],"line":85},"17":{"loc":{"start":{"line":89,"column":35},"end":{"line":89,"column":78}},"type":"cond-expr","locations":[{"start":{"line":89,"column":65},"end":{"line":89,"column":73}},{"start":{"line":89,"column":76},"end":{"line":89,"column":78}}],"line":89},"18":{"loc":{"start":{"line":93,"column":13},"end":{"line":93,"column":47}},"type":"binary-expr","locations":[{"start":{"line":93,"column":13},"end":{"line":93,"column":24}},{"start":{"line":93,"column":28},"end":{"line":93,"column":47}}],"line":93},"19":{"loc":{"start":{"line":94,"column":13},"end":{"line":94,"column":86}},"type":"binary-expr","locations":[{"start":{"line":94,"column":13},"end":{"line":94,"column":40}},{"start":{"line":94,"column":44},"end":{"line":94,"column":86}}],"line":94},"20":{"loc":{"start":{"line":98,"column":35},"end":{"line":98,"column":86}},"type":"cond-expr","locations":[{"start":{"line":98,"column":73},"end":{"line":98,"column":81}},{"start":{"line":98,"column":84},"end":{"line":98,"column":86}}],"line":98},"21":{"loc":{"start":{"line":102,"column":13},"end":{"line":102,"column":55}},"type":"binary-expr","locations":[{"start":{"line":102,"column":13},"end":{"line":102,"column":24}},{"start":{"line":102,"column":28},"end":{"line":102,"column":55}}],"line":102},"22":{"loc":{"start":{"line":103,"column":13},"end":{"line":103,"column":94}},"type":"binary-expr","locations":[{"start":{"line":103,"column":13},"end":{"line":103,"column":48}},{"start":{"line":103,"column":52},"end":{"line":103,"column":94}}],"line":103},"23":{"loc":{"start":{"line":107,"column":35},"end":{"line":107,"column":85}},"type":"cond-expr","locations":[{"start":{"line":107,"column":72},"end":{"line":107,"column":80}},{"start":{"line":107,"column":83},"end":{"line":107,"column":85}}],"line":107},"24":{"loc":{"start":{"line":111,"column":13},"end":{"line":111,"column":54}},"type":"binary-expr","locations":[{"start":{"line":111,"column":13},"end":{"line":111,"column":24}},{"start":{"line":111,"column":28},"end":{"line":111,"column":54}}],"line":111},"25":{"loc":{"start":{"line":112,"column":13},"end":{"line":112,"column":93}},"type":"binary-expr","locations":[{"start":{"line":112,"column":13},"end":{"line":112,"column":47}},{"start":{"line":112,"column":51},"end":{"line":112,"column":93}}],"line":112},"26":{"loc":{"start":{"line":119,"column":13},"end":{"line":119,"column":54}},"type":"binary-expr","locations":[{"start":{"line":119,"column":13},"end":{"line":119,"column":24}},{"start":{"line":119,"column":28},"end":{"line":119,"column":54}}],"line":119},"27":{"loc":{"start":{"line":146,"column":45},"end":{"line":146,"column":75}},"type":"binary-expr","locations":[{"start":{"line":146,"column":45},"end":{"line":146,"column":57}},{"start":{"line":146,"column":61},"end":{"line":146,"column":75}}],"line":146},"28":{"loc":{"start":{"line":151,"column":17},"end":{"line":151,"column":97}},"type":"binary-expr","locations":[{"start":{"line":151,"column":17},"end":{"line":151,"column":54}},{"start":{"line":151,"column":58},"end":{"line":151,"column":97}}],"line":151},"29":{"loc":{"start":{"line":158,"column":11},"end":{"line":304,"column":11}},"type":"binary-expr","locations":[{"start":{"line":158,"column":11},"end":{"line":158,"column":38}},{"start":{"line":159,"column":12},"end":{"line":303,"column":18}}],"line":158},"30":{"loc":{"start":{"line":162,"column":40},"end":{"line":162,"column":70}},"type":"binary-expr","locations":[{"start":{"line":162,"column":40},"end":{"line":162,"column":52}},{"start":{"line":162,"column":56},"end":{"line":162,"column":70}}],"line":162},"31":{"loc":{"start":{"line":306,"column":11},"end":{"line":375,"column":11}},"type":"binary-expr","locations":[{"start":{"line":306,"column":11},"end":{"line":306,"column":38}},{"start":{"line":307,"column":12},"end":{"line":374,"column":18}}],"line":306},"32":{"loc":{"start":{"line":315,"column":25},"end":{"line":315,"column":105}},"type":"binary-expr","locations":[{"start":{"line":315,"column":25},"end":{"line":315,"column":62}},{"start":{"line":315,"column":66},"end":{"line":315,"column":105}}],"line":315},"33":{"loc":{"start":{"line":319,"column":27},"end":{"line":319,"column":52}},"type":"binary-expr","locations":[{"start":{"line":319,"column":27},"end":{"line":319,"column":39}},{"start":{"line":319,"column":43},"end":{"line":319,"column":52}}],"line":319},"34":{"loc":{"start":{"line":320,"column":51},"end":{"line":320,"column":73}},"type":"binary-expr","locations":[{"start":{"line":320,"column":51},"end":{"line":320,"column":61}},{"start":{"line":320,"column":65},"end":{"line":320,"column":73}}],"line":320},"35":{"loc":{"start":{"line":352,"column":27},"end":{"line":358,"column":47}},"type":"cond-expr","locations":[{"start":{"line":353,"column":30},"end":{"line":357,"column":32}},{"start":{"line":358,"column":30},"end":{"line":358,"column":47}}],"line":352},"36":{"loc":{"start":{"line":377,"column":11},"end":{"line":382,"column":11}},"type":"binary-expr","locations":[{"start":{"line":377,"column":11},"end":{"line":377,"column":38}},{"start":{"line":378,"column":12},"end":{"line":381,"column":18}}],"line":377},"37":{"loc":{"start":{"line":384,"column":11},"end":{"line":389,"column":11}},"type":"binary-expr","locations":[{"start":{"line":384,"column":11},"end":{"line":384,"column":38}},{"start":{"line":385,"column":12},"end":{"line":388,"column":18}}],"line":384},"38":{"loc":{"start":{"line":391,"column":11},"end":{"line":396,"column":11}},"type":"binary-expr","locations":[{"start":{"line":391,"column":11},"end":{"line":391,"column":46}},{"start":{"line":392,"column":12},"end":{"line":395,"column":18}}],"line":391},"39":{"loc":{"start":{"line":398,"column":11},"end":{"line":403,"column":11}},"type":"binary-expr","locations":[{"start":{"line":398,"column":11},"end":{"line":398,"column":45}},{"start":{"line":399,"column":12},"end":{"line":402,"column":18}}],"line":398}},"s":{"0":0,"1":0,"2":0,"3":0,"4":0,"5":0,"6":0,"7":0,"8":0,"9":0,"10":0,"11":0,"12":0,"13":0,"14":0,"15":0,"16":0,"17":0,"18":0,"19":0,"20":0,"21":0,"22":0,"23":0,"24":0,"25":0,"26":0,"27":0,"28":0,"29":0},"f":{"0":0,"1":0,"2":0,"3":0,"4":0,"5":0,"6":0,"7":0,"8":0,"9":0,"10":0,"11":0,"12":0,"13":0,"14":0,"15":0},"b":{"0":[0,0],"1":[0,0],"2":[0,0],"3":[0,0],"4":[0,0],"5":[0,0],"6":[0,0],"7":[0,0],"8":[0,0],"9":[0,0],"10":[0,0],"11":[0,0],"12":[0,0],"13":[0,0],"14":[0,0],"15":[0,0],"16":[0,0],"17":[0,0],"18":[0,0],"19":[0,0],"20":[0,0],"21":[0,0],"22":[0,0],"23":[0,0],"24":[0,0],"25":[0,0],"26":[0,0],"27":[0,0],"28":[0,0],"29":[0,0],"30":[0,0],"31":[0,0],"32":[0,0],"33":[0,0],"34":[0,0],"35":[0,0],"36":[0,0],"37":[0,0],"38":[0,0],"39":[0,0]}}
,"C:\\Proyectos\\DevOps_ProyectoFinal\\frontend\\src\\pages\\DashboardTutor.jsx": {"path":"C:\\Proyectos\\DevOps_ProyectoFinal\\frontend\\src\\pages\\DashboardTutor.jsx","statementMap":{"0":{"start":{"line":6,"column":46},"end":{"line":6,"column":64}},"1":{"start":{"line":7,"column":40},"end":{"line":7,"column":54}},"2":{"start":{"line":8,"column":40},"end":{"line":8,"column":54}},"3":{"start":{"line":10,"column":2},"end":{"line":12,"column":9}},"4":{"start":{"line":11,"column":4},"end":{"line":11,"column":50}},"5":{"start":{"line":11,"column":21},"end":{"line":11,"column":42}},"6":{"start":{"line":14,"column":23},"end":{"line":19,"column":3}},"7":{"start":{"line":15,"column":4},"end":{"line":15,"column":36}},"8":{"start":{"line":16,"column":4},"end":{"line":18,"column":5}},"9":{"start":{"line":17,"column":6},"end":{"line":17,"column":17}},"10":{"start":{"line":21,"column":22},"end":{"line":26,"column":3}},"11":{"start":{"line":22,"column":17},"end":{"line":22,"column":38}},"12":{"start":{"line":23,"column":4},"end":{"line":23,"column":40}},"13":{"start":{"line":23,"column":19},"end":{"line":23,"column":40}},"14":{"start":{"line":24,"column":4},"end":{"line":24,"column":42}},"15":{"start":{"line":24,"column":19},"end":{"line":24,"column":42}},"16":{"start":{"line":25,"column":4},"end":{"line":25,"column":27}},"17":{"start":{"line":28,"column":2},"end":{"line":351,"column":4}},"18":{"start":{"line":54,"column":27},"end":{"line":54,"column":55}},"19":{"start":{"line":63,"column":27},"end":{"line":63,"column":54}},"20":{"start":{"line":72,"column":27},"end":{"line":72,"column":55}},"21":{"start":{"line":81,"column":27},"end":{"line":81,"column":59}},"22":{"start":{"line":90,"column":27},"end":{"line":90,"column":62}},"23":{"start":{"line":99,"column":27},"end":{"line":99,"column":56}},"24":{"start":{"line":108,"column":27},"end":{"line":108,"column":56}},"25":{"start":{"line":117,"column":27},"end":{"line":117,"column":54}},"26":{"start":{"line":265,"column":71},"end":{"line":265,"column":103}},"27":{"start":{"line":269,"column":71},"end":{"line":269,"column":106}},"28":{"start":{"line":273,"column":71},"end":{"line":273,"column":100}},"29":{"start":{"line":277,"column":71},"end":{"line":277,"column":99}},"30":{"start":{"line":354,"column":0},"end":{"line":364,"column":2}}},"fnMap":{"0":{"name":"DashboardTutor","decl":{"start":{"line":5,"column":9},"end":{"line":5,"column":23}},"loc":{"start":{"line":5,"column":44},"end":{"line":352,"column":1}},"line":5},"1":{"name":"(anonymous_1)","decl":{"start":{"line":10,"column":12},"end":{"line":10,"column":13}},"loc":{"start":{"line":10,"column":18},"end":{"line":12,"column":3}},"line":10},"2":{"name":"(anonymous_2)","decl":{"start":{"line":11,"column":15},"end":{"line":11,"column":16}},"loc":{"start":{"line":11,"column":21},"end":{"line":11,"column":42}},"line":11},"3":{"name":"(anonymous_3)","decl":{"start":{"line":14,"column":23},"end":{"line":14,"column":24}},"loc":{"start":{"line":14,"column":29},"end":{"line":19,"column":3}},"line":14},"4":{"name":"(anonymous_4)","decl":{"start":{"line":21,"column":22},"end":{"line":21,"column":23}},"loc":{"start":{"line":21,"column":28},"end":{"line":26,"column":3}},"line":21},"5":{"name":"(anonymous_5)","decl":{"start":{"line":54,"column":21},"end":{"line":54,"column":22}},"loc":{"start":{"line":54,"column":27},"end":{"line":54,"column":55}},"line":54},"6":{"name":"(anonymous_6)","decl":{"start":{"line":63,"column":21},"end":{"line":63,"column":22}},"loc":{"start":{"line":63,"column":27},"end":{"line":63,"column":54}},"line":63},"7":{"name":"(anonymous_7)","decl":{"start":{"line":72,"column":21},"end":{"line":72,"column":22}},"loc":{"start":{"line":72,"column":27},"end":{"line":72,"column":55}},"line":72},"8":{"name":"(anonymous_8)","decl":{"start":{"line":81,"column":21},"end":{"line":81,"column":22}},"loc":{"start":{"line":81,"column":27},"end":{"line":81,"column":59}},"line":81},"9":{"name":"(anonymous_9)","decl":{"start":{"line":90,"column":21},"end":{"line":90,"column":22}},"loc":{"start":{"line":90,"column":27},"end":{"line":90,"column":62}},"line":90},"10":{"name":"(anonymous_10)","decl":{"start":{"line":99,"column":21},"end":{"line":99,"column":22}},"loc":{"start":{"line":99,"column":27},"end":{"line":99,"column":56}},"line":99},"11":{"name":"(anonymous_11)","decl":{"start":{"line":108,"column":21},"end":{"line":108,"column":22}},"loc":{"start":{"line":108,"column":27},"end":{"line":108,"column":56}},"line":108},"12":{"name":"(anonymous_12)","decl":{"start":{"line":117,"column":21},"end":{"line":117,"column":22}},"loc":{"start":{"line":117,"column":27},"end":{"line":117,"column":54}},"line":117},"13":{"name":"(anonymous_13)","decl":{"start":{"line":265,"column":65},"end":{"line":265,"column":66}},"loc":{"start":{"line":265,"column":71},"end":{"line":265,"column":103}},"line":265},"14":{"name":"(anonymous_14)","decl":{"start":{"line":269,"column":65},"end":{"line":269,"column":66}},"loc":{"start":{"line":269,"column":71},"end":{"line":269,"column":106}},"line":269},"15":{"name":"(anonymous_15)","decl":{"start":{"line":273,"column":65},"end":{"line":273,"column":66}},"loc":{"start":{"line":273,"column":71},"end":{"line":273,"column":100}},"line":273},"16":{"name":"(anonymous_16)","decl":{"start":{"line":277,"column":65},"end":{"line":277,"column":66}},"loc":{"start":{"line":277,"column":71},"end":{"line":277,"column":99}},"line":277}},"branchMap":{"0":{"loc":{"start":{"line":16,"column":4},"end":{"line":18,"column":5}},"type":"if","locations":[{"start":{"line":16,"column":4},"end":{"line":18,"column":5}},{"start":{},"end":{}}],"line":16},"1":{"loc":{"start":{"line":23,"column":4},"end":{"line":23,"column":40}},"type":"if","locations":[{"start":{"line":23,"column":4},"end":{"line":23,"column":40}},{"start":{},"end":{}}],"line":23},"2":{"loc":{"start":{"line":24,"column":4},"end":{"line":24,"column":42}},"type":"if","locations":[{"start":{"line":24,"column":4},"end":{"line":24,"column":42}},{"start":{},"end":{}}],"line":24},"3":{"loc":{"start":{"line":37,"column":7},"end":{"line":44,"column":7}},"type":"binary-expr","locations":[{"start":{"line":37,"column":7},"end":{"line":37,"column":18}},{"start":{"line":38,"column":8},"end":{"line":43,"column":14}}],"line":37},"4":{"loc":{"start":{"line":41,"column":41},"end":{"line":41,"column":71}},"type":"binary-expr","locations":[{"start":{"line":41,"column":41},"end":{"line":41,"column":53}},{"start":{"line":41,"column":57},"end":{"line":41,"column":71}}],"line":41},"5":{"loc":{"start":{"line":46,"column":35},"end":{"line":46,"column":66}},"type":"cond-expr","locations":[{"start":{"line":46,"column":49},"end":{"line":46,"column":55}},{"start":{"line":46,"column":58},"end":{"line":46,"column":66}}],"line":46},"6":{"loc":{"start":{"line":50,"column":13},"end":{"line":50,"column":74}},"type":"binary-expr","locations":[{"start":{"line":50,"column":13},"end":{"line":50,"column":24}},{"start":{"line":50,"column":28},"end":{"line":50,"column":74}}],"line":50},"7":{"loc":{"start":{"line":56,"column":13},"end":{"line":56,"column":36}},"type":"cond-expr","locations":[{"start":{"line":56,"column":27},"end":{"line":56,"column":30}},{"start":{"line":56,"column":33},"end":{"line":56,"column":36}}],"line":56},"8":{"loc":{"start":{"line":62,"column":35},"end":{"line":62,"column":78}},"type":"cond-expr","locations":[{"start":{"line":62,"column":65},"end":{"line":62,"column":73}},{"start":{"line":62,"column":76},"end":{"line":62,"column":78}}],"line":62},"9":{"loc":{"start":{"line":66,"column":13},"end":{"line":66,"column":47}},"type":"binary-expr","locations":[{"start":{"line":66,"column":13},"end":{"line":66,"column":24}},{"start":{"line":66,"column":28},"end":{"line":66,"column":47}}],"line":66},"10":{"loc":{"start":{"line":67,"column":13},"end":{"line":67,"column":86}},"type":"binary-expr","locations":[{"start":{"line":67,"column":13},"end":{"line":67,"column":40}},{"start":{"line":67,"column":44},"end":{"line":67,"column":86}}],"line":67},"11":{"loc":{"start":{"line":71,"column":35},"end":{"line":71,"column":79}},"type":"cond-expr","locations":[{"start":{"line":71,"column":66},"end":{"line":71,"column":74}},{"start":{"line":71,"column":77},"end":{"line":71,"column":79}}],"line":71},"12":{"loc":{"start":{"line":75,"column":13},"end":{"line":75,"column":52}},"type":"binary-expr","locations":[{"start":{"line":75,"column":13},"end":{"line":75,"column":24}},{"start":{"line":75,"column":28},"end":{"line":75,"column":52}}],"line":75},"13":{"loc":{"start":{"line":76,"column":13},"end":{"line":76,"column":87}},"type":"binary-expr","locations":[{"start":{"line":76,"column":13},"end":{"line":76,"column":41}},{"start":{"line":76,"column":45},"end":{"line":76,"column":87}}],"line":76},"14":{"loc":{"start":{"line":80,"column":35},"end":{"line":80,"column":83}},"type":"cond-expr","locations":[{"start":{"line":80,"column":70},"end":{"line":80,"column":78}},{"start":{"line":80,"column":81},"end":{"line":80,"column":83}}],"line":80},"15":{"loc":{"start":{"line":84,"column":13},"end":{"line":84,"column":52}},"type":"binary-expr","locations":[{"start":{"line":84,"column":13},"end":{"line":84,"column":24}},{"start":{"line":84,"column":28},"end":{"line":84,"column":52}}],"line":84},"16":{"loc":{"start":{"line":85,"column":13},"end":{"line":85,"column":91}},"type":"binary-expr","locations":[{"start":{"line":85,"column":13},"end":{"line":85,"column":45}},{"start":{"line":85,"column":49},"end":{"line":85,"column":91}}],"line":85},"17":{"loc":{"start":{"line":89,"column":35},"end":{"line":89,"column":86}},"type":"cond-expr","locations":[{"start":{"line":89,"column":73},"end":{"line":89,"column":81}},{"start":{"line":89,"column":84},"end":{"line":89,"column":86}}],"line":89},"18":{"loc":{"start":{"line":93,"column":13},"end":{"line":93,"column":55}},"type":"binary-expr","locations":[{"start":{"line":93,"column":13},"end":{"line":93,"column":24}},{"start":{"line":93,"column":28},"end":{"line":93,"column":55}}],"line":93},"19":{"loc":{"start":{"line":94,"column":13},"end":{"line":94,"column":94}},"type":"binary-expr","locations":[{"start":{"line":94,"column":13},"end":{"line":94,"column":48}},{"start":{"line":94,"column":52},"end":{"line":94,"column":94}}],"line":94},"20":{"loc":{"start":{"line":98,"column":35},"end":{"line":98,"column":80}},"type":"cond-expr","locations":[{"start":{"line":98,"column":67},"end":{"line":98,"column":75}},{"start":{"line":98,"column":78},"end":{"line":98,"column":80}}],"line":98},"21":{"loc":{"start":{"line":102,"column":13},"end":{"line":102,"column":49}},"type":"binary-expr","locations":[{"start":{"line":102,"column":13},"end":{"line":102,"column":24}},{"start":{"line":102,"column":28},"end":{"line":102,"column":49}}],"line":102},"22":{"loc":{"start":{"line":103,"column":13},"end":{"line":103,"column":88}},"type":"binary-expr","locations":[{"start":{"line":103,"column":13},"end":{"line":103,"column":42}},{"start":{"line":103,"column":46},"end":{"line":103,"column":88}}],"line":103},"23":{"loc":{"start":{"line":107,"column":35},"end":{"line":107,"column":80}},"type":"cond-expr","locations":[{"start":{"line":107,"column":67},"end":{"line":107,"column":75}},{"start":{"line":107,"column":78},"end":{"line":107,"column":80}}],"line":107},"24":{"loc":{"start":{"line":111,"column":13},"end":{"line":111,"column":49}},"type":"binary-expr","locations":[{"start":{"line":111,"column":13},"end":{"line":111,"column":24}},{"start":{"line":111,"column":28},"end":{"line":111,"column":49}}],"line":111},"25":{"loc":{"start":{"line":112,"column":13},"end":{"line":112,"column":88}},"type":"binary-expr","locations":[{"start":{"line":112,"column":13},"end":{"line":112,"column":42}},{"start":{"line":112,"column":46},"end":{"line":112,"column":88}}],"line":112},"26":{"loc":{"start":{"line":116,"column":35},"end":{"line":116,"column":78}},"type":"cond-expr","locations":[{"start":{"line":116,"column":65},"end":{"line":116,"column":73}},{"start":{"line":116,"column":76},"end":{"line":116,"column":78}}],"line":116},"27":{"loc":{"start":{"line":120,"column":13},"end":{"line":120,"column":50}},"type":"binary-expr","locations":[{"start":{"line":120,"column":13},"end":{"line":120,"column":24}},{"start":{"line":120,"column":28},"end":{"line":120,"column":50}}],"line":120},"28":{"loc":{"start":{"line":121,"column":13},"end":{"line":121,"column":86}},"type":"binary-expr","locations":[{"start":{"line":121,"column":13},"end":{"line":121,"column":40}},{"start":{"line":121,"column":44},"end":{"line":121,"column":86}}],"line":121},"29":{"loc":{"start":{"line":128,"column":13},"end":{"line":128,"column":54}},"type":"binary-expr","locations":[{"start":{"line":128,"column":13},"end":{"line":128,"column":24}},{"start":{"line":128,"column":28},"end":{"line":128,"column":54}}],"line":128},"30":{"loc":{"start":{"line":155,"column":45},"end":{"line":155,"column":75}},"type":"binary-expr","locations":[{"start":{"line":155,"column":45},"end":{"line":155,"column":57}},{"start":{"line":155,"column":61},"end":{"line":155,"column":75}}],"line":155},"31":{"loc":{"start":{"line":160,"column":17},"end":{"line":160,"column":97}},"type":"binary-expr","locations":[{"start":{"line":160,"column":17},"end":{"line":160,"column":54}},{"start":{"line":160,"column":58},"end":{"line":160,"column":97}}],"line":160},"32":{"loc":{"start":{"line":167,"column":11},"end":{"line":285,"column":11}},"type":"binary-expr","locations":[{"start":{"line":167,"column":11},"end":{"line":167,"column":38}},{"start":{"line":168,"column":12},"end":{"line":284,"column":18}}],"line":167},"33":{"loc":{"start":{"line":171,"column":40},"end":{"line":171,"column":70}},"type":"binary-expr","locations":[{"start":{"line":171,"column":40},"end":{"line":171,"column":52}},{"start":{"line":171,"column":56},"end":{"line":171,"column":70}}],"line":171},"34":{"loc":{"start":{"line":287,"column":11},"end":{"line":296,"column":11}},"type":"binary-expr","locations":[{"start":{"line":287,"column":11},"end":{"line":287,"column":39}},{"start":{"line":288,"column":12},"end":{"line":295,"column":18}}],"line":287},"35":{"loc":{"start":{"line":298,"column":11},"end":{"line":307,"column":11}},"type":"binary-expr","locations":[{"start":{"line":298,"column":11},"end":{"line":298,"column":43}},{"start":{"line":299,"column":12},"end":{"line":306,"column":18}}],"line":298},"36":{"loc":{"start":{"line":309,"column":11},"end":{"line":318,"column":11}},"type":"binary-expr","locations":[{"start":{"line":309,"column":11},"end":{"line":309,"column":46}},{"start":{"line":310,"column":12},"end":{"line":317,"column":18}}],"line":309},"37":{"loc":{"start":{"line":320,"column":11},"end":{"line":329,"column":11}},"type":"binary-expr","locations":[{"start":{"line":320,"column":11},"end":{"line":320,"column":40}},{"start":{"line":321,"column":12},"end":{"line":328,"column":18}}],"line":320},"38":{"loc":{"start":{"line":331,"column":11},"end":{"line":340,"column":11}},"type":"binary-expr","locations":[{"start":{"line":331,"column":11},"end":{"line":331,"column":40}},{"start":{"line":332,"column":12},"end":{"line":339,"column":18}}],"line":331},"39":{"loc":{"start":{"line":342,"column":11},"end":{"line":347,"column":11}},"type":"binary-expr","locations":[{"start":{"line":342,"column":11},"end":{"line":342,"column":38}},{"start":{"line":343,"column":12},"end":{"line":346,"column":18}}],"line":342}},"s":{"0":0,"1":0,"2":0,"3":0,"4":0,"5":0,"6":0,"7":0,"8":0,"9":0,"10":0,"11":0,"12":0,"13":0,"14":0,"15":0,"16":0,"17":0,"18":0,"19":0,"20":0,"21":0,"22":0,"23":0,"24":0,"25":0,"26":0,"27":0,"28":0,"29":0,"30":0},"f":{"0":0,"1":0,"2":0,"3":0,"4":0,"5":0,"6":0,"7":0,"8":0,"9":0,"10":0,"11":0,"12":0,"13":0,"14":0,"15":0,"16":0},"b":{"0":[0,0],"1":[0,0],"2":[0,0],"3":[0,0],"4":[0,0],"5":[0,0],"6":[0,0],"7":[0,0],"8":[0,0],"9":[0,0],"10":[0,0],"11":[0,0],"12":[0,0],"13":[0,0],"14":[0,0],"15":[0,0],"16":[0,0],"17":[0,0],"18":[0,0],"19":[0,0],"20":[0,0],"21":[0,0],"22":[0,0],"23":[0,0],"24":[0,0],"25":[0,0],"26":[0,0],"27":[0,0],"28":[0,0],"29":[0,0],"30":[0,0],"31":[0,0],"32":[0,0],"33":[0,0],"34":[0,0],"35":[0,0],"36":[0,0],"37":[0,0],"38":[0,0],"39":[0,0]}}
,"C:\\Proyectos\\DevOps_ProyectoFinal\\frontend\\src\\pages\\Login.jsx": {"path":"C:\\Proyectos\\DevOps_ProyectoFinal\\frontend\\src\\pages\\Login.jsx","statementMap":{"0":{"start":{"line":4,"column":0},"end":{"line":4,"column":38}},"1":{"start":{"line":8,"column":40},"end":{"line":8,"column":54}},"2":{"start":{"line":9,"column":34},"end":{"line":9,"column":46}},"3":{"start":{"line":10,"column":34},"end":{"line":10,"column":46}},"4":{"start":{"line":11,"column":48},"end":{"line":11,"column":60}},"5":{"start":{"line":12,"column":28},"end":{"line":12,"column":40}},"6":{"start":{"line":13,"column":30},"end":{"line":13,"column":42}},"7":{"start":{"line":14,"column":48},"end":{"line":14,"column":60}},"8":{"start":{"line":15,"column":42},"end":{"line":15,"column":60}},"9":{"start":{"line":16,"column":32},"end":{"line":16,"column":44}},"10":{"start":{"line":17,"column":34},"end":{"line":17,"column":49}},"11":{"start":{"line":20,"column":26},"end":{"line":20,"column":38}},"12":{"start":{"line":23,"column":33},"end":{"line":70,"column":1}},"13":{"start":{"line":24,"column":2},"end":{"line":24,"column":50}},"14":{"start":{"line":26,"column":2},"end":{"line":69,"column":7}},"15":{"start":{"line":32,"column":6},"end":{"line":37,"column":7}},"16":{"start":{"line":33,"column":24},"end":{"line":33,"column":47}},"17":{"start":{"line":34,"column":8},"end":{"line":34,"column":56}},"18":{"start":{"line":35,"column":8},"end":{"line":35,"column":53}},"19":{"start":{"line":36,"column":8},"end":{"line":36,"column":15}},"20":{"start":{"line":39,"column":19},"end":{"line":39,"column":42}},"21":{"start":{"line":40,"column":6},"end":{"line":40,"column":50}},"22":{"start":{"line":42,"column":22},"end":{"line":42,"column":39}},"23":{"start":{"line":43,"column":20},"end":{"line":43,"column":50}},"24":{"start":{"line":45,"column":19},"end":{"line":48,"column":7}},"25":{"start":{"line":50,"column":6},"end":{"line":50,"column":57}},"26":{"start":{"line":52,"column":6},"end":{"line":52,"column":43}},"27":{"start":{"line":53,"column":6},"end":{"line":53,"column":57}},"28":{"start":{"line":55,"column":6},"end":{"line":55,"column":56}},"29":{"start":{"line":57,"column":6},"end":{"line":64,"column":15}},"30":{"start":{"line":58,"column":8},"end":{"line":58,"column":29}},"31":{"start":{"line":59,"column":8},"end":{"line":59,"column":23}},"32":{"start":{"line":61,"column":8},"end":{"line":63,"column":9}},"33":{"start":{"line":62,"column":10},"end":{"line":62,"column":31}},"34":{"start":{"line":67,"column":6},"end":{"line":67,"column":67}},"35":{"start":{"line":68,"column":6},"end":{"line":68,"column":67}},"36":{"start":{"line":74,"column":19},"end":{"line":74,"column":39}},"37":{"start":{"line":76,"column":2},"end":{"line":79,"column":3}},"38":{"start":{"line":77,"column":4},"end":{"line":77,"column":73}},"39":{"start":{"line":78,"column":4},"end":{"line":78,"column":11}},"40":{"start":{"line":81,"column":2},"end":{"line":84,"column":5}},"41":{"start":{"line":86,"column":2},"end":{"line":92,"column":5}},"42":{"start":{"line":97,"column":2},"end":{"line":114,"column":20}},"43":{"start":{"line":98,"column":4},"end":{"line":98,"column":40}},"44":{"start":{"line":98,"column":33},"end":{"line":98,"column":40}},"45":{"start":{"line":101,"column":4},"end":{"line":113,"column":5}},"46":{"start":{"line":102,"column":21},"end":{"line":102,"column":53}},"47":{"start":{"line":103,"column":6},"end":{"line":103,"column":60}},"48":{"start":{"line":104,"column":6},"end":{"line":104,"column":26}},"49":{"start":{"line":105,"column":6},"end":{"line":105,"column":26}},"50":{"start":{"line":106,"column":6},"end":{"line":108,"column":8}},"51":{"start":{"line":107,"column":8},"end":{"line":107,"column":42}},"52":{"start":{"line":109,"column":6},"end":{"line":109,"column":40}},"53":{"start":{"line":111,"column":22},"end":{"line":111,"column":55}},"54":{"start":{"line":112,"column":6},"end":{"line":112,"column":41}},"55":{"start":{"line":112,"column":19},"end":{"line":112,"column":40}},"56":{"start":{"line":116,"column":28},"end":{"line":162,"column":3}},"57":{"start":{"line":117,"column":4},"end":{"line":117,"column":23}},"58":{"start":{"line":118,"column":4},"end":{"line":118,"column":19}},"59":{"start":{"line":120,"column":4},"end":{"line":123,"column":5}},"60":{"start":{"line":121,"column":6},"end":{"line":121,"column":56}},"61":{"start":{"line":122,"column":6},"end":{"line":122,"column":13}},"62":{"start":{"line":125,"column":4},"end":{"line":130,"column":5}},"63":{"start":{"line":126,"column":6},"end":{"line":128,"column":8}},"64":{"start":{"line":129,"column":6},"end":{"line":129,"column":13}},"65":{"start":{"line":132,"column":4},"end":{"line":161,"column":5}},"66":{"start":{"line":133,"column":6},"end":{"line":133,"column":24}},"67":{"start":{"line":135,"column":19},"end":{"line":139,"column":8}},"68":{"start":{"line":141,"column":19},"end":{"line":141,"column":35}},"69":{"start":{"line":143,"column":6},"end":{"line":155,"column":7}},"70":{"start":{"line":144,"column":8},"end":{"line":144,"column":69}},"71":{"start":{"line":145,"column":8},"end":{"line":145,"column":64}},"72":{"start":{"line":146,"column":8},"end":{"line":152,"column":17}},"73":{"start":{"line":147,"column":10},"end":{"line":147,"column":31}},"74":{"start":{"line":148,"column":10},"end":{"line":148,"column":25}},"75":{"start":{"line":149,"column":10},"end":{"line":151,"column":11}},"76":{"start":{"line":150,"column":12},"end":{"line":150,"column":38}},"77":{"start":{"line":154,"column":8},"end":{"line":154,"column":71}},"78":{"start":{"line":157,"column":6},"end":{"line":157,"column":27}},"79":{"start":{"line":158,"column":6},"end":{"line":158,"column":54}},"80":{"start":{"line":160,"column":6},"end":{"line":160,"column":25}},"81":{"start":{"line":164,"column":31},"end":{"line":234,"column":3}},"82":{"start":{"line":165,"column":4},"end":{"line":165,"column":23}},"83":{"start":{"line":166,"column":4},"end":{"line":166,"column":19}},"84":{"start":{"line":168,"column":4},"end":{"line":171,"column":5}},"85":{"start":{"line":169,"column":6},"end":{"line":169,"column":56}},"86":{"start":{"line":170,"column":6},"end":{"line":170,"column":13}},"87":{"start":{"line":173,"column":4},"end":{"line":176,"column":5}},"88":{"start":{"line":174,"column":6},"end":{"line":174,"column":64}},"89":{"start":{"line":175,"column":6},"end":{"line":175,"column":13}},"90":{"start":{"line":178,"column":4},"end":{"line":181,"column":5}},"91":{"start":{"line":179,"column":6},"end":{"line":179,"column":67}},"92":{"start":{"line":180,"column":6},"end":{"line":180,"column":13}},"93":{"start":{"line":183,"column":4},"end":{"line":186,"column":5}},"94":{"start":{"line":184,"column":6},"end":{"line":184,"column":49}},"95":{"start":{"line":185,"column":6},"end":{"line":185,"column":13}},"96":{"start":{"line":188,"column":23},"end":{"line":188,"column":51}},"97":{"start":{"line":189,"column":4},"end":{"line":192,"column":5}},"98":{"start":{"line":190,"column":6},"end":{"line":190,"column":35}},"99":{"start":{"line":191,"column":6},"end":{"line":191,"column":13}},"100":{"start":{"line":194,"column":4},"end":{"line":233,"column":5}},"101":{"start":{"line":195,"column":6},"end":{"line":195,"column":24}},"102":{"start":{"line":197,"column":19},"end":{"line":208,"column":8}},"103":{"start":{"line":210,"column":19},"end":{"line":210,"column":36}},"104":{"start":{"line":212,"column":6},"end":{"line":227,"column":7}},"105":{"start":{"line":213,"column":8},"end":{"line":213,"column":55}},"106":{"start":{"line":214,"column":8},"end":{"line":224,"column":17}},"107":{"start":{"line":215,"column":10},"end":{"line":215,"column":31}},"108":{"start":{"line":216,"column":10},"end":{"line":216,"column":25}},"109":{"start":{"line":217,"column":10},"end":{"line":217,"column":26}},"110":{"start":{"line":218,"column":10},"end":{"line":218,"column":26}},"111":{"start":{"line":219,"column":10},"end":{"line":219,"column":33}},"112":{"start":{"line":220,"column":10},"end":{"line":220,"column":23}},"113":{"start":{"line":221,"column":10},"end":{"line":221,"column":24}},"114":{"start":{"line":222,"column":10},"end":{"line":222,"column":33}},"115":{"start":{"line":223,"column":10},"end":{"line":223,"column":36}},"116":{"start":{"line":226,"column":8},"end":{"line":226,"column":59}},"117":{"start":{"line":229,"column":6},"end":{"line":229,"column":27}},"118":{"start":{"line":230,"column":6},"end":{"line":230,"column":54}},"119":{"start":{"line":232,"column":6},"end":{"line":232,"column":25}},"120":{"start":{"line":236,"column":21},"end":{"line":247,"column":3}},"121":{"start":{"line":237,"column":4},"end":{"line":237,"column":25}},"122":{"start":{"line":238,"column":4},"end":{"line":238,"column":19}},"123":{"start":{"line":239,"column":4},"end":{"line":239,"column":20}},"124":{"start":{"line":240,"column":4},"end":{"line":240,"column":20}},"125":{"start":{"line":241,"column":4},"end":{"line":241,"column":27}},"126":{"start":{"line":242,"column":4},"end":{"line":242,"column":17}},"127":{"start":{"line":243,"column":4},"end":{"line":243,"column":18}},"128":{"start":{"line":244,"column":4},"end":{"line":244,"column":27}},"129":{"start":{"line":245,"column":4},"end":{"line":245,"column":30}},"130":{"start":{"line":246,"column":4},"end":{"line":246,"column":23}},"131":{"start":{"line":249,"column":22},"end":{"line":252,"column":3}},"132":{"start":{"line":250,"column":4},"end":{"line":250,"column":19}},"133":{"start":{"line":251,"column":4},"end":{"line":251,"column":26}},"134":{"start":{"line":254,"column":2},"end":{"line":633,"column":4}},"135":{"start":{"line":289,"column":29},"end":{"line":289,"column":52}},"136":{"start":{"line":295,"column":29},"end":{"line":295,"column":55}},"137":{"start":{"line":314,"column":57},"end":{"line":314,"column":76}},"138":{"start":{"line":334,"column":37},"end":{"line":334,"column":64}},"139":{"start":{"line":351,"column":37},"end":{"line":351,"column":64}},"140":{"start":{"line":401,"column":20},"end":{"line":401,"column":39}},"141":{"start":{"line":402,"column":20},"end":{"line":402,"column":44}},"142":{"start":{"line":415,"column":57},"end":{"line":415,"column":76}},"143":{"start":{"line":435,"column":37},"end":{"line":435,"column":62}},"144":{"start":{"line":452,"column":37},"end":{"line":452,"column":71}},"145":{"start":{"line":469,"column":37},"end":{"line":469,"column":64}},"146":{"start":{"line":486,"column":37},"end":{"line":486,"column":61}},"147":{"start":{"line":503,"column":37},"end":{"line":503,"column":64}},"148":{"start":{"line":520,"column":37},"end":{"line":520,"column":71}},"149":{"start":{"line":543,"column":41},"end":{"line":543,"column":72}},"150":{"start":{"line":560,"column":41},"end":{"line":560,"column":72}},"151":{"start":{"line":577,"column":41},"end":{"line":577,"column":72}},"152":{"start":{"line":621,"column":20},"end":{"line":621,"column":39}},"153":{"start":{"line":622,"column":20},"end":{"line":622,"column":41}},"154":{"start":{"line":636,"column":0},"end":{"line":638,"column":2}}},"fnMap":{"0":{"name":"Login","decl":{"start":{"line":7,"column":9},"end":{"line":7,"column":14}},"loc":{"start":{"line":7,"column":35},"end":{"line":634,"column":1}},"line":7},"1":{"name":"(anonymous_1)","decl":{"start":{"line":23,"column":33},"end":{"line":23,"column":34}},"loc":{"start":{"line":23,"column":47},"end":{"line":70,"column":1}},"line":23},"2":{"name":"(anonymous_2)","decl":{"start":{"line":31,"column":10},"end":{"line":31,"column":11}},"loc":{"start":{"line":31,"column":32},"end":{"line":65,"column":5}},"line":31},"3":{"name":"(anonymous_3)","decl":{"start":{"line":57,"column":17},"end":{"line":57,"column":18}},"loc":{"start":{"line":57,"column":23},"end":{"line":64,"column":7}},"line":57},"4":{"name":"(anonymous_4)","decl":{"start":{"line":66,"column":11},"end":{"line":66,"column":12}},"loc":{"start":{"line":66,"column":20},"end":{"line":69,"column":5}},"line":66},"5":{"name":"initializeGoogle","decl":{"start":{"line":73,"column":11},"end":{"line":73,"column":27}},"loc":{"start":{"line":73,"column":30},"end":{"line":93,"column":1}},"line":73},"6":{"name":"(anonymous_6)","decl":{"start":{"line":97,"column":12},"end":{"line":97,"column":13}},"loc":{"start":{"line":97,"column":18},"end":{"line":114,"column":3}},"line":97},"7":{"name":"(anonymous_7)","decl":{"start":{"line":106,"column":22},"end":{"line":106,"column":23}},"loc":{"start":{"line":106,"column":28},"end":{"line":108,"column":7}},"line":106},"8":{"name":"(anonymous_8)","decl":{"start":{"line":112,"column":13},"end":{"line":112,"column":14}},"loc":{"start":{"line":112,"column":19},"end":{"line":112,"column":40}},"line":112},"9":{"name":"(anonymous_9)","decl":{"start":{"line":116,"column":28},"end":{"line":116,"column":29}},"loc":{"start":{"line":116,"column":41},"end":{"line":162,"column":3}},"line":116},"10":{"name":"(anonymous_10)","decl":{"start":{"line":146,"column":19},"end":{"line":146,"column":20}},"loc":{"start":{"line":146,"column":25},"end":{"line":152,"column":9}},"line":146},"11":{"name":"(anonymous_11)","decl":{"start":{"line":164,"column":31},"end":{"line":164,"column":32}},"loc":{"start":{"line":164,"column":44},"end":{"line":234,"column":3}},"line":164},"12":{"name":"(anonymous_12)","decl":{"start":{"line":214,"column":19},"end":{"line":214,"column":20}},"loc":{"start":{"line":214,"column":25},"end":{"line":224,"column":9}},"line":214},"13":{"name":"(anonymous_13)","decl":{"start":{"line":236,"column":21},"end":{"line":236,"column":22}},"loc":{"start":{"line":236,"column":27},"end":{"line":247,"column":3}},"line":236},"14":{"name":"(anonymous_14)","decl":{"start":{"line":249,"column":22},"end":{"line":249,"column":23}},"loc":{"start":{"line":249,"column":33},"end":{"line":252,"column":3}},"line":249},"15":{"name":"(anonymous_15)","decl":{"start":{"line":289,"column":23},"end":{"line":289,"column":24}},"loc":{"start":{"line":289,"column":29},"end":{"line":289,"column":52}},"line":289},"16":{"name":"(anonymous_16)","decl":{"start":{"line":295,"column":23},"end":{"line":295,"column":24}},"loc":{"start":{"line":295,"column":29},"end":{"line":295,"column":55}},"line":295},"17":{"name":"(anonymous_17)","decl":{"start":{"line":314,"column":50},"end":{"line":314,"column":51}},"loc":{"start":{"line":314,"column":57},"end":{"line":314,"column":76}},"line":314},"18":{"name":"(anonymous_18)","decl":{"start":{"line":334,"column":30},"end":{"line":334,"column":31}},"loc":{"start":{"line":334,"column":37},"end":{"line":334,"column":64}},"line":334},"19":{"name":"(anonymous_19)","decl":{"start":{"line":351,"column":30},"end":{"line":351,"column":31}},"loc":{"start":{"line":351,"column":37},"end":{"line":351,"column":64}},"line":351},"20":{"name":"(anonymous_20)","decl":{"start":{"line":400,"column":27},"end":{"line":400,"column":28}},"loc":{"start":{"line":400,"column":34},"end":{"line":403,"column":19}},"line":400},"21":{"name":"(anonymous_21)","decl":{"start":{"line":415,"column":50},"end":{"line":415,"column":51}},"loc":{"start":{"line":415,"column":57},"end":{"line":415,"column":76}},"line":415},"22":{"name":"(anonymous_22)","decl":{"start":{"line":435,"column":30},"end":{"line":435,"column":31}},"loc":{"start":{"line":435,"column":37},"end":{"line":435,"column":62}},"line":435},"23":{"name":"(anonymous_23)","decl":{"start":{"line":452,"column":30},"end":{"line":452,"column":31}},"loc":{"start":{"line":452,"column":37},"end":{"line":452,"column":71}},"line":452},"24":{"name":"(anonymous_24)","decl":{"start":{"line":469,"column":30},"end":{"line":469,"column":31}},"loc":{"start":{"line":469,"column":37},"end":{"line":469,"column":64}},"line":469},"25":{"name":"(anonymous_25)","decl":{"start":{"line":486,"column":30},"end":{"line":486,"column":31}},"loc":{"start":{"line":486,"column":37},"end":{"line":486,"column":61}},"line":486},"26":{"name":"(anonymous_26)","decl":{"start":{"line":503,"column":30},"end":{"line":503,"column":31}},"loc":{"start":{"line":503,"column":37},"end":{"line":503,"column":64}},"line":503},"27":{"name":"(anonymous_27)","decl":{"start":{"line":520,"column":30},"end":{"line":520,"column":31}},"loc":{"start":{"line":520,"column":37},"end":{"line":520,"column":71}},"line":520},"28":{"name":"(anonymous_28)","decl":{"start":{"line":543,"column":34},"end":{"line":543,"column":35}},"loc":{"start":{"line":543,"column":41},"end":{"line":543,"column":72}},"line":543},"29":{"name":"(anonymous_29)","decl":{"start":{"line":560,"column":34},"end":{"line":560,"column":35}},"loc":{"start":{"line":560,"column":41},"end":{"line":560,"column":72}},"line":560},"30":{"name":"(anonymous_30)","decl":{"start":{"line":577,"column":34},"end":{"line":577,"column":35}},"loc":{"start":{"line":577,"column":41},"end":{"line":577,"column":72}},"line":577},"31":{"name":"(anonymous_31)","decl":{"start":{"line":620,"column":27},"end":{"line":620,"column":28}},"loc":{"start":{"line":620,"column":34},"end":{"line":623,"column":19}},"line":620}},"branchMap":{"0":{"loc":{"start":{"line":32,"column":6},"end":{"line":37,"column":7}},"type":"if","locations":[{"start":{"line":32,"column":6},"end":{"line":37,"column":7}},{"start":{},"end":{}}],"line":32},"1":{"loc":{"start":{"line":42,"column":22},"end":{"line":42,"column":39}},"type":"binary-expr","locations":[{"start":{"line":42,"column":22},"end":{"line":42,"column":31}},{"start":{"line":42,"column":35},"end":{"line":42,"column":39}}],"line":42},"2":{"loc":{"start":{"line":43,"column":20},"end":{"line":43,"column":50}},"type":"binary-expr","locations":[{"start":{"line":43,"column":20},"end":{"line":43,"column":30}},{"start":{"line":43,"column":34},"end":{"line":43,"column":50}}],"line":43},"3":{"loc":{"start":{"line":61,"column":8},"end":{"line":63,"column":9}},"type":"if","locations":[{"start":{"line":61,"column":8},"end":{"line":63,"column":9}},{"start":{},"end":{}}],"line":61},"4":{"loc":{"start":{"line":74,"column":19},"end":{"line":74,"column":39}},"type":"binary-expr","locations":[{"start":{"line":74,"column":19},"end":{"line":74,"column":33}},{"start":{"line":74,"column":37},"end":{"line":74,"column":39}}],"line":74},"5":{"loc":{"start":{"line":76,"column":2},"end":{"line":79,"column":3}},"type":"if","locations":[{"start":{"line":76,"column":2},"end":{"line":79,"column":3}},{"start":{},"end":{}}],"line":76},"6":{"loc":{"start":{"line":76,"column":6},"end":{"line":76,"column":77}},"type":"binary-expr","locations":[{"start":{"line":76,"column":6},"end":{"line":76,"column":20}},{"start":{"line":76,"column":24},"end":{"line":76,"column":47}},{"start":{"line":76,"column":51},"end":{"line":76,"column":77}}],"line":76},"7":{"loc":{"start":{"line":98,"column":4},"end":{"line":98,"column":40}},"type":"if","locations":[{"start":{"line":98,"column":4},"end":{"line":98,"column":40}},{"start":{},"end":{}}],"line":98},"8":{"loc":{"start":{"line":101,"column":4},"end":{"line":113,"column":5}},"type":"if","locations":[{"start":{"line":101,"column":4},"end":{"line":113,"column":5}},{"start":{"line":110,"column":11},"end":{"line":113,"column":5}}],"line":101},"9":{"loc":{"start":{"line":120,"column":4},"end":{"line":123,"column":5}},"type":"if","locations":[{"start":{"line":120,"column":4},"end":{"line":123,"column":5}},{"start":{},"end":{}}],"line":120},"10":{"loc":{"start":{"line":120,"column":8},"end":{"line":120,"column":30}},"type":"binary-expr","locations":[{"start":{"line":120,"column":8},"end":{"line":120,"column":17}},{"start":{"line":120,"column":21},"end":{"line":120,"column":30}}],"line":120},"11":{"loc":{"start":{"line":125,"column":4},"end":{"line":130,"column":5}},"type":"if","locations":[{"start":{"line":125,"column":4},"end":{"line":130,"column":5}},{"start":{},"end":{}}],"line":125},"12":{"loc":{"start":{"line":125,"column":8},"end":{"line":125,"column":50}},"type":"binary-expr","locations":[{"start":{"line":125,"column":8},"end":{"line":125,"column":27}},{"start":{"line":125,"column":31},"end":{"line":125,"column":50}}],"line":125},"13":{"loc":{"start":{"line":143,"column":6},"end":{"line":155,"column":7}},"type":"if","locations":[{"start":{"line":143,"column":6},"end":{"line":155,"column":7}},{"start":{"line":153,"column":13},"end":{"line":155,"column":7}}],"line":143},"14":{"loc":{"start":{"line":143,"column":10},"end":{"line":143,"column":28}},"type":"binary-expr","locations":[{"start":{"line":143,"column":10},"end":{"line":143,"column":17}},{"start":{"line":143,"column":21},"end":{"line":143,"column":28}}],"line":143},"15":{"loc":{"start":{"line":144,"column":19},"end":{"line":144,"column":67}},"type":"binary-expr","locations":[{"start":{"line":144,"column":19},"end":{"line":144,"column":31}},{"start":{"line":144,"column":35},"end":{"line":144,"column":67}}],"line":144},"16":{"loc":{"start":{"line":149,"column":10},"end":{"line":151,"column":11}},"type":"if","locations":[{"start":{"line":149,"column":10},"end":{"line":151,"column":11}},{"start":{},"end":{}}],"line":149},"17":{"loc":{"start":{"line":154,"column":19},"end":{"line":154,"column":69}},"type":"binary-expr","locations":[{"start":{"line":154,"column":19},"end":{"line":154,"column":31}},{"start":{"line":154,"column":35},"end":{"line":154,"column":69}}],"line":154},"18":{"loc":{"start":{"line":168,"column":4},"end":{"line":171,"column":5}},"type":"if","locations":[{"start":{"line":168,"column":4},"end":{"line":171,"column":5}},{"start":{},"end":{}}],"line":168},"19":{"loc":{"start":{"line":168,"column":8},"end":{"line":168,"column":91}},"type":"binary-expr","locations":[{"start":{"line":168,"column":8},"end":{"line":168,"column":17}},{"start":{"line":168,"column":21},"end":{"line":168,"column":30}},{"start":{"line":168,"column":34},"end":{"line":168,"column":40}},{"start":{"line":168,"column":44},"end":{"line":168,"column":60}},{"start":{"line":168,"column":64},"end":{"line":168,"column":71}},{"start":{"line":168,"column":75},"end":{"line":168,"column":91}}],"line":168},"20":{"loc":{"start":{"line":173,"column":4},"end":{"line":176,"column":5}},"type":"if","locations":[{"start":{"line":173,"column":4},"end":{"line":176,"column":5}},{"start":{},"end":{}}],"line":173},"21":{"loc":{"start":{"line":178,"column":4},"end":{"line":181,"column":5}},"type":"if","locations":[{"start":{"line":178,"column":4},"end":{"line":181,"column":5}},{"start":{},"end":{}}],"line":178},"22":{"loc":{"start":{"line":183,"column":4},"end":{"line":186,"column":5}},"type":"if","locations":[{"start":{"line":183,"column":4},"end":{"line":186,"column":5}},{"start":{},"end":{}}],"line":183},"23":{"loc":{"start":{"line":189,"column":4},"end":{"line":192,"column":5}},"type":"if","locations":[{"start":{"line":189,"column":4},"end":{"line":192,"column":5}},{"start":{},"end":{}}],"line":189},"24":{"loc":{"start":{"line":212,"column":6},"end":{"line":227,"column":7}},"type":"if","locations":[{"start":{"line":212,"column":6},"end":{"line":227,"column":7}},{"start":{"line":225,"column":13},"end":{"line":227,"column":7}}],"line":212},"25":{"loc":{"start":{"line":212,"column":10},"end":{"line":212,"column":28}},"type":"binary-expr","locations":[{"start":{"line":212,"column":10},"end":{"line":212,"column":17}},{"start":{"line":212,"column":21},"end":{"line":212,"column":28}}],"line":212},"26":{"loc":{"start":{"line":213,"column":19},"end":{"line":213,"column":53}},"type":"binary-expr","locations":[{"start":{"line":213,"column":19},"end":{"line":213,"column":31}},{"start":{"line":213,"column":35},"end":{"line":213,"column":53}}],"line":213},"27":{"loc":{"start":{"line":226,"column":19},"end":{"line":226,"column":57}},"type":"binary-expr","locations":[{"start":{"line":226,"column":19},"end":{"line":226,"column":31}},{"start":{"line":226,"column":35},"end":{"line":226,"column":57}}],"line":226},"28":{"loc":{"start":{"line":312,"column":7},"end":{"line":411,"column":7}},"type":"binary-expr","locations":[{"start":{"line":312,"column":7},"end":{"line":312,"column":30}},{"start":{"line":313,"column":8},"end":{"line":410,"column":14}}],"line":312},"29":{"loc":{"start":{"line":365,"column":44},"end":{"line":365,"column":69}},"type":"cond-expr","locations":[{"start":{"line":365,"column":55},"end":{"line":365,"column":64}},{"start":{"line":365,"column":67},"end":{"line":365,"column":69}}],"line":365},"30":{"loc":{"start":{"line":368,"column":19},"end":{"line":368,"column":63}},"type":"cond-expr","locations":[{"start":{"line":368,"column":30},"end":{"line":368,"column":44}},{"start":{"line":368,"column":47},"end":{"line":368,"column":63}}],"line":368},"31":{"loc":{"start":{"line":386,"column":13},"end":{"line":393,"column":13}},"type":"binary-expr","locations":[{"start":{"line":386,"column":13},"end":{"line":386,"column":20}},{"start":{"line":387,"column":14},"end":{"line":392,"column":20}}],"line":386},"32":{"loc":{"start":{"line":387,"column":41},"end":{"line":387,"column":127}},"type":"cond-expr","locations":[{"start":{"line":387,"column":108},"end":{"line":387,"column":117}},{"start":{"line":387,"column":120},"end":{"line":387,"column":127}}],"line":387},"33":{"loc":{"start":{"line":387,"column":41},"end":{"line":387,"column":105}},"type":"binary-expr","locations":[{"start":{"line":387,"column":41},"end":{"line":387,"column":74}},{"start":{"line":387,"column":78},"end":{"line":387,"column":105}}],"line":387},"34":{"loc":{"start":{"line":389,"column":19},"end":{"line":389,"column":95}},"type":"cond-expr","locations":[{"start":{"line":389,"column":86},"end":{"line":389,"column":89}},{"start":{"line":389,"column":92},"end":{"line":389,"column":95}}],"line":389},"35":{"loc":{"start":{"line":389,"column":19},"end":{"line":389,"column":83}},"type":"binary-expr","locations":[{"start":{"line":389,"column":19},"end":{"line":389,"column":52}},{"start":{"line":389,"column":56},"end":{"line":389,"column":83}}],"line":389},"36":{"loc":{"start":{"line":413,"column":7},"end":{"line":631,"column":7}},"type":"binary-expr","locations":[{"start":{"line":413,"column":7},"end":{"line":413,"column":33}},{"start":{"line":414,"column":8},"end":{"line":630,"column":14}}],"line":413},"37":{"loc":{"start":{"line":537,"column":66},"end":{"line":537,"column":116}},"type":"cond-expr","locations":[{"start":{"line":537,"column":101},"end":{"line":537,"column":111}},{"start":{"line":537,"column":114},"end":{"line":537,"column":116}}],"line":537},"38":{"loc":{"start":{"line":554,"column":66},"end":{"line":554,"column":108}},"type":"cond-expr","locations":[{"start":{"line":554,"column":93},"end":{"line":554,"column":103}},{"start":{"line":554,"column":106},"end":{"line":554,"column":108}}],"line":554},"39":{"loc":{"start":{"line":571,"column":67},"end":{"line":571,"column":110}},"type":"cond-expr","locations":[{"start":{"line":571,"column":95},"end":{"line":571,"column":105}},{"start":{"line":571,"column":108},"end":{"line":571,"column":110}}],"line":571},"40":{"loc":{"start":{"line":594,"column":44},"end":{"line":594,"column":69}},"type":"cond-expr","locations":[{"start":{"line":594,"column":55},"end":{"line":594,"column":64}},{"start":{"line":594,"column":67},"end":{"line":594,"column":69}}],"line":594},"41":{"loc":{"start":{"line":597,"column":19},"end":{"line":597,"column":63}},"type":"cond-expr","locations":[{"start":{"line":597,"column":30},"end":{"line":597,"column":46}},{"start":{"line":597,"column":49},"end":{"line":597,"column":63}}],"line":597},"42":{"loc":{"start":{"line":606,"column":13},"end":{"line":613,"column":13}},"type":"binary-expr","locations":[{"start":{"line":606,"column":13},"end":{"line":606,"column":20}},{"start":{"line":607,"column":14},"end":{"line":612,"column":20}}],"line":606},"43":{"loc":{"start":{"line":607,"column":41},"end":{"line":607,"column":90}},"type":"cond-expr","locations":[{"start":{"line":607,"column":71},"end":{"line":607,"column":80}},{"start":{"line":607,"column":83},"end":{"line":607,"column":90}}],"line":607},"44":{"loc":{"start":{"line":609,"column":19},"end":{"line":609,"column":58}},"type":"cond-expr","locations":[{"start":{"line":609,"column":49},"end":{"line":609,"column":52}},{"start":{"line":609,"column":55},"end":{"line":609,"column":58}}],"line":609}},"s":{"0":0,"1":0,"2":0,"3":0,"4":0,"5":0,"6":0,"7":0,"8":0,"9":0,"10":0,"11":0,"12":0,"13":0,"14":0,"15":0,"16":0,"17":0,"18":0,"19":0,"20":0,"21":0,"22":0,"23":0,"24":0,"25":0,"26":0,"27":0,"28":0,"29":0,"30":0,"31":0,"32":0,"33":0,"34":0,"35":0,"36":0,"37":0,"38":0,"39":0,"40":0,"41":0,"42":0,"43":0,"44":0,"45":0,"46":0,"47":0,"48":0,"49":0,"50":0,"51":0,"52":0,"53":0,"54":0,"55":0,"56":0,"57":0,"58":0,"59":0,"60":0,"61":0,"62":0,"63":0,"64":0,"65":0,"66":0,"67":0,"68":0,"69":0,"70":0,"71":0,"72":0,"73":0,"74":0,"75":0,"76":0,"77":0,"78":0,"79":0,"80":0,"81":0,"82":0,"83":0,"84":0,"85":0,"86":0,"87":0,"88":0,"89":0,"90":0,"91":0,"92":0,"93":0,"94":0,"95":0,"96":0,"97":0,"98":0,"99":0,"100":0,"101":0,"102":0,"103":0,"104":0,"105":0,"106":0,"107":0,"108":0,"109":0,"110":0,"111":0,"112":0,"113":0,"114":0,"115":0,"116":0,"117":0,"118":0,"119":0,"120":0,"121":0,"122":0,"123":0,"124":0,"125":0,"126":0,"127":0,"128":0,"129":0,"130":0,"131":0,"132":0,"133":0,"134":0,"135":0,"136":0,"137":0,"138":0,"139":0,"140":0,"141":0,"142":0,"143":0,"144":0,"145":0,"146":0,"147":0,"148":0,"149":0,"150":0,"151":0,"152":0,"153":0,"154":0},"f":{"0":0,"1":0,"2":0,"3":0,"4":0,"5":0,"6":0,"7":0,"8":0,"9":0,"10":0,"11":0,"12":0,"13":0,"14":0,"15":0,"16":0,"17":0,"18":0,"19":0,"20":0,"21":0,"22":0,"23":0,"24":0,"25":0,"26":0,"27":0,"28":0,"29":0,"30":0,"31":0},"b":{"0":[0,0],"1":[0,0],"2":[0,0],"3":[0,0],"4":[0,0],"5":[0,0],"6":[0,0,0],"7":[0,0],"8":[0,0],"9":[0,0],"10":[0,0],"11":[0,0],"12":[0,0],"13":[0,0],"14":[0,0],"15":[0,0],"16":[0,0],"17":[0,0],"18":[0,0],"19":[0,0,0,0,0,0],"20":[0,0],"21":[0,0],"22":[0,0],"23":[0,0],"24":[0,0],"25":[0,0],"26":[0,0],"27":[0,0],"28":[0,0],"29":[0,0],"30":[0,0],"31":[0,0],"32":[0,0],"33":[0,0],"34":[0,0],"35":[0,0],"36":[0,0],"37":[0,0],"38":[0,0],"39":[0,0],"40":[0,0],"41":[0,0],"42":[0,0],"43":[0,0],"44":[0,0]}}
}
