TN:
SF:src\App.jsx
FN:7,App
FN:10,(anonymous_1)
FN:22,(anonymous_2)
FN:26,(anonymous_3)
FN:31,(anonymous_4)
FNF:5
FNH:0
FNDA:0,App
FNDA:0,(anonymous_1)
FNDA:0,(anonymous_2)
FNDA:0,(anonymous_3)
FNDA:0,(anonymous_4)
DA:8,0
DA:10,0
DA:11,0
DA:12,0
DA:13,0
DA:14,0
DA:16,0
DA:17,0
DA:22,0
DA:23,0
DA:26,0
DA:27,0
DA:28,0
DA:31,0
DA:32,0
DA:34,0
DA:36,0
DA:38,0
DA:40,0
DA:42,0
DA:46,0
LF:21
LH:0
BRDA:12,0,0,0
BRDA:12,0,1,0
BRDA:32,1,0,0
BRDA:32,1,1,0
BRDA:34,2,0,0
BRDA:34,2,1,0
BRDA:34,2,2,0
BRDA:34,2,3,0
BRF:8
BRH:0
end_of_record
TN:
SF:src\config\api.js
FNF:0
FNH:0
DA:1,0
LF:1
LH:0
BRDA:1,0,0,0
BRDA:1,0,1,0
BRF:2
BRH:0
end_of_record
TN:
SF:src\pages\DashboardAdmin.jsx
FN:5,DashboardAdmin
FN:10,(anonymous_1)
FN:11,(anonymous_2)
FN:14,(anonymous_3)
FN:21,(anonymous_4)
FN:54,(anonymous_5)
FN:63,(anonymous_6)
FN:72,(anonymous_7)
FN:81,(anonymous_8)
FN:90,(anonymous_9)
FN:99,(anonymous_10)
FN:108,(anonymous_11)
FN:117,(anonymous_12)
FN:126,(anonymous_13)
FN:274,(anonymous_14)
FN:278,(anonymous_15)
FN:282,(anonymous_16)
FN:286,(anonymous_17)
FNF:18
FNH:0
FNDA:0,DashboardAdmin
FNDA:0,(anonymous_1)
FNDA:0,(anonymous_2)
FNDA:0,(anonymous_3)
FNDA:0,(anonymous_4)
FNDA:0,(anonymous_5)
FNDA:0,(anonymous_6)
FNDA:0,(anonymous_7)
FNDA:0,(anonymous_8)
FNDA:0,(anonymous_9)
FNDA:0,(anonymous_10)
FNDA:0,(anonymous_11)
FNDA:0,(anonymous_12)
FNDA:0,(anonymous_13)
FNDA:0,(anonymous_14)
FNDA:0,(anonymous_15)
FNDA:0,(anonymous_16)
FNDA:0,(anonymous_17)
DA:6,0
DA:7,0
DA:8,0
DA:10,0
DA:11,0
DA:14,0
DA:15,0
DA:16,0
DA:17,0
DA:21,0
DA:22,0
DA:23,0
DA:24,0
DA:25,0
DA:28,0
DA:54,0
DA:63,0
DA:72,0
DA:81,0
DA:90,0
DA:99,0
DA:108,0
DA:117,0
DA:126,0
DA:274,0
DA:278,0
DA:282,0
DA:286,0
DA:375,0
LF:29
LH:0
BRDA:16,0,0,0
BRDA:16,0,1,0
BRDA:23,1,0,0
BRDA:23,1,1,0
BRDA:24,2,0,0
BRDA:24,2,1,0
BRDA:37,3,0,0
BRDA:37,3,1,0
BRDA:41,4,0,0
BRDA:41,4,1,0
BRDA:46,5,0,0
BRDA:46,5,1,0
BRDA:50,6,0,0
BRDA:50,6,1,0
BRDA:56,7,0,0
BRDA:56,7,1,0
BRDA:62,8,0,0
BRDA:62,8,1,0
BRDA:66,9,0,0
BRDA:66,9,1,0
BRDA:67,10,0,0
BRDA:67,10,1,0
BRDA:71,11,0,0
BRDA:71,11,1,0
BRDA:75,12,0,0
BRDA:75,12,1,0
BRDA:76,13,0,0
BRDA:76,13,1,0
BRDA:80,14,0,0
BRDA:80,14,1,0
BRDA:84,15,0,0
BRDA:84,15,1,0
BRDA:85,16,0,0
BRDA:85,16,1,0
BRDA:89,17,0,0
BRDA:89,17,1,0
BRDA:93,18,0,0
BRDA:93,18,1,0
BRDA:94,19,0,0
BRDA:94,19,1,0
BRDA:98,20,0,0
BRDA:98,20,1,0
BRDA:102,21,0,0
BRDA:102,21,1,0
BRDA:103,22,0,0
BRDA:103,22,1,0
BRDA:107,23,0,0
BRDA:107,23,1,0
BRDA:111,24,0,0
BRDA:111,24,1,0
BRDA:112,25,0,0
BRDA:112,25,1,0
BRDA:116,26,0,0
BRDA:116,26,1,0
BRDA:120,27,0,0
BRDA:120,27,1,0
BRDA:121,28,0,0
BRDA:121,28,1,0
BRDA:125,29,0,0
BRDA:125,29,1,0
BRDA:129,30,0,0
BRDA:129,30,1,0
BRDA:130,31,0,0
BRDA:130,31,1,0
BRDA:137,32,0,0
BRDA:137,32,1,0
BRDA:164,33,0,0
BRDA:164,33,1,0
BRDA:169,34,0,0
BRDA:169,34,1,0
BRDA:176,35,0,0
BRDA:176,35,1,0
BRDA:180,36,0,0
BRDA:180,36,1,0
BRDA:296,37,0,0
BRDA:296,37,1,0
BRDA:308,38,0,0
BRDA:308,38,1,0
BRDA:319,39,0,0
BRDA:319,39,1,0
BRDA:330,40,0,0
BRDA:330,40,1,0
BRDA:341,41,0,0
BRDA:341,41,1,0
BRDA:352,42,0,0
BRDA:352,42,1,0
BRDA:363,43,0,0
BRDA:363,43,1,0
BRF:88
BRH:0
end_of_record
TN:
SF:src\pages\DashboardAlumno.jsx
FN:5,DashboardAlumno
FN:10,(anonymous_1)
FN:11,(anonymous_2)
FN:14,(anonymous_3)
FN:21,(anonymous_4)
FN:54,(anonymous_5)
FN:63,(anonymous_6)
FN:72,(anonymous_7)
FN:81,(anonymous_8)
FN:90,(anonymous_9)
FN:99,(anonymous_10)
FN:108,(anonymous_11)
FN:260,(anonymous_12)
FN:264,(anonymous_13)
FN:268,(anonymous_14)
FN:272,(anonymous_15)
FNF:16
FNH:0
FNDA:0,DashboardAlumno
FNDA:0,(anonymous_1)
FNDA:0,(anonymous_2)
FNDA:0,(anonymous_3)
FNDA:0,(anonymous_4)
FNDA:0,(anonymous_5)
FNDA:0,(anonymous_6)
FNDA:0,(anonymous_7)
FNDA:0,(anonymous_8)
FNDA:0,(anonymous_9)
FNDA:0,(anonymous_10)
FNDA:0,(anonymous_11)
FNDA:0,(anonymous_12)
FNDA:0,(anonymous_13)
FNDA:0,(anonymous_14)
FNDA:0,(anonymous_15)
DA:6,0
DA:7,0
DA:8,0
DA:10,0
DA:11,0
DA:14,0
DA:15,0
DA:16,0
DA:17,0
DA:21,0
DA:22,0
DA:23,0
DA:24,0
DA:25,0
DA:28,0
DA:54,0
DA:63,0
DA:72,0
DA:81,0
DA:90,0
DA:99,0
DA:108,0
DA:260,0
DA:264,0
DA:268,0
DA:272,0
DA:410,0
LF:27
LH:0
BRDA:16,0,0,0
BRDA:16,0,1,0
BRDA:23,1,0,0
BRDA:23,1,1,0
BRDA:24,2,0,0
BRDA:24,2,1,0
BRDA:37,3,0,0
BRDA:37,3,1,0
BRDA:41,4,0,0
BRDA:41,4,1,0
BRDA:46,5,0,0
BRDA:46,5,1,0
BRDA:50,6,0,0
BRDA:50,6,1,0
BRDA:56,7,0,0
BRDA:56,7,1,0
BRDA:62,8,0,0
BRDA:62,8,1,0
BRDA:66,9,0,0
BRDA:66,9,1,0
BRDA:67,10,0,0
BRDA:67,10,1,0
BRDA:71,11,0,0
BRDA:71,11,1,0
BRDA:75,12,0,0
BRDA:75,12,1,0
BRDA:76,13,0,0
BRDA:76,13,1,0
BRDA:80,14,0,0
BRDA:80,14,1,0
BRDA:84,15,0,0
BRDA:84,15,1,0
BRDA:85,16,0,0
BRDA:85,16,1,0
BRDA:89,17,0,0
BRDA:89,17,1,0
BRDA:93,18,0,0
BRDA:93,18,1,0
BRDA:94,19,0,0
BRDA:94,19,1,0
BRDA:98,20,0,0
BRDA:98,20,1,0
BRDA:102,21,0,0
BRDA:102,21,1,0
BRDA:103,22,0,0
BRDA:103,22,1,0
BRDA:107,23,0,0
BRDA:107,23,1,0
BRDA:111,24,0,0
BRDA:111,24,1,0
BRDA:112,25,0,0
BRDA:112,25,1,0
BRDA:119,26,0,0
BRDA:119,26,1,0
BRDA:146,27,0,0
BRDA:146,27,1,0
BRDA:151,28,0,0
BRDA:151,28,1,0
BRDA:158,29,0,0
BRDA:158,29,1,0
BRDA:162,30,0,0
BRDA:162,30,1,0
BRDA:306,31,0,0
BRDA:306,31,1,0
BRDA:315,32,0,0
BRDA:315,32,1,0
BRDA:319,33,0,0
BRDA:319,33,1,0
BRDA:320,34,0,0
BRDA:320,34,1,0
BRDA:352,35,0,0
BRDA:352,35,1,0
BRDA:377,36,0,0
BRDA:377,36,1,0
BRDA:384,37,0,0
BRDA:384,37,1,0
BRDA:391,38,0,0
BRDA:391,38,1,0
BRDA:398,39,0,0
BRDA:398,39,1,0
BRF:80
BRH:0
end_of_record
TN:
SF:src\pages\DashboardTutor.jsx
FN:5,DashboardTutor
FN:10,(anonymous_1)
FN:11,(anonymous_2)
FN:14,(anonymous_3)
FN:21,(anonymous_4)
FN:54,(anonymous_5)
FN:63,(anonymous_6)
FN:72,(anonymous_7)
FN:81,(anonymous_8)
FN:90,(anonymous_9)
FN:99,(anonymous_10)
FN:108,(anonymous_11)
FN:117,(anonymous_12)
FN:265,(anonymous_13)
FN:269,(anonymous_14)
FN:273,(anonymous_15)
FN:277,(anonymous_16)
FNF:17
FNH:0
FNDA:0,DashboardTutor
FNDA:0,(anonymous_1)
FNDA:0,(anonymous_2)
FNDA:0,(anonymous_3)
FNDA:0,(anonymous_4)
FNDA:0,(anonymous_5)
FNDA:0,(anonymous_6)
FNDA:0,(anonymous_7)
FNDA:0,(anonymous_8)
FNDA:0,(anonymous_9)
FNDA:0,(anonymous_10)
FNDA:0,(anonymous_11)
FNDA:0,(anonymous_12)
FNDA:0,(anonymous_13)
FNDA:0,(anonymous_14)
FNDA:0,(anonymous_15)
FNDA:0,(anonymous_16)
DA:6,0
DA:7,0
DA:8,0
DA:10,0
DA:11,0
DA:14,0
DA:15,0
DA:16,0
DA:17,0
DA:21,0
DA:22,0
DA:23,0
DA:24,0
DA:25,0
DA:28,0
DA:54,0
DA:63,0
DA:72,0
DA:81,0
DA:90,0
DA:99,0
DA:108,0
DA:117,0
DA:265,0
DA:269,0
DA:273,0
DA:277,0
DA:354,0
LF:28
LH:0
BRDA:16,0,0,0
BRDA:16,0,1,0
BRDA:23,1,0,0
BRDA:23,1,1,0
BRDA:24,2,0,0
BRDA:24,2,1,0
BRDA:37,3,0,0
BRDA:37,3,1,0
BRDA:41,4,0,0
BRDA:41,4,1,0
BRDA:46,5,0,0
BRDA:46,5,1,0
BRDA:50,6,0,0
BRDA:50,6,1,0
BRDA:56,7,0,0
BRDA:56,7,1,0
BRDA:62,8,0,0
BRDA:62,8,1,0
BRDA:66,9,0,0
BRDA:66,9,1,0
BRDA:67,10,0,0
BRDA:67,10,1,0
BRDA:71,11,0,0
BRDA:71,11,1,0
BRDA:75,12,0,0
BRDA:75,12,1,0
BRDA:76,13,0,0
BRDA:76,13,1,0
BRDA:80,14,0,0
BRDA:80,14,1,0
BRDA:84,15,0,0
BRDA:84,15,1,0
BRDA:85,16,0,0
BRDA:85,16,1,0
BRDA:89,17,0,0
BRDA:89,17,1,0
BRDA:93,18,0,0
BRDA:93,18,1,0
BRDA:94,19,0,0
BRDA:94,19,1,0
BRDA:98,20,0,0
BRDA:98,20,1,0
BRDA:102,21,0,0
BRDA:102,21,1,0
BRDA:103,22,0,0
BRDA:103,22,1,0
BRDA:107,23,0,0
BRDA:107,23,1,0
BRDA:111,24,0,0
BRDA:111,24,1,0
BRDA:112,25,0,0
BRDA:112,25,1,0
BRDA:116,26,0,0
BRDA:116,26,1,0
BRDA:120,27,0,0
BRDA:120,27,1,0
BRDA:121,28,0,0
BRDA:121,28,1,0
BRDA:128,29,0,0
BRDA:128,29,1,0
BRDA:155,30,0,0
BRDA:155,30,1,0
BRDA:160,31,0,0
BRDA:160,31,1,0
BRDA:167,32,0,0
BRDA:167,32,1,0
BRDA:171,33,0,0
BRDA:171,33,1,0
BRDA:287,34,0,0
BRDA:287,34,1,0
BRDA:298,35,0,0
BRDA:298,35,1,0
BRDA:309,36,0,0
BRDA:309,36,1,0
BRDA:320,37,0,0
BRDA:320,37,1,0
BRDA:331,38,0,0
BRDA:331,38,1,0
BRDA:342,39,0,0
BRDA:342,39,1,0
BRF:80
BRH:0
end_of_record
TN:
SF:src\pages\Login.jsx
FN:6,Login
FN:18,(anonymous_1)
FN:48,(anonymous_2)
FN:66,(anonymous_3)
FN:116,(anonymous_4)
FN:138,(anonymous_5)
FN:151,(anonymous_6)
FN:191,(anonymous_7)
FN:197,(anonymous_8)
FN:216,(anonymous_9)
FN:236,(anonymous_10)
FN:253,(anonymous_11)
FN:293,(anonymous_12)
FN:308,(anonymous_13)
FN:328,(anonymous_14)
FN:345,(anonymous_15)
FN:362,(anonymous_16)
FN:379,(anonymous_17)
FN:396,(anonymous_18)
FN:413,(anonymous_19)
FN:436,(anonymous_20)
FN:453,(anonymous_21)
FN:470,(anonymous_22)
FN:513,(anonymous_23)
FNF:24
FNH:5
FNDA:29,Login
FNDA:0,(anonymous_1)
FNDA:0,(anonymous_2)
FNDA:0,(anonymous_3)
FNDA:0,(anonymous_4)
FNDA:1,(anonymous_5)
FNDA:0,(anonymous_6)
FNDA:6,(anonymous_7)
FNDA:6,(anonymous_8)
FNDA:1,(anonymous_9)
FNDA:0,(anonymous_10)
FNDA:0,(anonymous_11)
FNDA:0,(anonymous_12)
FNDA:0,(anonymous_13)
FNDA:0,(anonymous_14)
FNDA:0,(anonymous_15)
FNDA:0,(anonymous_16)
FNDA:0,(anonymous_17)
FNDA:0,(anonymous_18)
FNDA:0,(anonymous_19)
FNDA:0,(anonymous_20)
FNDA:0,(anonymous_21)
FNDA:0,(anonymous_22)
FNDA:0,(anonymous_23)
DA:7,29
DA:8,29
DA:9,29
DA:10,29
DA:11,29
DA:12,29
DA:13,29
DA:14,29
DA:15,29
DA:16,29
DA:18,29
DA:19,0
DA:20,0
DA:22,0
DA:23,0
DA:24,0
DA:27,0
DA:28,0
DA:31,0
DA:34,0
DA:35,0
DA:37,0
DA:43,0
DA:45,0
DA:46,0
DA:47,0
DA:48,0
DA:49,0
DA:50,0
DA:51,0
DA:52,0
DA:56,0
DA:59,0
DA:60,0
DA:62,0
DA:66,29
DA:67,0
DA:68,0
DA:70,0
DA:71,0
DA:72,0
DA:75,0
DA:76,0
DA:77,0
DA:80,0
DA:81,0
DA:82,0
DA:85,0
DA:86,0
DA:87,0
DA:90,0
DA:91,0
DA:92,0
DA:93,0
DA:96,0
DA:97,0
DA:99,0
DA:112,0
DA:114,0
DA:115,0
DA:116,0
DA:117,0
DA:118,0
DA:119,0
DA:120,0
DA:121,0
DA:122,0
DA:123,0
DA:124,0
DA:125,0
DA:128,0
DA:131,0
DA:132,0
DA:134,0
DA:138,29
DA:139,1
DA:140,1
DA:141,1
DA:142,1
DA:143,1
DA:144,1
DA:145,1
DA:146,1
DA:147,1
DA:148,1
DA:151,29
DA:152,0
DA:153,0
DA:156,29
DA:191,6
DA:197,6
DA:216,1
DA:236,0
DA:253,0
DA:294,0
DA:295,0
DA:308,0
DA:328,0
DA:345,0
DA:362,0
DA:379,0
DA:396,0
DA:413,0
DA:436,0
DA:453,0
DA:470,0
DA:514,0
DA:515,0
DA:529,1
LF:109
LH:29
BRDA:22,0,0,0
BRDA:22,0,1,0
BRDA:22,1,0,0
BRDA:22,1,1,0
BRDA:27,2,0,0
BRDA:27,2,1,0
BRDA:27,3,0,0
BRDA:27,3,1,0
BRDA:45,4,0,0
BRDA:45,4,1,0
BRDA:45,5,0,0
BRDA:45,5,1,0
BRDA:46,6,0,0
BRDA:46,6,1,0
BRDA:51,7,0,0
BRDA:51,7,1,0
BRDA:56,8,0,0
BRDA:56,8,1,0
BRDA:70,9,0,0
BRDA:70,9,1,0
BRDA:70,10,0,0
BRDA:70,10,1,0
BRDA:70,10,2,0
BRDA:70,10,3,0
BRDA:70,10,4,0
BRDA:70,10,5,0
BRDA:75,11,0,0
BRDA:75,11,1,0
BRDA:80,12,0,0
BRDA:80,12,1,0
BRDA:85,13,0,0
BRDA:85,13,1,0
BRDA:91,14,0,0
BRDA:91,14,1,0
BRDA:114,15,0,0
BRDA:114,15,1,0
BRDA:114,16,0,0
BRDA:114,16,1,0
BRDA:115,17,0,0
BRDA:115,17,1,0
BRDA:128,18,0,0
BRDA:128,18,1,0
BRDA:214,19,0,29
BRDA:214,19,1,6
BRDA:267,20,0,0
BRDA:267,20,1,6
BRDA:270,21,0,0
BRDA:270,21,1,6
BRDA:279,22,0,6
BRDA:279,22,1,0
BRDA:280,23,0,0
BRDA:280,23,1,0
BRDA:282,24,0,0
BRDA:282,24,1,0
BRDA:306,25,0,29
BRDA:306,25,1,6
BRDA:430,26,0,0
BRDA:430,26,1,6
BRDA:447,27,0,0
BRDA:447,27,1,6
BRDA:464,28,0,6
BRDA:464,28,1,0
BRDA:487,29,0,0
BRDA:487,29,1,6
BRDA:490,30,0,0
BRDA:490,30,1,6
BRDA:499,31,0,6
BRDA:499,31,1,0
BRDA:500,32,0,0
BRDA:500,32,1,0
BRDA:502,33,0,0
BRDA:502,33,1,0
BRF:72
BRH:13
end_of_record
