{"C:\\Proyectos\\DevOps_ProyectoFinal\\backend\\index.js": {"path":"C:\\Proyectos\\DevOps_ProyectoFinal\\backend\\index.js","statementMap":{"0":{"start":{"line":1,"column":16},"end":{"line":1,"column":34}},"1":{"start":{"line":2,"column":13},"end":{"line":2,"column":28}},"2":{"start":{"line":3,"column":11},"end":{"line":3,"column":24}},"3":{"start":{"line":4,"column":19},"end":{"line":4,"column":52}},"4":{"start":{"line":5,"column":33},"end":{"line":5,"column":59}},"5":{"start":{"line":7,"column":12},"end":{"line":7,"column":21}},"6":{"start":{"line":8,"column":13},"end":{"line":8,"column":17}},"7":{"start":{"line":10,"column":21},"end":{"line":10,"column":44}},"8":{"start":{"line":13,"column":2},"end":{"line":21,"column":3}},"9":{"start":{"line":14,"column":16},"end":{"line":14,"column":53}},"10":{"start":{"line":15,"column":4},"end":{"line":15,"column":29}},"11":{"start":{"line":17,"column":4},"end":{"line":19,"column":6}},"12":{"start":{"line":20,"column":4},"end":{"line":20,"column":15}},"13":{"start":{"line":24,"column":0},"end":{"line":24,"column":16}},"14":{"start":{"line":25,"column":0},"end":{"line":25,"column":24}},"15":{"start":{"line":27,"column":0},"end":{"line":27,"column":28}},"16":{"start":{"line":29,"column":0},"end":{"line":31,"column":3}},"17":{"start":{"line":30,"column":2},"end":{"line":30,"column":43}},"18":{"start":{"line":33,"column":0},"end":{"line":35,"column":3}},"19":{"start":{"line":34,"column":2},"end":{"line":34,"column":49}},"20":{"start":{"line":37,"column":0},"end":{"line":44,"column":3}},"21":{"start":{"line":38,"column":2},"end":{"line":43,"column":3}},"22":{"start":{"line":39,"column":19},"end":{"line":39,"column":58}},"23":{"start":{"line":40,"column":4},"end":{"line":40,"column":52}},"24":{"start":{"line":42,"column":4},"end":{"line":42,"column":67}},"25":{"start":{"line":46,"column":0},"end":{"line":52,"column":3}},"26":{"start":{"line":47,"column":18},"end":{"line":47,"column":37}},"27":{"start":{"line":48,"column":2},"end":{"line":51,"column":5}},"28":{"start":{"line":54,"column":0},"end":{"line":58,"column":3}},"29":{"start":{"line":55,"column":2},"end":{"line":55,"column":52}},"30":{"start":{"line":56,"column":2},"end":{"line":56,"column":68}},"31":{"start":{"line":57,"column":2},"end":{"line":57,"column":25}}},"fnMap":{"0":{"name":"getBackendVersion","decl":{"start":{"line":12,"column":9},"end":{"line":12,"column":26}},"loc":{"start":{"line":12,"column":29},"end":{"line":22,"column":1}},"line":12},"1":{"name":"(anonymous_1)","decl":{"start":{"line":29,"column":13},"end":{"line":29,"column":14}},"loc":{"start":{"line":29,"column":27},"end":{"line":31,"column":1}},"line":29},"2":{"name":"(anonymous_2)","decl":{"start":{"line":33,"column":22},"end":{"line":33,"column":23}},"loc":{"start":{"line":33,"column":36},"end":{"line":35,"column":1}},"line":33},"3":{"name":"(anonymous_3)","decl":{"start":{"line":37,"column":27},"end":{"line":37,"column":28}},"loc":{"start":{"line":37,"column":47},"end":{"line":44,"column":1}},"line":37},"4":{"name":"(anonymous_4)","decl":{"start":{"line":46,"column":24},"end":{"line":46,"column":25}},"loc":{"start":{"line":46,"column":38},"end":{"line":52,"column":1}},"line":46},"5":{"name":"(anonymous_5)","decl":{"start":{"line":54,"column":17},"end":{"line":54,"column":18}},"loc":{"start":{"line":54,"column":29},"end":{"line":58,"column":1}},"line":54}},"branchMap":{"0":{"loc":{"start":{"line":15,"column":11},"end":{"line":15,"column":28}},"type":"binary-expr","locations":[{"start":{"line":15,"column":11},"end":{"line":15,"column":21}},{"start":{"line":15,"column":25},"end":{"line":15,"column":28}}],"line":15}},"s":{"0":0,"1":0,"2":0,"3":0,"4":0,"5":0,"6":0,"7":0,"8":0,"9":0,"10":0,"11":0,"12":0,"13":0,"14":0,"15":0,"16":0,"17":0,"18":0,"19":0,"20":0,"21":0,"22":0,"23":0,"24":0,"25":0,"26":0,"27":0,"28":0,"29":0,"30":0,"31":0},"f":{"0":0,"1":0,"2":0,"3":0,"4":0,"5":0},"b":{"0":[0,0]}}
,"C:\\Proyectos\\DevOps_ProyectoFinal\\backend\\controllers\\authController.js": {"path":"C:\\Proyectos\\DevOps_ProyectoFinal\\backend\\controllers\\authController.js","statementMap":{"0":{"start":{"line":1,"column":17},"end":{"line":1,"column":44}},"1":{"start":{"line":2,"column":15},"end":{"line":2,"column":32}},"2":{"start":{"line":4,"column":18},"end":{"line":56,"column":1}},"3":{"start":{"line":5,"column":33},"end":{"line":5,"column":41}},"4":{"start":{"line":7,"column":2},"end":{"line":12,"column":3}},"5":{"start":{"line":8,"column":4},"end":{"line":11,"column":7}},"6":{"start":{"line":14,"column":2},"end":{"line":55,"column":3}},"7":{"start":{"line":15,"column":19},"end":{"line":18,"column":5}},"8":{"start":{"line":20,"column":4},"end":{"line":25,"column":5}},"9":{"start":{"line":21,"column":6},"end":{"line":24,"column":9}},"10":{"start":{"line":27,"column":17},"end":{"line":27,"column":24}},"11":{"start":{"line":28,"column":26},"end":{"line":28,"column":71}},"12":{"start":{"line":30,"column":4},"end":{"line":35,"column":5}},"13":{"start":{"line":31,"column":6},"end":{"line":34,"column":9}},"14":{"start":{"line":37,"column":4},"end":{"line":48,"column":7}},"15":{"start":{"line":50,"column":4},"end":{"line":50,"column":44}},"16":{"start":{"line":51,"column":4},"end":{"line":54,"column":7}},"17":{"start":{"line":58,"column":21},"end":{"line":124,"column":1}},"18":{"start":{"line":59,"column":72},"end":{"line":59,"column":80}},"19":{"start":{"line":61,"column":2},"end":{"line":66,"column":3}},"20":{"start":{"line":62,"column":4},"end":{"line":65,"column":7}},"21":{"start":{"line":68,"column":2},"end":{"line":73,"column":3}},"22":{"start":{"line":69,"column":4},"end":{"line":72,"column":7}},"23":{"start":{"line":75,"column":2},"end":{"line":80,"column":3}},"24":{"start":{"line":76,"column":4},"end":{"line":79,"column":7}},"25":{"start":{"line":82,"column":21},"end":{"line":82,"column":49}},"26":{"start":{"line":83,"column":2},"end":{"line":88,"column":3}},"27":{"start":{"line":84,"column":4},"end":{"line":87,"column":7}},"28":{"start":{"line":90,"column":2},"end":{"line":123,"column":3}},"29":{"start":{"line":91,"column":23},"end":{"line":94,"column":5}},"30":{"start":{"line":96,"column":4},"end":{"line":101,"column":5}},"31":{"start":{"line":97,"column":6},"end":{"line":100,"column":9}},"32":{"start":{"line":103,"column":27},"end":{"line":103,"column":58}},"33":{"start":{"line":105,"column":4},"end":{"line":109,"column":6}},"34":{"start":{"line":111,"column":4},"end":{"line":116,"column":7}},"35":{"start":{"line":118,"column":4},"end":{"line":118,"column":47}},"36":{"start":{"line":119,"column":4},"end":{"line":122,"column":7}},"37":{"start":{"line":126,"column":0},"end":{"line":126,"column":45}}},"fnMap":{"0":{"name":"(anonymous_0)","decl":{"start":{"line":4,"column":18},"end":{"line":4,"column":19}},"loc":{"start":{"line":4,"column":38},"end":{"line":56,"column":1}},"line":4},"1":{"name":"(anonymous_1)","decl":{"start":{"line":58,"column":21},"end":{"line":58,"column":22}},"loc":{"start":{"line":58,"column":41},"end":{"line":124,"column":1}},"line":58}},"branchMap":{"0":{"loc":{"start":{"line":7,"column":2},"end":{"line":12,"column":3}},"type":"if","locations":[{"start":{"line":7,"column":2},"end":{"line":12,"column":3}},{"start":{},"end":{}}],"line":7},"1":{"loc":{"start":{"line":7,"column":6},"end":{"line":7,"column":28}},"type":"binary-expr","locations":[{"start":{"line":7,"column":6},"end":{"line":7,"column":15}},{"start":{"line":7,"column":19},"end":{"line":7,"column":28}}],"line":7},"2":{"loc":{"start":{"line":20,"column":4},"end":{"line":25,"column":5}},"type":"if","locations":[{"start":{"line":20,"column":4},"end":{"line":25,"column":5}},{"start":{},"end":{}}],"line":20},"3":{"loc":{"start":{"line":30,"column":4},"end":{"line":35,"column":5}},"type":"if","locations":[{"start":{"line":30,"column":4},"end":{"line":35,"column":5}},{"start":{},"end":{}}],"line":30},"4":{"loc":{"start":{"line":61,"column":2},"end":{"line":66,"column":3}},"type":"if","locations":[{"start":{"line":61,"column":2},"end":{"line":66,"column":3}},{"start":{},"end":{}}],"line":61},"5":{"loc":{"start":{"line":61,"column":6},"end":{"line":61,"column":70}},"type":"binary-expr","locations":[{"start":{"line":61,"column":6},"end":{"line":61,"column":15}},{"start":{"line":61,"column":19},"end":{"line":61,"column":28}},{"start":{"line":61,"column":32},"end":{"line":61,"column":38}},{"start":{"line":61,"column":42},"end":{"line":61,"column":49}},{"start":{"line":61,"column":53},"end":{"line":61,"column":70}}],"line":61},"6":{"loc":{"start":{"line":68,"column":2},"end":{"line":73,"column":3}},"type":"if","locations":[{"start":{"line":68,"column":2},"end":{"line":73,"column":3}},{"start":{},"end":{}}],"line":68},"7":{"loc":{"start":{"line":75,"column":2},"end":{"line":80,"column":3}},"type":"if","locations":[{"start":{"line":75,"column":2},"end":{"line":80,"column":3}},{"start":{},"end":{}}],"line":75},"8":{"loc":{"start":{"line":83,"column":2},"end":{"line":88,"column":3}},"type":"if","locations":[{"start":{"line":83,"column":2},"end":{"line":88,"column":3}},{"start":{},"end":{}}],"line":83},"9":{"loc":{"start":{"line":96,"column":4},"end":{"line":101,"column":5}},"type":"if","locations":[{"start":{"line":96,"column":4},"end":{"line":101,"column":5}},{"start":{},"end":{}}],"line":96},"10":{"loc":{"start":{"line":108,"column":66},"end":{"line":108,"column":82}},"type":"binary-expr","locations":[{"start":{"line":108,"column":66},"end":{"line":108,"column":70}},{"start":{"line":108,"column":74},"end":{"line":108,"column":82}}],"line":108}},"s":{"0":1,"1":1,"2":1,"3":5,"4":5,"5":1,"6":4,"7":4,"8":4,"9":1,"10":3,"11":3,"12":3,"13":1,"14":2,"15":0,"16":0,"17":1,"18":6,"19":6,"20":1,"21":5,"22":1,"23":4,"24":0,"25":4,"26":4,"27":1,"28":3,"29":3,"30":2,"31":1,"32":1,"33":1,"34":1,"35":1,"36":1,"37":1},"f":{"0":5,"1":6},"b":{"0":[1,4],"1":[5,5],"2":[1,3],"3":[1,2],"4":[1,5],"5":[6,6,5,5,5],"6":[1,4],"7":[0,4],"8":[1,3],"9":[1,1],"10":[1,0]},"_coverageSchema":"1a1c01bbd47fc00a2c39e90264f33305004495a9","hash":"32b894a2b384f79ededb763f0049f06d90ef4ea0"}
,"C:\\Proyectos\\DevOps_ProyectoFinal\\backend\\db\\dbMySql.js": {"path":"C:\\Proyectos\\DevOps_ProyectoFinal\\backend\\db\\dbMySql.js","statementMap":{"0":{"start":{"line":2,"column":14},"end":{"line":2,"column":39}},"1":{"start":{"line":3,"column":0},"end":{"line":3,"column":27}},"2":{"start":{"line":5,"column":13},"end":{"line":13,"column":2}},"3":{"start":{"line":16,"column":2},"end":{"line":21,"column":3}},"4":{"start":{"line":17,"column":19},"end":{"line":17,"column":58}},"5":{"start":{"line":18,"column":4},"end":{"line":18,"column":62}},"6":{"start":{"line":20,"column":4},"end":{"line":20,"column":49}},"7":{"start":{"line":24,"column":0},"end":{"line":24,"column":42}}},"fnMap":{"0":{"name":"testConnection","decl":{"start":{"line":15,"column":15},"end":{"line":15,"column":29}},"loc":{"start":{"line":15,"column":32},"end":{"line":22,"column":1}},"line":15}},"branchMap":{"0":{"loc":{"start":{"line":7,"column":8},"end":{"line":7,"column":35}},"type":"binary-expr","locations":[{"start":{"line":7,"column":8},"end":{"line":7,"column":27}},{"start":{"line":7,"column":31},"end":{"line":7,"column":35}}],"line":7}},"s":{"0":0,"1":0,"2":0,"3":0,"4":0,"5":0,"6":0,"7":0},"f":{"0":0},"b":{"0":[0,0]}}
,"C:\\Proyectos\\DevOps_ProyectoFinal\\backend\\db\\test-db.js": {"path":"C:\\Proyectos\\DevOps_ProyectoFinal\\backend\\db\\test-db.js","statementMap":{"0":{"start":{"line":1,"column":33},"end":{"line":1,"column":56}},"1":{"start":{"line":4,"column":2},"end":{"line":4,"column":57}},"2":{"start":{"line":6,"column":2},"end":{"line":24,"column":3}},"3":{"start":{"line":7,"column":4},"end":{"line":7,"column":27}},"4":{"start":{"line":9,"column":4},"end":{"line":9,"column":56}},"5":{"start":{"line":10,"column":19},"end":{"line":10,"column":66}},"6":{"start":{"line":11,"column":4},"end":{"line":11,"column":36}},"7":{"start":{"line":13,"column":4},"end":{"line":13,"column":53}},"8":{"start":{"line":14,"column":22},"end":{"line":14,"column":56}},"9":{"start":{"line":15,"column":4},"end":{"line":15,"column":47}},"10":{"start":{"line":16,"column":4},"end":{"line":18,"column":7}},"11":{"start":{"line":17,"column":6},"end":{"line":17,"column":50}},"12":{"start":{"line":21,"column":4},"end":{"line":21,"column":53}},"13":{"start":{"line":23,"column":4},"end":{"line":23,"column":19}},"14":{"start":{"line":27,"column":0},"end":{"line":27,"column":15}}},"fnMap":{"0":{"name":"testDatabase","decl":{"start":{"line":3,"column":15},"end":{"line":3,"column":27}},"loc":{"start":{"line":3,"column":30},"end":{"line":25,"column":1}},"line":3},"1":{"name":"(anonymous_1)","decl":{"start":{"line":16,"column":20},"end":{"line":16,"column":21}},"loc":{"start":{"line":16,"column":27},"end":{"line":18,"column":5}},"line":16}},"branchMap":{},"s":{"0":0,"1":0,"2":0,"3":0,"4":0,"5":0,"6":0,"7":0,"8":0,"9":0,"10":0,"11":0,"12":0,"13":0,"14":0},"f":{"0":0,"1":0},"b":{}}
,"C:\\Proyectos\\DevOps_ProyectoFinal\\backend\\middleware\\authMiddleware.js": {"path":"C:\\Proyectos\\DevOps_ProyectoFinal\\backend\\middleware\\authMiddleware.js","statementMap":{"0":{"start":{"line":1,"column":12},"end":{"line":1,"column":35}},"1":{"start":{"line":3,"column":20},"end":{"line":29,"column":1}},"2":{"start":{"line":4,"column":14},"end":{"line":4,"column":18}},"3":{"start":{"line":7,"column":2},"end":{"line":13,"column":3}},"4":{"start":{"line":8,"column":4},"end":{"line":8,"column":52}},"5":{"start":{"line":11,"column":7},"end":{"line":13,"column":3}},"6":{"start":{"line":12,"column":4},"end":{"line":12,"column":30}},"7":{"start":{"line":15,"column":2},"end":{"line":17,"column":3}},"8":{"start":{"line":16,"column":4},"end":{"line":16,"column":71}},"9":{"start":{"line":19,"column":2},"end":{"line":28,"column":3}},"10":{"start":{"line":20,"column":20},"end":{"line":20,"column":61}},"11":{"start":{"line":21,"column":4},"end":{"line":21,"column":23}},"12":{"start":{"line":22,"column":4},"end":{"line":22,"column":11}},"13":{"start":{"line":24,"column":4},"end":{"line":26,"column":5}},"14":{"start":{"line":25,"column":6},"end":{"line":25,"column":65}},"15":{"start":{"line":27,"column":4},"end":{"line":27,"column":63}},"16":{"start":{"line":31,"column":18},"end":{"line":47,"column":1}},"17":{"start":{"line":32,"column":2},"end":{"line":46,"column":4}},"18":{"start":{"line":33,"column":4},"end":{"line":35,"column":5}},"19":{"start":{"line":34,"column":6},"end":{"line":34,"column":73}},"20":{"start":{"line":37,"column":23},"end":{"line":37,"column":61}},"21":{"start":{"line":38,"column":21},"end":{"line":38,"column":48}},"22":{"start":{"line":39,"column":20},"end":{"line":39,"column":76}},"23":{"start":{"line":39,"column":44},"end":{"line":39,"column":75}},"24":{"start":{"line":41,"column":4},"end":{"line":43,"column":5}},"25":{"start":{"line":42,"column":6},"end":{"line":42,"column":97}},"26":{"start":{"line":45,"column":4},"end":{"line":45,"column":11}},"27":{"start":{"line":49,"column":24},"end":{"line":54,"column":1}},"28":{"start":{"line":50,"column":2},"end":{"line":52,"column":3}},"29":{"start":{"line":51,"column":4},"end":{"line":51,"column":85}},"30":{"start":{"line":53,"column":2},"end":{"line":53,"column":9}},"31":{"start":{"line":56,"column":0},"end":{"line":60,"column":2}}},"fnMap":{"0":{"name":"(anonymous_0)","decl":{"start":{"line":3,"column":20},"end":{"line":3,"column":21}},"loc":{"start":{"line":3,"column":40},"end":{"line":29,"column":1}},"line":3},"1":{"name":"(anonymous_1)","decl":{"start":{"line":31,"column":18},"end":{"line":31,"column":19}},"loc":{"start":{"line":31,"column":29},"end":{"line":47,"column":1}},"line":31},"2":{"name":"(anonymous_2)","decl":{"start":{"line":32,"column":9},"end":{"line":32,"column":10}},"loc":{"start":{"line":32,"column":29},"end":{"line":46,"column":3}},"line":32},"3":{"name":"(anonymous_3)","decl":{"start":{"line":39,"column":36},"end":{"line":39,"column":37}},"loc":{"start":{"line":39,"column":44},"end":{"line":39,"column":75}},"line":39},"4":{"name":"(anonymous_4)","decl":{"start":{"line":49,"column":24},"end":{"line":49,"column":25}},"loc":{"start":{"line":49,"column":44},"end":{"line":54,"column":1}},"line":49}},"branchMap":{"0":{"loc":{"start":{"line":7,"column":2},"end":{"line":13,"column":3}},"type":"if","locations":[{"start":{"line":7,"column":2},"end":{"line":13,"column":3}},{"start":{"line":11,"column":7},"end":{"line":13,"column":3}}],"line":7},"1":{"loc":{"start":{"line":7,"column":6},"end":{"line":7,"column":81}},"type":"binary-expr","locations":[{"start":{"line":7,"column":6},"end":{"line":7,"column":31}},{"start":{"line":7,"column":35},"end":{"line":7,"column":81}}],"line":7},"2":{"loc":{"start":{"line":11,"column":7},"end":{"line":13,"column":3}},"type":"if","locations":[{"start":{"line":11,"column":7},"end":{"line":13,"column":3}},{"start":{},"end":{}}],"line":11},"3":{"loc":{"start":{"line":11,"column":11},"end":{"line":11,"column":43}},"type":"binary-expr","locations":[{"start":{"line":11,"column":11},"end":{"line":11,"column":22}},{"start":{"line":11,"column":26},"end":{"line":11,"column":43}}],"line":11},"4":{"loc":{"start":{"line":15,"column":2},"end":{"line":17,"column":3}},"type":"if","locations":[{"start":{"line":15,"column":2},"end":{"line":17,"column":3}},{"start":{},"end":{}}],"line":15},"5":{"loc":{"start":{"line":24,"column":4},"end":{"line":26,"column":5}},"type":"if","locations":[{"start":{"line":24,"column":4},"end":{"line":26,"column":5}},{"start":{},"end":{}}],"line":24},"6":{"loc":{"start":{"line":33,"column":4},"end":{"line":35,"column":5}},"type":"if","locations":[{"start":{"line":33,"column":4},"end":{"line":35,"column":5}},{"start":{},"end":{}}],"line":33},"7":{"loc":{"start":{"line":37,"column":23},"end":{"line":37,"column":61}},"type":"cond-expr","locations":[{"start":{"line":37,"column":46},"end":{"line":37,"column":51}},{"start":{"line":37,"column":54},"end":{"line":37,"column":61}}],"line":37},"8":{"loc":{"start":{"line":41,"column":4},"end":{"line":43,"column":5}},"type":"if","locations":[{"start":{"line":41,"column":4},"end":{"line":43,"column":5}},{"start":{},"end":{}}],"line":41},"9":{"loc":{"start":{"line":50,"column":2},"end":{"line":52,"column":3}},"type":"if","locations":[{"start":{"line":50,"column":2},"end":{"line":52,"column":3}},{"start":{},"end":{}}],"line":50}},"s":{"0":1,"1":1,"2":5,"3":5,"4":3,"5":2,"6":1,"7":5,"8":1,"9":4,"10":4,"11":2,"12":2,"13":2,"14":1,"15":1,"16":1,"17":3,"18":3,"19":1,"20":2,"21":2,"22":2,"23":3,"24":2,"25":1,"26":1,"27":1,"28":2,"29":1,"30":1,"31":1},"f":{"0":5,"1":3,"2":3,"3":3,"4":2},"b":{"0":[3,2],"1":[5,3],"2":[1,1],"3":[2,2],"4":[1,4],"5":[1,1],"6":[1,2],"7":[2,0],"8":[1,1],"9":[1,1]},"_coverageSchema":"1a1c01bbd47fc00a2c39e90264f33305004495a9","hash":"0ec8671ee714d5c3791a8fffabe45fec29416e19"}
,"C:\\Proyectos\\DevOps_ProyectoFinal\\backend\\routes\\authRoutes.js": {"path":"C:\\Proyectos\\DevOps_ProyectoFinal\\backend\\routes\\authRoutes.js","statementMap":{"0":{"start":{"line":1,"column":16},"end":{"line":1,"column":34}},"1":{"start":{"line":2,"column":36},"end":{"line":2,"column":79}},"2":{"start":{"line":4,"column":15},"end":{"line":4,"column":31}},"3":{"start":{"line":6,"column":0},"end":{"line":6,"column":33}},"4":{"start":{"line":7,"column":0},"end":{"line":7,"column":39}},"5":{"start":{"line":9,"column":0},"end":{"line":9,"column":24}}},"fnMap":{},"branchMap":{},"s":{"0":0,"1":0,"2":0,"3":0,"4":0,"5":0},"f":{},"b":{}}
,"C:\\Proyectos\\DevOps_ProyectoFinal\\backend\\tests\\integration\\auth.integration.test.js": {"path":"C:\\Proyectos\\DevOps_ProyectoFinal\\backend\\tests\\integration\\auth.integration.test.js","statementMap":{"0":{"start":{"line":1,"column":16},"end":{"line":1,"column":36}},"1":{"start":{"line":2,"column":14},"end":{"line":2,"column":39}},"2":{"start":{"line":4,"column":0},"end":{"line":194,"column":3}},"3":{"start":{"line":11,"column":2},"end":{"line":31,"column":5}},"4":{"start":{"line":13,"column":4},"end":{"line":18,"column":7}},"5":{"start":{"line":21,"column":4},"end":{"line":21,"column":33}},"6":{"start":{"line":24,"column":19},"end":{"line":24,"column":36}},"7":{"start":{"line":25,"column":27},"end":{"line":25,"column":68}},"8":{"start":{"line":26,"column":21},"end":{"line":29,"column":5}},"9":{"start":{"line":30,"column":4},"end":{"line":30,"column":33}},"10":{"start":{"line":33,"column":2},"end":{"line":40,"column":5}},"11":{"start":{"line":34,"column":4},"end":{"line":36,"column":5}},"12":{"start":{"line":35,"column":6},"end":{"line":35,"column":80}},"13":{"start":{"line":37,"column":4},"end":{"line":39,"column":5}},"14":{"start":{"line":38,"column":6},"end":{"line":38,"column":29}},"15":{"start":{"line":42,"column":2},"end":{"line":84,"column":5}},"16":{"start":{"line":44,"column":4},"end":{"line":64,"column":7}},"17":{"start":{"line":45,"column":22},"end":{"line":51,"column":7}},"18":{"start":{"line":53,"column":23},"end":{"line":57,"column":20}},"19":{"start":{"line":59,"column":6},"end":{"line":59,"column":54}},"20":{"start":{"line":60,"column":6},"end":{"line":60,"column":53}},"21":{"start":{"line":61,"column":6},"end":{"line":61,"column":54}},"22":{"start":{"line":63,"column":6},"end":{"line":63,"column":92}},"23":{"start":{"line":66,"column":4},"end":{"line":83,"column":7}},"24":{"start":{"line":67,"column":28},"end":{"line":73,"column":7}},"25":{"start":{"line":75,"column":23},"end":{"line":79,"column":20}},"26":{"start":{"line":81,"column":6},"end":{"line":81,"column":54}},"27":{"start":{"line":82,"column":6},"end":{"line":82,"column":58}},"28":{"start":{"line":86,"column":2},"end":{"line":124,"column":5}},"29":{"start":{"line":88,"column":4},"end":{"line":107,"column":7}},"30":{"start":{"line":89,"column":26},"end":{"line":92,"column":7}},"31":{"start":{"line":94,"column":23},"end":{"line":98,"column":20}},"32":{"start":{"line":100,"column":6},"end":{"line":100,"column":52}},"33":{"start":{"line":101,"column":6},"end":{"line":101,"column":51}},"34":{"start":{"line":102,"column":6},"end":{"line":102,"column":54}},"35":{"start":{"line":103,"column":6},"end":{"line":103,"column":79}},"36":{"start":{"line":104,"column":6},"end":{"line":104,"column":64}},"37":{"start":{"line":106,"column":6},"end":{"line":106,"column":38}},"38":{"start":{"line":109,"column":4},"end":{"line":123,"column":7}},"39":{"start":{"line":110,"column":31},"end":{"line":113,"column":7}},"40":{"start":{"line":115,"column":23},"end":{"line":119,"column":20}},"41":{"start":{"line":121,"column":6},"end":{"line":121,"column":54}},"42":{"start":{"line":122,"column":6},"end":{"line":122,"column":61}},"43":{"start":{"line":126,"column":2},"end":{"line":148,"column":5}},"44":{"start":{"line":128,"column":4},"end":{"line":138,"column":7}},"45":{"start":{"line":129,"column":23},"end":{"line":133,"column":20}},"46":{"start":{"line":135,"column":6},"end":{"line":135,"column":49}},"47":{"start":{"line":136,"column":6},"end":{"line":136,"column":74}},"48":{"start":{"line":137,"column":6},"end":{"line":137,"column":59}},"49":{"start":{"line":140,"column":4},"end":{"line":147,"column":7}},"50":{"start":{"line":141,"column":23},"end":{"line":144,"column":20}},"51":{"start":{"line":146,"column":6},"end":{"line":146,"column":54}},"52":{"start":{"line":150,"column":2},"end":{"line":193,"column":5}},"53":{"start":{"line":152,"column":4},"end":{"line":192,"column":7}},"54":{"start":{"line":153,"column":22},"end":{"line":159,"column":7}},"55":{"start":{"line":161,"column":31},"end":{"line":164,"column":20}},"56":{"start":{"line":166,"column":6},"end":{"line":166,"column":61}},"57":{"start":{"line":168,"column":28},"end":{"line":174,"column":20}},"58":{"start":{"line":176,"column":6},"end":{"line":176,"column":57}},"59":{"start":{"line":177,"column":20},"end":{"line":177,"column":44}},"60":{"start":{"line":179,"column":30},"end":{"line":182,"column":20}},"61":{"start":{"line":184,"column":6},"end":{"line":184,"column":67}},"62":{"start":{"line":186,"column":29},"end":{"line":189,"column":20}},"63":{"start":{"line":191,"column":6},"end":{"line":191,"column":92}}},"fnMap":{"0":{"name":"(anonymous_0)","decl":{"start":{"line":4,"column":46},"end":{"line":4,"column":47}},"loc":{"start":{"line":4,"column":52},"end":{"line":194,"column":1}},"line":4},"1":{"name":"(anonymous_1)","decl":{"start":{"line":11,"column":12},"end":{"line":11,"column":13}},"loc":{"start":{"line":11,"column":24},"end":{"line":31,"column":3}},"line":11},"2":{"name":"(anonymous_2)","decl":{"start":{"line":33,"column":11},"end":{"line":33,"column":12}},"loc":{"start":{"line":33,"column":23},"end":{"line":40,"column":3}},"line":33},"3":{"name":"(anonymous_3)","decl":{"start":{"line":42,"column":38},"end":{"line":42,"column":39}},"loc":{"start":{"line":42,"column":44},"end":{"line":84,"column":3}},"line":42},"4":{"name":"(anonymous_4)","decl":{"start":{"line":44,"column":57},"end":{"line":44,"column":58}},"loc":{"start":{"line":44,"column":69},"end":{"line":64,"column":5}},"line":44},"5":{"name":"(anonymous_5)","decl":{"start":{"line":66,"column":55},"end":{"line":66,"column":56}},"loc":{"start":{"line":66,"column":67},"end":{"line":83,"column":5}},"line":66},"6":{"name":"(anonymous_6)","decl":{"start":{"line":86,"column":35},"end":{"line":86,"column":36}},"loc":{"start":{"line":86,"column":41},"end":{"line":124,"column":3}},"line":86},"7":{"name":"(anonymous_7)","decl":{"start":{"line":88,"column":63},"end":{"line":88,"column":64}},"loc":{"start":{"line":88,"column":75},"end":{"line":107,"column":5}},"line":88},"8":{"name":"(anonymous_8)","decl":{"start":{"line":109,"column":58},"end":{"line":109,"column":59}},"loc":{"start":{"line":109,"column":70},"end":{"line":123,"column":5}},"line":109},"9":{"name":"(anonymous_9)","decl":{"start":{"line":126,"column":36},"end":{"line":126,"column":37}},"loc":{"start":{"line":126,"column":42},"end":{"line":148,"column":3}},"line":126},"10":{"name":"(anonymous_10)","decl":{"start":{"line":128,"column":56},"end":{"line":128,"column":57}},"loc":{"start":{"line":128,"column":68},"end":{"line":138,"column":5}},"line":128},"11":{"name":"(anonymous_11)","decl":{"start":{"line":140,"column":43},"end":{"line":140,"column":44}},"loc":{"start":{"line":140,"column":55},"end":{"line":147,"column":5}},"line":140},"12":{"name":"(anonymous_12)","decl":{"start":{"line":150,"column":46},"end":{"line":150,"column":47}},"loc":{"start":{"line":150,"column":52},"end":{"line":193,"column":3}},"line":150},"13":{"name":"(anonymous_13)","decl":{"start":{"line":152,"column":69},"end":{"line":152,"column":70}},"loc":{"start":{"line":152,"column":81},"end":{"line":192,"column":5}},"line":152}},"branchMap":{"0":{"loc":{"start":{"line":14,"column":12},"end":{"line":14,"column":46}},"type":"binary-expr","locations":[{"start":{"line":14,"column":12},"end":{"line":14,"column":31}},{"start":{"line":14,"column":35},"end":{"line":14,"column":46}}],"line":14},"1":{"loc":{"start":{"line":15,"column":12},"end":{"line":15,"column":41}},"type":"binary-expr","locations":[{"start":{"line":15,"column":12},"end":{"line":15,"column":31}},{"start":{"line":15,"column":35},"end":{"line":15,"column":41}}],"line":15},"2":{"loc":{"start":{"line":16,"column":16},"end":{"line":16,"column":45}},"type":"binary-expr","locations":[{"start":{"line":16,"column":16},"end":{"line":16,"column":39}},{"start":{"line":16,"column":43},"end":{"line":16,"column":45}}],"line":16},"3":{"loc":{"start":{"line":17,"column":16},"end":{"line":17,"column":52}},"type":"binary-expr","locations":[{"start":{"line":17,"column":16},"end":{"line":17,"column":35}},{"start":{"line":17,"column":39},"end":{"line":17,"column":52}}],"line":17},"4":{"loc":{"start":{"line":34,"column":4},"end":{"line":36,"column":5}},"type":"if","locations":[{"start":{"line":34,"column":4},"end":{"line":36,"column":5}},{"start":{},"end":{}}],"line":34},"5":{"loc":{"start":{"line":37,"column":4},"end":{"line":39,"column":5}},"type":"if","locations":[{"start":{"line":37,"column":4},"end":{"line":39,"column":5}},{"start":{},"end":{}}],"line":37}},"s":{"0":0,"1":0,"2":0,"3":0,"4":0,"5":0,"6":0,"7":0,"8":0,"9":0,"10":0,"11":0,"12":0,"13":0,"14":0,"15":0,"16":0,"17":0,"18":0,"19":0,"20":0,"21":0,"22":0,"23":0,"24":0,"25":0,"26":0,"27":0,"28":0,"29":0,"30":0,"31":0,"32":0,"33":0,"34":0,"35":0,"36":0,"37":0,"38":0,"39":0,"40":0,"41":0,"42":0,"43":0,"44":0,"45":0,"46":0,"47":0,"48":0,"49":0,"50":0,"51":0,"52":0,"53":0,"54":0,"55":0,"56":0,"57":0,"58":0,"59":0,"60":0,"61":0,"62":0,"63":0},"f":{"0":0,"1":0,"2":0,"3":0,"4":0,"5":0,"6":0,"7":0,"8":0,"9":0,"10":0,"11":0,"12":0,"13":0},"b":{"0":[0,0],"1":[0,0],"2":[0,0],"3":[0,0],"4":[0,0],"5":[0,0]}}
}
