TN:
SF:controllers/authController.js
FN:4,(anonymous_0)
FN:58,(anonymous_1)
FNF:2
FNH:0
FNDA:0,(anonymous_0)
FNDA:0,(anonymous_1)
DA:1,0
DA:2,0
DA:4,0
DA:5,0
DA:7,0
DA:8,0
DA:14,0
DA:15,0
DA:20,0
DA:21,0
DA:27,0
DA:28,0
DA:30,0
DA:31,0
DA:37,0
DA:50,0
DA:51,0
DA:58,0
DA:59,0
DA:61,0
DA:62,0
DA:68,0
DA:69,0
DA:75,0
DA:76,0
DA:82,0
DA:83,0
DA:84,0
DA:90,0
DA:91,0
DA:96,0
DA:97,0
DA:103,0
DA:105,0
DA:111,0
DA:118,0
DA:119,0
DA:126,0
LF:38
LH:0
BRDA:7,0,0,0
BRDA:7,0,1,0
BRDA:7,1,0,0
BRDA:7,1,1,0
BRDA:20,2,0,0
BRDA:20,2,1,0
BRDA:30,3,0,0
BRDA:30,3,1,0
BRDA:61,4,0,0
BRDA:61,4,1,0
BRDA:61,5,0,0
BRDA:61,5,1,0
BRDA:61,5,2,0
BRDA:61,5,3,0
BRDA:61,5,4,0
BRDA:68,6,0,0
BRDA:68,6,1,0
BRDA:75,7,0,0
BRDA:75,7,1,0
BRDA:83,8,0,0
BRDA:83,8,1,0
BRDA:96,9,0,0
BRDA:96,9,1,0
BRDA:108,10,0,0
BRDA:108,10,1,0
BRF:25
BRH:0
end_of_record
TN:
SF:controllers/authGoogleController.js
FN:7,loginWithGoogle
FNF:1
FNH:0
FNDA:0,loginWithGoogle
DA:2,0
DA:3,0
DA:5,0
DA:8,0
DA:9,0
DA:11,0
DA:12,0
DA:17,0
DA:22,0
DA:23,0
DA:25,0
DA:33,0
DA:39,0
DA:45,0
DA:46,0
DA:52,0
LF:16
LH:0
BRDA:11,0,0,0
BRDA:11,0,1,0
BRF:2
BRH:0
end_of_record
TN:
SF:db/dbMySql.js
FN:15,testConnection
FNF:1
FNH:0
FNDA:0,testConnection
DA:2,0
DA:3,0
DA:5,0
DA:16,0
DA:17,0
DA:18,0
DA:20,0
DA:24,0
LF:8
LH:0
BRDA:7,0,0,0
BRDA:7,0,1,0
BRF:2
BRH:0
end_of_record
TN:
SF:middleware/authMiddleware.js
FN:3,(anonymous_0)
FN:31,(anonymous_1)
FN:32,(anonymous_2)
FN:39,(anonymous_3)
FN:49,(anonymous_4)
FNF:5
FNH:5
FNDA:5,(anonymous_0)
FNDA:3,(anonymous_1)
FNDA:3,(anonymous_2)
FNDA:3,(anonymous_3)
FNDA:2,(anonymous_4)
DA:1,1
DA:3,1
DA:4,5
DA:7,5
DA:8,3
DA:11,2
DA:12,1
DA:15,5
DA:16,1
DA:19,4
DA:20,4
DA:21,2
DA:22,2
DA:24,2
DA:25,1
DA:27,1
DA:31,1
DA:32,3
DA:33,3
DA:34,1
DA:37,2
DA:38,2
DA:39,3
DA:41,2
DA:42,1
DA:45,1
DA:49,1
DA:50,2
DA:51,1
DA:53,1
DA:56,1
LF:31
LH:31
BRDA:7,0,0,3
BRDA:7,0,1,2
BRDA:7,1,0,5
BRDA:7,1,1,3
BRDA:11,2,0,1
BRDA:11,2,1,1
BRDA:11,3,0,2
BRDA:11,3,1,2
BRDA:15,4,0,1
BRDA:15,4,1,4
BRDA:24,5,0,1
BRDA:24,5,1,1
BRDA:33,6,0,1
BRDA:33,6,1,2
BRDA:37,7,0,2
BRDA:37,7,1,0
BRDA:41,8,0,1
BRDA:41,8,1,1
BRDA:50,9,0,1
BRDA:50,9,1,1
BRF:20
BRH:19
end_of_record
TN:
SF:routes/authRoutes.js
FNF:0
FNH:0
DA:1,0
DA:2,0
DA:4,0
DA:6,0
DA:7,0
DA:9,0
LF:6
LH:0
BRF:0
BRH:0
end_of_record
TN:
SF:routes/googleAuthRoutes.js
FNF:0
FNH:0
DA:2,0
DA:3,0
DA:5,0
DA:8,0
DA:10,0
LF:5
LH:0
BRF:0
BRH:0
end_of_record
