TN:
SF:index.js
FN:12,getBackendVersion
FN:29,(anonymous_1)
FN:33,(anonymous_2)
FN:37,(anonymous_3)
FN:46,(anonymous_4)
FN:54,(anonymous_5)
FNF:6
FNH:0
FNDA:0,getBackendVersion
FNDA:0,(anonymous_1)
FNDA:0,(anonymous_2)
FNDA:0,(anonymous_3)
FNDA:0,(anonymous_4)
FNDA:0,(anonymous_5)
DA:1,0
DA:2,0
DA:3,0
DA:4,0
DA:5,0
DA:7,0
DA:8,0
DA:10,0
DA:13,0
DA:14,0
DA:15,0
DA:17,0
DA:20,0
DA:24,0
DA:25,0
DA:27,0
DA:29,0
DA:30,0
DA:33,0
DA:34,0
DA:37,0
DA:38,0
DA:39,0
DA:40,0
DA:42,0
DA:46,0
DA:47,0
DA:48,0
DA:54,0
DA:55,0
DA:56,0
DA:57,0
LF:32
LH:0
BRDA:15,0,0,0
BRDA:15,0,1,0
BRF:2
BRH:0
end_of_record
TN:
SF:controllers\authController.js
FN:4,(anonymous_0)
FN:58,(anonymous_1)
FNF:2
FNH:2
FNDA:5,(anonymous_0)
FNDA:6,(anonymous_1)
DA:1,1
DA:2,1
DA:4,1
DA:5,5
DA:7,5
DA:8,1
DA:14,4
DA:15,4
DA:20,4
DA:21,1
DA:27,3
DA:28,3
DA:30,3
DA:31,1
DA:37,2
DA:50,0
DA:51,0
DA:58,1
DA:59,6
DA:61,6
DA:62,1
DA:68,5
DA:69,1
DA:75,4
DA:76,0
DA:82,4
DA:83,4
DA:84,1
DA:90,3
DA:91,3
DA:96,2
DA:97,1
DA:103,1
DA:105,1
DA:111,1
DA:118,1
DA:119,1
DA:126,1
LF:38
LH:35
BRDA:7,0,0,1
BRDA:7,0,1,4
BRDA:7,1,0,5
BRDA:7,1,1,5
BRDA:20,2,0,1
BRDA:20,2,1,3
BRDA:30,3,0,1
BRDA:30,3,1,2
BRDA:61,4,0,1
BRDA:61,4,1,5
BRDA:61,5,0,6
BRDA:61,5,1,6
BRDA:61,5,2,5
BRDA:61,5,3,5
BRDA:61,5,4,5
BRDA:68,6,0,1
BRDA:68,6,1,4
BRDA:75,7,0,0
BRDA:75,7,1,4
BRDA:83,8,0,1
BRDA:83,8,1,3
BRDA:96,9,0,1
BRDA:96,9,1,1
BRDA:108,10,0,1
BRDA:108,10,1,0
BRF:25
BRH:23
end_of_record
TN:
SF:db\dbMySql.js
FN:15,testConnection
FNF:1
FNH:0
FNDA:0,testConnection
DA:2,0
DA:3,0
DA:5,0
DA:16,0
DA:17,0
DA:18,0
DA:20,0
DA:24,0
LF:8
LH:0
BRDA:7,0,0,0
BRDA:7,0,1,0
BRF:2
BRH:0
end_of_record
TN:
SF:db\test-db.js
FN:3,testDatabase
FN:16,(anonymous_1)
FNF:2
FNH:0
FNDA:0,testDatabase
FNDA:0,(anonymous_1)
DA:1,0
DA:4,0
DA:6,0
DA:7,0
DA:9,0
DA:10,0
DA:11,0
DA:13,0
DA:14,0
DA:15,0
DA:16,0
DA:17,0
DA:21,0
DA:23,0
DA:27,0
LF:15
LH:0
BRF:0
BRH:0
end_of_record
TN:
SF:middleware\authMiddleware.js
FN:3,(anonymous_0)
FN:31,(anonymous_1)
FN:32,(anonymous_2)
FN:39,(anonymous_3)
FN:49,(anonymous_4)
FNF:5
FNH:5
FNDA:5,(anonymous_0)
FNDA:3,(anonymous_1)
FNDA:3,(anonymous_2)
FNDA:3,(anonymous_3)
FNDA:2,(anonymous_4)
DA:1,1
DA:3,1
DA:4,5
DA:7,5
DA:8,3
DA:11,2
DA:12,1
DA:15,5
DA:16,1
DA:19,4
DA:20,4
DA:21,2
DA:22,2
DA:24,2
DA:25,1
DA:27,1
DA:31,1
DA:32,3
DA:33,3
DA:34,1
DA:37,2
DA:38,2
DA:39,3
DA:41,2
DA:42,1
DA:45,1
DA:49,1
DA:50,2
DA:51,1
DA:53,1
DA:56,1
LF:31
LH:31
BRDA:7,0,0,3
BRDA:7,0,1,2
BRDA:7,1,0,5
BRDA:7,1,1,3
BRDA:11,2,0,1
BRDA:11,2,1,1
BRDA:11,3,0,2
BRDA:11,3,1,2
BRDA:15,4,0,1
BRDA:15,4,1,4
BRDA:24,5,0,1
BRDA:24,5,1,1
BRDA:33,6,0,1
BRDA:33,6,1,2
BRDA:37,7,0,2
BRDA:37,7,1,0
BRDA:41,8,0,1
BRDA:41,8,1,1
BRDA:50,9,0,1
BRDA:50,9,1,1
BRF:20
BRH:19
end_of_record
TN:
SF:routes\authRoutes.js
FNF:0
FNH:0
DA:1,0
DA:2,0
DA:4,0
DA:6,0
DA:7,0
DA:9,0
LF:6
LH:0
BRF:0
BRH:0
end_of_record
TN:
SF:tests\integration\auth.integration.test.js
FN:4,(anonymous_0)
FN:11,(anonymous_1)
FN:33,(anonymous_2)
FN:42,(anonymous_3)
FN:44,(anonymous_4)
FN:66,(anonymous_5)
FN:86,(anonymous_6)
FN:88,(anonymous_7)
FN:109,(anonymous_8)
FN:126,(anonymous_9)
FN:128,(anonymous_10)
FN:140,(anonymous_11)
FN:150,(anonymous_12)
FN:152,(anonymous_13)
FNF:14
FNH:0
FNDA:0,(anonymous_0)
FNDA:0,(anonymous_1)
FNDA:0,(anonymous_2)
FNDA:0,(anonymous_3)
FNDA:0,(anonymous_4)
FNDA:0,(anonymous_5)
FNDA:0,(anonymous_6)
FNDA:0,(anonymous_7)
FNDA:0,(anonymous_8)
FNDA:0,(anonymous_9)
FNDA:0,(anonymous_10)
FNDA:0,(anonymous_11)
FNDA:0,(anonymous_12)
FNDA:0,(anonymous_13)
DA:1,0
DA:2,0
DA:4,0
DA:11,0
DA:13,0
DA:21,0
DA:24,0
DA:25,0
DA:26,0
DA:30,0
DA:33,0
DA:34,0
DA:35,0
DA:37,0
DA:38,0
DA:42,0
DA:44,0
DA:45,0
DA:53,0
DA:59,0
DA:60,0
DA:61,0
DA:63,0
DA:66,0
DA:67,0
DA:75,0
DA:81,0
DA:82,0
DA:86,0
DA:88,0
DA:89,0
DA:94,0
DA:100,0
DA:101,0
DA:102,0
DA:103,0
DA:104,0
DA:106,0
DA:109,0
DA:110,0
DA:115,0
DA:121,0
DA:122,0
DA:126,0
DA:128,0
DA:129,0
DA:135,0
DA:136,0
DA:137,0
DA:140,0
DA:141,0
DA:146,0
DA:150,0
DA:152,0
DA:153,0
DA:161,0
DA:166,0
DA:168,0
DA:176,0
DA:177,0
DA:179,0
DA:184,0
DA:186,0
DA:191,0
LF:64
LH:0
BRDA:14,0,0,0
BRDA:14,0,1,0
BRDA:15,1,0,0
BRDA:15,1,1,0
BRDA:16,2,0,0
BRDA:16,2,1,0
BRDA:17,3,0,0
BRDA:17,3,1,0
BRDA:34,4,0,0
BRDA:34,4,1,0
BRDA:37,5,0,0
BRDA:37,5,1,0
BRF:12
BRH:0
end_of_record
